# JRE version: OpenJDK Runtime Environment (8.0_242-b01) (build 1.8.0_242-release-1644-b01)
# Java VM: OpenJDK 64-Bit Server VM (25.242-b01 mixed mode windows-amd64 compressed oops)
Heap:
 PSYoungGen      total 559104K, used 43700K [0x00000000d5580000, 0x0000000100000000, 0x0000000100000000)
  eden space 480256K, 8% used [0x00000000d5580000,0x00000000d7c09560,0x00000000f2a80000)
  from space 78848K, 5% used [0x00000000f2a80000,0x00000000f2ea3b18,0x00000000f7780000)
  to   space 78848K, 0% used [0x00000000fb300000,0x00000000fb300000,0x0000000100000000)
 ParOldGen       total 303616K, used 80724K [0x0000000080000000, 0x0000000092880000, 0x00000000d5580000)
  object space 303616K, 26% used [0x0000000080000000,0x0000000084ed5240,0x0000000092880000)
 Metaspace       used 94653K, capacity 99648K, committed 101400K, reserved 1136640K
  class space    used 12457K, capacity 13381K, committed 13872K, reserved 1048576K
GC Heap History (10 events):
Event: 31.105 GC heap before
{Heap before GC invocations=17 (full 3):
 PSYoungGen      total 387072K, used 368722K [0x00000000d5580000, 0x00000000f2b80000, 0x0000000100000000)
  eden space 346112K, 100% used [0x00000000d5580000,0x00000000ea780000,0x00000000ea780000)
  from space 40960K, 55% used [0x00000000ea780000,0x00000000ebd94ab0,0x00000000ecf80000)
  to   space 40448K, 0% used [0x00000000f0400000,0x00000000f0400000,0x00000000f2b80000)
 ParOldGen       total 187904K, used 85743K [0x0000000080000000, 0x000000008b780000, 0x00000000d5580000)
  object space 187904K, 45% used [0x0000000080000000,0x00000000853bbf68,0x000000008b780000)
 Metaspace       used 88021K, capacity 93702K, committed 93848K, reserved 1130496K
  class space    used 12133K, capacity 13162K, committed 13232K, reserved 1048576K
Event: 31.134 GC heap after
Heap after GC invocations=17 (full 3):
 PSYoungGen      total 432640K, used 40441K [0x00000000d5580000, 0x00000000f3c80000, 0x0000000100000000)
  eden space 392192K, 0% used [0x00000000d5580000,0x00000000d5580000,0x00000000ed480000)
  from space 40448K, 99% used [0x00000000f0400000,0x00000000f2b7e518,0x00000000f2b80000)
  to   space 48640K, 0% used [0x00000000ed480000,0x00000000ed480000,0x00000000f0400000)
 ParOldGen       total 187904K, used 90741K [0x0000000080000000, 0x000000008b780000, 0x00000000d5580000)
  object space 187904K, 48% used [0x0000000080000000,0x000000008589d4f0,0x000000008b780000)
 Metaspace       used 88021K, capacity 93702K, committed 93848K, reserved 1130496K
  class space    used 12133K, capacity 13162K, committed 13232K, reserved 1048576K
}
Event: 32.561 GC heap before
{Heap before GC invocations=18 (full 3):
 PSYoungGen      total 432640K, used 432633K [0x00000000d5580000, 0x00000000f3c80000, 0x0000000100000000)
  eden space 392192K, 100% used [0x00000000d5580000,0x00000000ed480000,0x00000000ed480000)
  from space 40448K, 99% used [0x00000000f0400000,0x00000000f2b7e518,0x00000000f2b80000)
  to   space 48640K, 0% used [0x00000000ed480000,0x00000000ed480000,0x00000000f0400000)
 ParOldGen       total 187904K, used 90741K [0x0000000080000000, 0x000000008b780000, 0x00000000d5580000)
  object space 187904K, 48% used [0x0000000080000000,0x000000008589d4f0,0x000000008b780000)
 Metaspace       used 89154K, capacity 95086K, committed 95256K, reserved 1130496K
  class space    used 12241K, capacity 13338K, committed 13360K, reserved 1048576K
Event: 32.690 GC heap after
Heap after GC invocations=18 (full 3):
 PSYoungGen      total 440832K, used 48609K [0x00000000d5580000, 0x00000000fc900000, 0x0000000100000000)
  eden space 392192K, 0% used [0x00000000d5580000,0x00000000d5580000,0x00000000ed480000)
  from space 48640K, 99% used [0x00000000ed480000,0x00000000f03f8768,0x00000000f0400000)
  to   space 78336K, 0% used [0x00000000f7c80000,0x00000000f7c80000,0x00000000fc900000)
 ParOldGen       total 187904K, used 150754K [0x0000000080000000, 0x000000008b780000, 0x00000000d5580000)
  object space 187904K, 80% used [0x0000000080000000,0x0000000089338bd8,0x000000008b780000)
 Metaspace       used 89154K, capacity 95086K, committed 95256K, reserved 1130496K
  class space    used 12241K, capacity 13338K, committed 13360K, reserved 1048576K
}
Event: 35.789 GC heap before
{Heap before GC invocations=19 (full 3):
 PSYoungGen      total 440832K, used 437568K [0x00000000d5580000, 0x00000000fc900000, 0x0000000100000000)
  eden space 392192K, 99% used [0x00000000d5580000,0x00000000ed157b38,0x00000000ed480000)
  from space 48640K, 99% used [0x00000000ed480000,0x00000000f03f8768,0x00000000f0400000)
  to   space 78336K, 0% used [0x00000000f7c80000,0x00000000f7c80000,0x00000000fc900000)
 ParOldGen       total 187904K, used 150754K [0x0000000080000000, 0x000000008b780000, 0x00000000d5580000)
  object space 187904K, 80% used [0x0000000080000000,0x0000000089338bd8,0x000000008b780000)
 Metaspace       used 92423K, capacity 98430K, committed 98600K, reserved 1134592K
  class space    used 12545K, capacity 13628K, committed 13744K, reserved 1048576K
Event: 35.856 GC heap after
Heap after GC invocations=19 (full 3):
 PSYoungGen      total 553984K, used 44721K [0x00000000d5580000, 0x00000000fc480000, 0x0000000100000000)
  eden space 480256K, 0% used [0x00000000d5580000,0x00000000d5580000,0x00000000f2a80000)
  from space 73728K, 60% used [0x00000000f7c80000,0x00000000fa82c760,0x00000000fc480000)
  to   space 78848K, 0% used [0x00000000f2a80000,0x00000000f2a80000,0x00000000f7780000)
 ParOldGen       total 187904K, used 153932K [0x0000000080000000, 0x000000008b780000, 0x00000000d5580000)
  object space 187904K, 81% used [0x0000000080000000,0x0000000089653340,0x000000008b780000)
 Metaspace       used 92423K, capacity 98430K, committed 98600K, reserved 1134592K
  class space    used 12545K, capacity 13628K, committed 13744K, reserved 1048576K
}
Event: 35.857 GC heap before
{Heap before GC invocations=20 (full 4):
 PSYoungGen      total 553984K, used 44721K [0x00000000d5580000, 0x00000000fc480000, 0x0000000100000000)
  eden space 480256K, 0% used [0x00000000d5580000,0x00000000d5580000,0x00000000f2a80000)
  from space 73728K, 60% used [0x00000000f7c80000,0x00000000fa82c760,0x00000000fc480000)
  to   space 78848K, 0% used [0x00000000f2a80000,0x00000000f2a80000,0x00000000f7780000)
 ParOldGen       total 187904K, used 153932K [0x0000000080000000, 0x000000008b780000, 0x00000000d5580000)
  object space 187904K, 81% used [0x0000000080000000,0x0000000089653340,0x000000008b780000)
 Metaspace       used 92423K, capacity 98430K, committed 98600K, reserved 1134592K
  class space    used 12545K, capacity 13628K, committed 13744K, reserved 1048576K
Event: 36.134 GC heap after
Heap after GC invocations=20 (full 4):
 PSYoungGen      total 553984K, used 0K [0x00000000d5580000, 0x00000000fc480000, 0x0000000100000000)
  eden space 480256K, 0% used [0x00000000d5580000,0x00000000d5580000,0x00000000f2a80000)
  from space 73728K, 0% used [0x00000000f7c80000,0x00000000f7c80000,0x00000000fc480000)
  to   space 78848K, 0% used [0x00000000f2a80000,0x00000000f2a80000,0x00000000f7780000)
 ParOldGen       total 303616K, used 80716K [0x0000000080000000, 0x0000000092880000, 0x00000000d5580000)
  object space 303616K, 26% used [0x0000000080000000,0x0000000084ed3240,0x0000000092880000)
 Metaspace       used 91592K, capacity 96258K, committed 98600K, reserved 1134592K
  class space    used 12258K, capacity 13118K, committed 13744K, reserved 1048576K
}
Event: 225.786 GC heap before
{Heap before GC invocations=21 (full 4):
 PSYoungGen      total 553984K, used 480256K [0x00000000d5580000, 0x00000000fc480000, 0x0000000100000000)
  eden space 480256K, 100% used [0x00000000d5580000,0x00000000f2a80000,0x00000000f2a80000)
  from space 73728K, 0% used [0x00000000f7c80000,0x00000000f7c80000,0x00000000fc480000)
  to   space 78848K, 0% used [0x00000000f2a80000,0x00000000f2a80000,0x00000000f7780000)
 ParOldGen       total 303616K, used 80716K [0x0000000080000000, 0x0000000092880000, 0x00000000d5580000)
  object space 303616K, 26% used [0x0000000080000000,0x0000000084ed3240,0x0000000092880000)
 Metaspace       used 94593K, capacity 99626K, committed 101400K, reserved 1136640K
  class space    used 12456K, capacity 13378K, committed 13872K, reserved 1048576K
Event: 225.795 GC heap after
Heap after GC invocations=21 (full 4):
 PSYoungGen      total 559104K, used 4238K [0x00000000d5580000, 0x0000000100000000, 0x0000000100000000)
  eden space 480256K, 0% used [0x00000000d5580000,0x00000000d5580000,0x00000000f2a80000)
  from space 78848K, 5% used [0x00000000f2a80000,0x00000000f2ea3b18,0x00000000f7780000)
  to   space 78848K, 0% used [0x00000000fb300000,0x00000000fb300000,0x0000000100000000)
 ParOldGen       total 303616K, used 80724K [0x0000000080000000, 0x0000000092880000, 0x00000000d5580000)
  object space 303616K, 26% used [0x0000000080000000,0x0000000084ed5240,0x0000000092880000)
 Metaspace       used 94593K, capacity 99626K, committed 101400K, reserved 1136640K
  class space    used 12456K, capacity 13378K, committed 13872K, reserved 1048576K
}

