# JRE version: OpenJDK Runtime Environment (8.0_242-b01) (build 1.8.0_242-release-1644-b01)
# Java VM: OpenJDK 64-Bit Server VM (25.242-b01 mixed mode windows-amd64 compressed oops)
Heap:
 PSYoungGen      total 339968K, used 254021K [0x00000000d5580000, 0x00000000ed280000, 0x0000000100000000)
  eden space 317952K, 72% used [0x00000000d5580000,0x00000000e3815608,0x00000000e8c00000)
  from space 22016K, 99% used [0x00000000ea580000,0x00000000ebafc028,0x00000000ebb00000)
  to   space 26112K, 0% used [0x00000000e8c00000,0x00000000e8c00000,0x00000000ea580000)
 ParOldGen       total 184320K, used 43233K [0x0000000080000000, 0x000000008b400000, 0x00000000d5580000)
  object space 184320K, 23% used [0x0000000080000000,0x0000000082a384d0,0x000000008b400000)
 Metaspace       used 74668K, capacity 78640K, committed 78872K, reserved 1118208K
  class space    used 10281K, capacity 11000K, committed 11040K, reserved 1048576K
GC Heap History (10 events):
Event: 3.530 GC heap before
{Heap before GC invocations=9 (full 2):
 PSYoungGen      total 206336K, used 10217K [0x00000000d5580000, 0x00000000e8f00000, 0x0000000100000000)
  eden space 193536K, 0% used [0x00000000d5580000,0x00000000d5580000,0x00000000e1280000)
  from space 12800K, 79% used [0x00000000e1280000,0x00000000e1c7a708,0x00000000e1f00000)
  to   space 13312K, 0% used [0x00000000e8200000,0x00000000e8200000,0x00000000e8f00000)
 ParOldGen       total 71168K, used 7633K [0x0000000080000000, 0x0000000084580000, 0x00000000d5580000)
  object space 71168K, 10% used [0x0000000080000000,0x0000000080774790,0x0000000084580000)
 Metaspace       used 34261K, capacity 35412K, committed 35496K, reserved 1079296K
  class space    used 4706K, capacity 5001K, committed 5040K, reserved 1048576K
Event: 3.619 GC heap after
Heap after GC invocations=9 (full 2):
 PSYoungGen      total 206336K, used 0K [0x00000000d5580000, 0x00000000e8f00000, 0x0000000100000000)
  eden space 193536K, 0% used [0x00000000d5580000,0x00000000d5580000,0x00000000e1280000)
  from space 12800K, 0% used [0x00000000e1280000,0x00000000e1280000,0x00000000e1f00000)
  to   space 13312K, 0% used [0x00000000e8200000,0x00000000e8200000,0x00000000e8f00000)
 ParOldGen       total 115200K, used 16474K [0x0000000080000000, 0x0000000087080000, 0x00000000d5580000)
  object space 115200K, 14% used [0x0000000080000000,0x0000000081016918,0x0000000087080000)
 Metaspace       used 34261K, capacity 35412K, committed 35496K, reserved 1079296K
  class space    used 4706K, capacity 5001K, committed 5040K, reserved 1048576K
}
Event: 4.596 GC heap before
{Heap before GC invocations=10 (full 2):
 PSYoungGen      total 206336K, used 193536K [0x00000000d5580000, 0x00000000e8f00000, 0x0000000100000000)
  eden space 193536K, 100% used [0x00000000d5580000,0x00000000e1280000,0x00000000e1280000)
  from space 12800K, 0% used [0x00000000e1280000,0x00000000e1280000,0x00000000e1f00000)
  to   space 13312K, 0% used [0x00000000e8200000,0x00000000e8200000,0x00000000e8f00000)
 ParOldGen       total 115200K, used 16474K [0x0000000080000000, 0x0000000087080000, 0x00000000d5580000)
  object space 115200K, 14% used [0x0000000080000000,0x0000000081016918,0x0000000087080000)
 Metaspace       used 42800K, capacity 44674K, committed 44968K, reserved 1087488K
  class space    used 5814K, capacity 6223K, committed 6320K, reserved 1048576K
Event: 4.606 GC heap after
Heap after GC invocations=10 (full 2):
 PSYoungGen      total 280064K, used 13143K [0x00000000d5580000, 0x00000000e8f00000, 0x0000000100000000)
  eden space 266752K, 0% used [0x00000000d5580000,0x00000000d5580000,0x00000000e5a00000)
  from space 13312K, 98% used [0x00000000e8200000,0x00000000e8ed5ce0,0x00000000e8f00000)
  to   space 14848K, 0% used [0x00000000e7200000,0x00000000e7200000,0x00000000e8080000)
 ParOldGen       total 115200K, used 16482K [0x0000000080000000, 0x0000000087080000, 0x00000000d5580000)
  object space 115200K, 14% used [0x0000000080000000,0x0000000081018918,0x0000000087080000)
 Metaspace       used 42800K, capacity 44674K, committed 44968K, reserved 1087488K
  class space    used 5814K, capacity 6223K, committed 6320K, reserved 1048576K
}
Event: 6.317 GC heap before
{Heap before GC invocations=11 (full 2):
 PSYoungGen      total 280064K, used 198865K [0x00000000d5580000, 0x00000000e8f00000, 0x0000000100000000)
  eden space 266752K, 69% used [0x00000000d5580000,0x00000000e0adea98,0x00000000e5a00000)
  from space 13312K, 98% used [0x00000000e8200000,0x00000000e8ed5ce0,0x00000000e8f00000)
  to   space 14848K, 0% used [0x00000000e7200000,0x00000000e7200000,0x00000000e8080000)
 ParOldGen       total 115200K, used 16482K [0x0000000080000000, 0x0000000087080000, 0x00000000d5580000)
  object space 115200K, 14% used [0x0000000080000000,0x0000000081018918,0x0000000087080000)
 Metaspace       used 56696K, capacity 59020K, committed 59160K, reserved 1099776K
  class space    used 7671K, capacity 8139K, committed 8224K, reserved 1048576K
Event: 6.337 GC heap after
Heap after GC invocations=11 (full 2):
 PSYoungGen      total 306176K, used 14836K [0x00000000d5580000, 0x00000000ebb00000, 0x0000000100000000)
  eden space 291328K, 0% used [0x00000000d5580000,0x00000000d5580000,0x00000000e7200000)
  from space 14848K, 99% used [0x00000000e7200000,0x00000000e807d300,0x00000000e8080000)
  to   space 22016K, 0% used [0x00000000ea580000,0x00000000ea580000,0x00000000ebb00000)
 ParOldGen       total 115200K, used 29636K [0x0000000080000000, 0x0000000087080000, 0x00000000d5580000)
  object space 115200K, 25% used [0x0000000080000000,0x0000000081cf1030,0x0000000087080000)
 Metaspace       used 56696K, capacity 59020K, committed 59160K, reserved 1099776K
  class space    used 7671K, capacity 8139K, committed 8224K, reserved 1048576K
}
Event: 6.337 GC heap before
{Heap before GC invocations=12 (full 3):
 PSYoungGen      total 306176K, used 14836K [0x00000000d5580000, 0x00000000ebb00000, 0x0000000100000000)
  eden space 291328K, 0% used [0x00000000d5580000,0x00000000d5580000,0x00000000e7200000)
  from space 14848K, 99% used [0x00000000e7200000,0x00000000e807d300,0x00000000e8080000)
  to   space 22016K, 0% used [0x00000000ea580000,0x00000000ea580000,0x00000000ebb00000)
 ParOldGen       total 115200K, used 29636K [0x0000000080000000, 0x0000000087080000, 0x00000000d5580000)
  object space 115200K, 25% used [0x0000000080000000,0x0000000081cf1030,0x0000000087080000)
 Metaspace       used 56696K, capacity 59020K, committed 59160K, reserved 1099776K
  class space    used 7671K, capacity 8139K, committed 8224K, reserved 1048576K
Event: 6.546 GC heap after
Heap after GC invocations=12 (full 3):
 PSYoungGen      total 306176K, used 0K [0x00000000d5580000, 0x00000000ebb00000, 0x0000000100000000)
  eden space 291328K, 0% used [0x00000000d5580000,0x00000000d5580000,0x00000000e7200000)
  from space 14848K, 0% used [0x00000000e7200000,0x00000000e7200000,0x00000000e8080000)
  to   space 22016K, 0% used [0x00000000ea580000,0x00000000ea580000,0x00000000ebb00000)
 ParOldGen       total 184320K, used 40341K [0x0000000080000000, 0x000000008b400000, 0x00000000d5580000)
  object space 184320K, 21% used [0x0000000080000000,0x0000000082765440,0x000000008b400000)
 Metaspace       used 56650K, capacity 58864K, committed 59160K, reserved 1099776K
  class space    used 7657K, capacity 8113K, committed 8224K, reserved 1048576K
}
Event: 8.542 GC heap before
{Heap before GC invocations=13 (full 3):
 PSYoungGen      total 306176K, used 291328K [0x00000000d5580000, 0x00000000ebb00000, 0x0000000100000000)
  eden space 291328K, 100% used [0x00000000d5580000,0x00000000e7200000,0x00000000e7200000)
  from space 14848K, 0% used [0x00000000e7200000,0x00000000e7200000,0x00000000e8080000)
  to   space 22016K, 0% used [0x00000000ea580000,0x00000000ea580000,0x00000000ebb00000)
 ParOldGen       total 184320K, used 40341K [0x0000000080000000, 0x000000008b400000, 0x00000000d5580000)
  object space 184320K, 21% used [0x0000000080000000,0x0000000082765440,0x000000008b400000)
 Metaspace       used 66829K, capacity 70130K, committed 70296K, reserved 1110016K
  class space    used 9194K, capacity 9835K, committed 9888K, reserved 1048576K
Event: 8.561 GC heap after
Heap after GC invocations=13 (full 3):
 PSYoungGen      total 339968K, used 22000K [0x00000000d5580000, 0x00000000ed280000, 0x0000000100000000)
  eden space 317952K, 0% used [0x00000000d5580000,0x00000000d5580000,0x00000000e8c00000)
  from space 22016K, 99% used [0x00000000ea580000,0x00000000ebafc028,0x00000000ebb00000)
  to   space 26112K, 0% used [0x00000000e8c00000,0x00000000e8c00000,0x00000000ea580000)
 ParOldGen       total 184320K, used 43233K [0x0000000080000000, 0x000000008b400000, 0x00000000d5580000)
  object space 184320K, 23% used [0x0000000080000000,0x0000000082a384d0,0x000000008b400000)
 Metaspace       used 66829K, capacity 70130K, committed 70296K, reserved 1110016K
  class space    used 9194K, capacity 9835K, committed 9888K, reserved 1048576K
}

