# JRE version: OpenJDK Runtime Environment (8.0_242-b01) (build 1.8.0_242-release-1644-b01)
# Java VM: OpenJDK 64-Bit Server VM (25.242-b01 mixed mode windows-amd64 compressed oops)
Heap:
 PSYoungGen      total 339968K, used 197995K [0x00000000d5580000, 0x00000000ed080000, 0x0000000100000000)
  eden space 317952K, 55% used [0x00000000d5580000,0x00000000e0160528,0x00000000e8c00000)
  from space 22016K, 99% used [0x00000000ea580000,0x00000000ebafa710,0x00000000ebb00000)
  to   space 26112K, 0% used [0x00000000e8c00000,0x00000000e8c00000,0x00000000ea580000)
 ParOldGen       total 185856K, used 43449K [0x0000000080000000, 0x000000008b580000, 0x00000000d5580000)
  object space 185856K, 23% used [0x0000000080000000,0x0000000082a6e590,0x000000008b580000)
 Metaspace       used 72686K, capacity 76082K, committed 76184K, reserved 1114112K
  class space    used 9945K, capacity 10585K, committed 10672K, reserved 1048576K
GC Heap History (10 events):
Event: 3.446 GC heap before
{Heap before GC invocations=9 (full 2):
 PSYoungGen      total 205824K, used 10143K [0x00000000d5580000, 0x00000000e9080000, 0x0000000100000000)
  eden space 192512K, 0% used [0x00000000d5580000,0x00000000d5580000,0x00000000e1180000)
  from space 13312K, 76% used [0x00000000e1180000,0x00000000e1b67ed8,0x00000000e1e80000)
  to   space 13312K, 0% used [0x00000000e8380000,0x00000000e8380000,0x00000000e9080000)
 ParOldGen       total 71168K, used 7696K [0x0000000080000000, 0x0000000084580000, 0x00000000d5580000)
  object space 71168K, 10% used [0x0000000080000000,0x0000000080784180,0x0000000084580000)
 Metaspace       used 34252K, capacity 35412K, committed 35496K, reserved 1079296K
  class space    used 4719K, capacity 5001K, committed 5040K, reserved 1048576K
Event: 3.529 GC heap after
Heap after GC invocations=9 (full 2):
 PSYoungGen      total 205824K, used 0K [0x00000000d5580000, 0x00000000e9080000, 0x0000000100000000)
  eden space 192512K, 0% used [0x00000000d5580000,0x00000000d5580000,0x00000000e1180000)
  from space 13312K, 0% used [0x00000000e1180000,0x00000000e1180000,0x00000000e1e80000)
  to   space 13312K, 0% used [0x00000000e8380000,0x00000000e8380000,0x00000000e9080000)
 ParOldGen       total 115200K, used 16451K [0x0000000080000000, 0x0000000087080000, 0x00000000d5580000)
  object space 115200K, 14% used [0x0000000080000000,0x0000000081010cd8,0x0000000087080000)
 Metaspace       used 34252K, capacity 35412K, committed 35496K, reserved 1079296K
  class space    used 4719K, capacity 5001K, committed 5040K, reserved 1048576K
}
Event: 4.432 GC heap before
{Heap before GC invocations=10 (full 2):
 PSYoungGen      total 205824K, used 192512K [0x00000000d5580000, 0x00000000e9080000, 0x0000000100000000)
  eden space 192512K, 100% used [0x00000000d5580000,0x00000000e1180000,0x00000000e1180000)
  from space 13312K, 0% used [0x00000000e1180000,0x00000000e1180000,0x00000000e1e80000)
  to   space 13312K, 0% used [0x00000000e8380000,0x00000000e8380000,0x00000000e9080000)
 ParOldGen       total 115200K, used 16451K [0x0000000080000000, 0x0000000087080000, 0x00000000d5580000)
  object space 115200K, 14% used [0x0000000080000000,0x0000000081010cd8,0x0000000087080000)
 Metaspace       used 42772K, capacity 44534K, committed 44712K, reserved 1087488K
  class space    used 5824K, capacity 6221K, committed 6320K, reserved 1048576K
Event: 4.441 GC heap after
Heap after GC invocations=10 (full 2):
 PSYoungGen      total 278528K, used 13165K [0x00000000d5580000, 0x00000000e9080000, 0x0000000100000000)
  eden space 265216K, 0% used [0x00000000d5580000,0x00000000d5580000,0x00000000e5880000)
  from space 13312K, 98% used [0x00000000e8380000,0x00000000e905b7a8,0x00000000e9080000)
  to   space 14848K, 0% used [0x00000000e7380000,0x00000000e7380000,0x00000000e8200000)
 ParOldGen       total 115200K, used 16459K [0x0000000080000000, 0x0000000087080000, 0x00000000d5580000)
  object space 115200K, 14% used [0x0000000080000000,0x0000000081012cd8,0x0000000087080000)
 Metaspace       used 42772K, capacity 44534K, committed 44712K, reserved 1087488K
  class space    used 5824K, capacity 6221K, committed 6320K, reserved 1048576K
}
Event: 5.841 GC heap before
{Heap before GC invocations=11 (full 2):
 PSYoungGen      total 278528K, used 198937K [0x00000000d5580000, 0x00000000e9080000, 0x0000000100000000)
  eden space 265216K, 70% used [0x00000000d5580000,0x00000000e0aeae68,0x00000000e5880000)
  from space 13312K, 98% used [0x00000000e8380000,0x00000000e905b7a8,0x00000000e9080000)
  to   space 14848K, 0% used [0x00000000e7380000,0x00000000e7380000,0x00000000e8200000)
 ParOldGen       total 115200K, used 16459K [0x0000000080000000, 0x0000000087080000, 0x00000000d5580000)
  object space 115200K, 14% used [0x0000000080000000,0x0000000081012cd8,0x0000000087080000)
 Metaspace       used 56762K, capacity 59014K, committed 59160K, reserved 1099776K
  class space    used 7685K, capacity 8138K, committed 8240K, reserved 1048576K
Event: 5.864 GC heap after
Heap after GC invocations=11 (full 2):
 PSYoungGen      total 307712K, used 14820K [0x00000000d5580000, 0x00000000ebb00000, 0x0000000100000000)
  eden space 292864K, 0% used [0x00000000d5580000,0x00000000d5580000,0x00000000e7380000)
  from space 14848K, 99% used [0x00000000e7380000,0x00000000e81f92f0,0x00000000e8200000)
  to   space 22016K, 0% used [0x00000000ea580000,0x00000000ea580000,0x00000000ebb00000)
 ParOldGen       total 115200K, used 29694K [0x0000000080000000, 0x0000000087080000, 0x00000000d5580000)
  object space 115200K, 25% used [0x0000000080000000,0x0000000081cffae0,0x0000000087080000)
 Metaspace       used 56762K, capacity 59014K, committed 59160K, reserved 1099776K
  class space    used 7685K, capacity 8138K, committed 8240K, reserved 1048576K
}
Event: 5.864 GC heap before
{Heap before GC invocations=12 (full 3):
 PSYoungGen      total 307712K, used 14820K [0x00000000d5580000, 0x00000000ebb00000, 0x0000000100000000)
  eden space 292864K, 0% used [0x00000000d5580000,0x00000000d5580000,0x00000000e7380000)
  from space 14848K, 99% used [0x00000000e7380000,0x00000000e81f92f0,0x00000000e8200000)
  to   space 22016K, 0% used [0x00000000ea580000,0x00000000ea580000,0x00000000ebb00000)
 ParOldGen       total 115200K, used 29694K [0x0000000080000000, 0x0000000087080000, 0x00000000d5580000)
  object space 115200K, 25% used [0x0000000080000000,0x0000000081cffae0,0x0000000087080000)
 Metaspace       used 56762K, capacity 59014K, committed 59160K, reserved 1099776K
  class space    used 7685K, capacity 8138K, committed 8240K, reserved 1048576K
Event: 6.107 GC heap after
Heap after GC invocations=12 (full 3):
 PSYoungGen      total 307712K, used 0K [0x00000000d5580000, 0x00000000ebb00000, 0x0000000100000000)
  eden space 292864K, 0% used [0x00000000d5580000,0x00000000d5580000,0x00000000e7380000)
  from space 14848K, 0% used [0x00000000e7380000,0x00000000e7380000,0x00000000e8200000)
  to   space 22016K, 0% used [0x00000000ea580000,0x00000000ea580000,0x00000000ebb00000)
 ParOldGen       total 185856K, used 40438K [0x0000000080000000, 0x000000008b580000, 0x00000000d5580000)
  object space 185856K, 21% used [0x0000000080000000,0x000000008277d908,0x000000008b580000)
 Metaspace       used 56719K, capacity 58870K, committed 59160K, reserved 1099776K
  class space    used 7672K, capacity 8114K, committed 8240K, reserved 1048576K
}
Event: 8.957 GC heap before
{Heap before GC invocations=13 (full 3):
 PSYoungGen      total 307712K, used 292864K [0x00000000d5580000, 0x00000000ebb00000, 0x0000000100000000)
  eden space 292864K, 100% used [0x00000000d5580000,0x00000000e7380000,0x00000000e7380000)
  from space 14848K, 0% used [0x00000000e7380000,0x00000000e7380000,0x00000000e8200000)
  to   space 22016K, 0% used [0x00000000ea580000,0x00000000ea580000,0x00000000ebb00000)
 ParOldGen       total 185856K, used 40438K [0x0000000080000000, 0x000000008b580000, 0x00000000d5580000)
  object space 185856K, 21% used [0x0000000080000000,0x000000008277d908,0x000000008b580000)
 Metaspace       used 66760K, capacity 69978K, committed 70296K, reserved 1110016K
  class space    used 9171K, capacity 9781K, committed 9904K, reserved 1048576K
Event: 8.982 GC heap after
Heap after GC invocations=13 (full 3):
 PSYoungGen      total 339968K, used 21993K [0x00000000d5580000, 0x00000000ed080000, 0x0000000100000000)
  eden space 317952K, 0% used [0x00000000d5580000,0x00000000d5580000,0x00000000e8c00000)
  from space 22016K, 99% used [0x00000000ea580000,0x00000000ebafa710,0x00000000ebb00000)
  to   space 26112K, 0% used [0x00000000e8c00000,0x00000000e8c00000,0x00000000ea580000)
 ParOldGen       total 185856K, used 43449K [0x0000000080000000, 0x000000008b580000, 0x00000000d5580000)
  object space 185856K, 23% used [0x0000000080000000,0x0000000082a6e590,0x000000008b580000)
 Metaspace       used 66760K, capacity 69978K, committed 70296K, reserved 1110016K
  class space    used 9171K, capacity 9781K, committed 9904K, reserved 1048576K
}

