# JRE version: OpenJDK Runtime Environment (8.0_242-b01) (build 1.8.0_242-release-1644-b01)
# Java VM: OpenJDK 64-Bit Server VM (25.242-b01 mixed mode windows-amd64 compressed oops)
Heap:
 PSYoungGen      total 105984K, used 13815K [0x0000000780f80000, 0x0000000789980000, 0x00000007c0000000)
  eden space 98304K, 14% used [0x0000000780f80000,0x0000000781cfdda8,0x0000000786f80000)
  from space 7680K, 0% used [0x0000000786f80000,0x0000000786f80000,0x0000000787700000)
  to   space 7680K, 0% used [0x0000000789200000,0x0000000789200000,0x0000000789980000)
 ParOldGen       total 207360K, used 42168K [0x0000000702e00000, 0x000000070f880000, 0x0000000780f80000)
  object space 207360K, 20% used [0x0000000702e00000,0x000000070572e3a8,0x000000070f880000)
 Metaspace       used 36765K, capacity 37364K, committed 37632K, reserved 1081344K
  class space    used 4588K, capacity 4750K, committed 4864K, reserved 1048576K
GC Heap History (10 events):
Event: 0.644 GC heap before
{Heap before GC invocations=1 (full 0):
 PSYoungGen      total 56832K, used 49152K [0x0000000780f80000, 0x0000000784e80000, 0x00000007c0000000)
  eden space 49152K, 100% used [0x0000000780f80000,0x0000000783f80000,0x0000000783f80000)
  from space 7680K, 0% used [0x0000000784700000,0x0000000784700000,0x0000000784e80000)
  to   space 7680K, 0% used [0x0000000783f80000,0x0000000783f80000,0x0000000784700000)
 ParOldGen       total 130048K, used 0K [0x0000000702e00000, 0x000000070ad00000, 0x0000000780f80000)
  object space 130048K, 0% used [0x0000000702e00000,0x0000000702e00000,0x000000070ad00000)
 Metaspace       used 11977K, capacity 12250K, committed 12416K, reserved 1060864K
  class space    used 1299K, capacity 1387K, committed 1408K, reserved 1048576K
Event: 0.652 GC heap after
Heap after GC invocations=1 (full 0):
 PSYoungGen      total 56832K, used 7676K [0x0000000780f80000, 0x0000000787e80000, 0x00000007c0000000)
  eden space 49152K, 0% used [0x0000000780f80000,0x0000000780f80000,0x0000000783f80000)
  from space 7680K, 99% used [0x0000000783f80000,0x00000007846ff328,0x0000000784700000)
  to   space 7680K, 0% used [0x0000000787700000,0x0000000787700000,0x0000000787e80000)
 ParOldGen       total 130048K, used 3764K [0x0000000702e00000, 0x000000070ad00000, 0x0000000780f80000)
  object space 130048K, 2% used [0x0000000702e00000,0x00000007031ad3f8,0x000000070ad00000)
 Metaspace       used 11977K, capacity 12250K, committed 12416K, reserved 1060864K
  class space    used 1299K, capacity 1387K, committed 1408K, reserved 1048576K
}
Event: 1.059 GC heap before
{Heap before GC invocations=2 (full 0):
 PSYoungGen      total 56832K, used 56828K [0x0000000780f80000, 0x0000000787e80000, 0x00000007c0000000)
  eden space 49152K, 100% used [0x0000000780f80000,0x0000000783f80000,0x0000000783f80000)
  from space 7680K, 99% used [0x0000000783f80000,0x00000007846ff328,0x0000000784700000)
  to   space 7680K, 0% used [0x0000000787700000,0x0000000787700000,0x0000000787e80000)
 ParOldGen       total 130048K, used 3764K [0x0000000702e00000, 0x000000070ad00000, 0x0000000780f80000)
  object space 130048K, 2% used [0x0000000702e00000,0x00000007031ad3f8,0x000000070ad00000)
 Metaspace       used 20743K, capacity 21100K, committed 21248K, reserved 1069056K
  class space    used 2373K, capacity 2504K, committed 2560K, reserved 1048576K
Event: 1.073 GC heap after
Heap after GC invocations=2 (full 0):
 PSYoungGen      total 105984K, used 7666K [0x0000000780f80000, 0x0000000787e80000, 0x00000007c0000000)
  eden space 98304K, 0% used [0x0000000780f80000,0x0000000780f80000,0x0000000786f80000)
  from space 7680K, 99% used [0x0000000787700000,0x0000000787e7c9f8,0x0000000787e80000)
  to   space 7680K, 0% used [0x0000000786f80000,0x0000000786f80000,0x0000000787700000)
 ParOldGen       total 130048K, used 21908K [0x0000000702e00000, 0x000000070ad00000, 0x0000000780f80000)
  object space 130048K, 16% used [0x0000000702e00000,0x0000000704365160,0x000000070ad00000)
 Metaspace       used 20743K, capacity 21100K, committed 21248K, reserved 1069056K
  class space    used 2373K, capacity 2504K, committed 2560K, reserved 1048576K
}
Event: 1.073 GC heap before
{Heap before GC invocations=3 (full 1):
 PSYoungGen      total 105984K, used 7666K [0x0000000780f80000, 0x0000000787e80000, 0x00000007c0000000)
  eden space 98304K, 0% used [0x0000000780f80000,0x0000000780f80000,0x0000000786f80000)
  from space 7680K, 99% used [0x0000000787700000,0x0000000787e7c9f8,0x0000000787e80000)
  to   space 7680K, 0% used [0x0000000786f80000,0x0000000786f80000,0x0000000787700000)
 ParOldGen       total 130048K, used 21908K [0x0000000702e00000, 0x000000070ad00000, 0x0000000780f80000)
  object space 130048K, 16% used [0x0000000702e00000,0x0000000704365160,0x000000070ad00000)
 Metaspace       used 20743K, capacity 21100K, committed 21248K, reserved 1069056K
  class space    used 2373K, capacity 2504K, committed 2560K, reserved 1048576K
Event: 1.130 GC heap after
Heap after GC invocations=3 (full 1):
 PSYoungGen      total 105984K, used 0K [0x0000000780f80000, 0x0000000787e80000, 0x00000007c0000000)
  eden space 98304K, 0% used [0x0000000780f80000,0x0000000780f80000,0x0000000786f80000)
  from space 7680K, 0% used [0x0000000787700000,0x0000000787700000,0x0000000787e80000)
  to   space 7680K, 0% used [0x0000000786f80000,0x0000000786f80000,0x0000000787700000)
 ParOldGen       total 131072K, used 25400K [0x0000000702e00000, 0x000000070ae00000, 0x0000000780f80000)
  object space 131072K, 19% used [0x0000000702e00000,0x00000007046ce358,0x000000070ae00000)
 Metaspace       used 20743K, capacity 21100K, committed 21248K, reserved 1069056K
  class space    used 2373K, capacity 2504K, committed 2560K, reserved 1048576K
}
Event: 2.175 GC heap before
{Heap before GC invocations=4 (full 1):
 PSYoungGen      total 105984K, used 98037K [0x0000000780f80000, 0x0000000787e80000, 0x00000007c0000000)
  eden space 98304K, 99% used [0x0000000780f80000,0x0000000786f3d510,0x0000000786f80000)
  from space 7680K, 0% used [0x0000000787700000,0x0000000787700000,0x0000000787e80000)
  to   space 7680K, 0% used [0x0000000786f80000,0x0000000786f80000,0x0000000787700000)
 ParOldGen       total 131072K, used 25400K [0x0000000702e00000, 0x000000070ae00000, 0x0000000780f80000)
  object space 131072K, 19% used [0x0000000702e00000,0x00000007046ce358,0x000000070ae00000)
 Metaspace       used 34627K, capacity 35146K, committed 35416K, reserved 1081344K
  class space    used 4356K, capacity 4498K, committed 4608K, reserved 1048576K
Event: 2.190 GC heap after
Heap after GC invocations=4 (full 1):
 PSYoungGen      total 105984K, used 7673K [0x0000000780f80000, 0x0000000789980000, 0x00000007c0000000)
  eden space 98304K, 0% used [0x0000000780f80000,0x0000000780f80000,0x0000000786f80000)
  from space 7680K, 99% used [0x0000000786f80000,0x00000007876fe6e0,0x0000000787700000)
  to   space 7680K, 0% used [0x0000000789200000,0x0000000789200000,0x0000000789980000)
 ParOldGen       total 131072K, used 41073K [0x0000000702e00000, 0x000000070ae00000, 0x0000000780f80000)
  object space 131072K, 31% used [0x0000000702e00000,0x000000070561c6a0,0x000000070ae00000)
 Metaspace       used 34627K, capacity 35146K, committed 35416K, reserved 1081344K
  class space    used 4356K, capacity 4498K, committed 4608K, reserved 1048576K
}
Event: 2.190 GC heap before
{Heap before GC invocations=5 (full 2):
 PSYoungGen      total 105984K, used 7673K [0x0000000780f80000, 0x0000000789980000, 0x00000007c0000000)
  eden space 98304K, 0% used [0x0000000780f80000,0x0000000780f80000,0x0000000786f80000)
  from space 7680K, 99% used [0x0000000786f80000,0x00000007876fe6e0,0x0000000787700000)
  to   space 7680K, 0% used [0x0000000789200000,0x0000000789200000,0x0000000789980000)
 ParOldGen       total 131072K, used 41073K [0x0000000702e00000, 0x000000070ae00000, 0x0000000780f80000)
  object space 131072K, 31% used [0x0000000702e00000,0x000000070561c6a0,0x000000070ae00000)
 Metaspace       used 34627K, capacity 35146K, committed 35416K, reserved 1081344K
  class space    used 4356K, capacity 4498K, committed 4608K, reserved 1048576K
Event: 2.234 GC heap after
Heap after GC invocations=5 (full 2):
 PSYoungGen      total 105984K, used 0K [0x0000000780f80000, 0x0000000789980000, 0x00000007c0000000)
  eden space 98304K, 0% used [0x0000000780f80000,0x0000000780f80000,0x0000000786f80000)
  from space 7680K, 0% used [0x0000000786f80000,0x0000000786f80000,0x0000000787700000)
  to   space 7680K, 0% used [0x0000000789200000,0x0000000789200000,0x0000000789980000)
 ParOldGen       total 207360K, used 42168K [0x0000000702e00000, 0x000000070f880000, 0x0000000780f80000)
  object space 207360K, 20% used [0x0000000702e00000,0x000000070572e3a8,0x000000070f880000)
 Metaspace       used 34627K, capacity 35146K, committed 35416K, reserved 1081344K
  class space    used 4356K, capacity 4498K, committed 4608K, reserved 1048576K
}

