# JRE version: OpenJDK Runtime Environment (8.0_242-b01) (build 1.8.0_242-release-1644-b01)
# Java VM: OpenJDK 64-Bit Server VM (25.242-b01 mixed mode windows-amd64 compressed oops)
Heap:
 PSYoungGen      total 324096K, used 180772K [0x00000000d5580000, 0x00000000ebe80000, 0x0000000100000000)
  eden space 302080K, 52% used [0x00000000d5580000,0x00000000df089c38,0x00000000e7c80000)
  from space 22016K, 99% used [0x00000000e9580000,0x00000000eaaff4f8,0x00000000eab00000)
  to   space 25600K, 0% used [0x00000000e7c80000,0x00000000e7c80000,0x00000000e9580000)
 ParOldGen       total 196096K, used 43117K [0x0000000080000000, 0x000000008bf80000, 0x00000000d5580000)
  object space 196096K, 21% used [0x0000000080000000,0x0000000082a1b7f0,0x000000008bf80000)
 Metaspace       used 73578K, capacity 77127K, committed 77464K, reserved 1120256K
  class space    used 10121K, capacity 10795K, committed 10912K, reserved 1048576K
GC Heap History (10 events):
Event: 3.458 GC heap before
{Heap before GC invocations=9 (full 2):
 PSYoungGen      total 206336K, used 10123K [0x00000000d5580000, 0x00000000e8300000, 0x0000000100000000)
  eden space 193536K, 0% used [0x00000000d5580000,0x00000000d5580000,0x00000000e1280000)
  from space 12800K, 79% used [0x00000000e1280000,0x00000000e1c62c78,0x00000000e1f00000)
  to   space 13312K, 0% used [0x00000000e7600000,0x00000000e7600000,0x00000000e8300000)
 ParOldGen       total 73216K, used 7620K [0x0000000080000000, 0x0000000084780000, 0x00000000d5580000)
  object space 73216K, 10% used [0x0000000080000000,0x0000000080771048,0x0000000084780000)
 Metaspace       used 34261K, capacity 35412K, committed 35496K, reserved 1079296K
  class space    used 4719K, capacity 5001K, committed 5040K, reserved 1048576K
Event: 3.542 GC heap after
Heap after GC invocations=9 (full 2):
 PSYoungGen      total 206336K, used 0K [0x00000000d5580000, 0x00000000e8300000, 0x0000000100000000)
  eden space 193536K, 0% used [0x00000000d5580000,0x00000000d5580000,0x00000000e1280000)
  from space 12800K, 0% used [0x00000000e1280000,0x00000000e1280000,0x00000000e1f00000)
  to   space 13312K, 0% used [0x00000000e7600000,0x00000000e7600000,0x00000000e8300000)
 ParOldGen       total 121856K, used 16454K [0x0000000080000000, 0x0000000087700000, 0x00000000d5580000)
  object space 121856K, 13% used [0x0000000080000000,0x0000000081011a00,0x0000000087700000)
 Metaspace       used 34261K, capacity 35412K, committed 35496K, reserved 1079296K
  class space    used 4719K, capacity 5001K, committed 5040K, reserved 1048576K
}
Event: 4.453 GC heap before
{Heap before GC invocations=10 (full 2):
 PSYoungGen      total 206336K, used 193536K [0x00000000d5580000, 0x00000000e8300000, 0x0000000100000000)
  eden space 193536K, 100% used [0x00000000d5580000,0x00000000e1280000,0x00000000e1280000)
  from space 12800K, 0% used [0x00000000e1280000,0x00000000e1280000,0x00000000e1f00000)
  to   space 13312K, 0% used [0x00000000e7600000,0x00000000e7600000,0x00000000e8300000)
 ParOldGen       total 121856K, used 16454K [0x0000000080000000, 0x0000000087700000, 0x00000000d5580000)
  object space 121856K, 13% used [0x0000000080000000,0x0000000081011a00,0x0000000087700000)
 Metaspace       used 42929K, capacity 44746K, committed 44968K, reserved 1087488K
  class space    used 5844K, capacity 6225K, committed 6320K, reserved 1048576K
Event: 4.462 GC heap after
Heap after GC invocations=10 (full 2):
 PSYoungGen      total 270848K, used 13161K [0x00000000d5580000, 0x00000000e8300000, 0x0000000100000000)
  eden space 257536K, 0% used [0x00000000d5580000,0x00000000d5580000,0x00000000e5100000)
  from space 13312K, 98% used [0x00000000e7600000,0x00000000e82da458,0x00000000e8300000)
  to   space 14848K, 0% used [0x00000000e6600000,0x00000000e6600000,0x00000000e7480000)
 ParOldGen       total 121856K, used 16462K [0x0000000080000000, 0x0000000087700000, 0x00000000d5580000)
  object space 121856K, 13% used [0x0000000080000000,0x0000000081013a00,0x0000000087700000)
 Metaspace       used 42929K, capacity 44746K, committed 44968K, reserved 1087488K
  class space    used 5844K, capacity 6225K, committed 6320K, reserved 1048576K
}
Event: 5.863 GC heap before
{Heap before GC invocations=11 (full 2):
 PSYoungGen      total 270848K, used 206159K [0x00000000d5580000, 0x00000000e8300000, 0x0000000100000000)
  eden space 257536K, 74% used [0x00000000d5580000,0x00000000e11f9a38,0x00000000e5100000)
  from space 13312K, 98% used [0x00000000e7600000,0x00000000e82da458,0x00000000e8300000)
  to   space 14848K, 0% used [0x00000000e6600000,0x00000000e6600000,0x00000000e7480000)
 ParOldGen       total 121856K, used 16462K [0x0000000080000000, 0x0000000087700000, 0x00000000d5580000)
  object space 121856K, 13% used [0x0000000080000000,0x0000000081013a00,0x0000000087700000)
 Metaspace       used 56775K, capacity 59032K, committed 59160K, reserved 1099776K
  class space    used 7687K, capacity 8141K, committed 8224K, reserved 1048576K
Event: 5.883 GC heap after
Heap after GC invocations=11 (full 2):
 PSYoungGen      total 293888K, used 14844K [0x00000000d5580000, 0x00000000eab00000, 0x0000000100000000)
  eden space 279040K, 0% used [0x00000000d5580000,0x00000000d5580000,0x00000000e6600000)
  from space 14848K, 99% used [0x00000000e6600000,0x00000000e747f340,0x00000000e7480000)
  to   space 22016K, 0% used [0x00000000e9580000,0x00000000e9580000,0x00000000eab00000)
 ParOldGen       total 121856K, used 29627K [0x0000000080000000, 0x0000000087700000, 0x00000000d5580000)
  object space 121856K, 24% used [0x0000000080000000,0x0000000081ceeee8,0x0000000087700000)
 Metaspace       used 56775K, capacity 59032K, committed 59160K, reserved 1099776K
  class space    used 7687K, capacity 8141K, committed 8224K, reserved 1048576K
}
Event: 5.883 GC heap before
{Heap before GC invocations=12 (full 3):
 PSYoungGen      total 293888K, used 14844K [0x00000000d5580000, 0x00000000eab00000, 0x0000000100000000)
  eden space 279040K, 0% used [0x00000000d5580000,0x00000000d5580000,0x00000000e6600000)
  from space 14848K, 99% used [0x00000000e6600000,0x00000000e747f340,0x00000000e7480000)
  to   space 22016K, 0% used [0x00000000e9580000,0x00000000e9580000,0x00000000eab00000)
 ParOldGen       total 121856K, used 29627K [0x0000000080000000, 0x0000000087700000, 0x00000000d5580000)
  object space 121856K, 24% used [0x0000000080000000,0x0000000081ceeee8,0x0000000087700000)
 Metaspace       used 56775K, capacity 59032K, committed 59160K, reserved 1099776K
  class space    used 7687K, capacity 8141K, committed 8224K, reserved 1048576K
Event: 6.069 GC heap after
Heap after GC invocations=12 (full 3):
 PSYoungGen      total 293888K, used 0K [0x00000000d5580000, 0x00000000eab00000, 0x0000000100000000)
  eden space 279040K, 0% used [0x00000000d5580000,0x00000000d5580000,0x00000000e6600000)
  from space 14848K, 0% used [0x00000000e6600000,0x00000000e6600000,0x00000000e7480000)
  to   space 22016K, 0% used [0x00000000e9580000,0x00000000e9580000,0x00000000eab00000)
 ParOldGen       total 196096K, used 40383K [0x0000000080000000, 0x000000008bf80000, 0x00000000d5580000)
  object space 196096K, 20% used [0x0000000080000000,0x000000008276fcf8,0x000000008bf80000)
 Metaspace       used 56725K, capacity 58864K, committed 59160K, reserved 1099776K
  class space    used 7671K, capacity 8113K, committed 8224K, reserved 1048576K
}
Event: 8.150 GC heap before
{Heap before GC invocations=13 (full 3):
 PSYoungGen      total 293888K, used 279040K [0x00000000d5580000, 0x00000000eab00000, 0x0000000100000000)
  eden space 279040K, 100% used [0x00000000d5580000,0x00000000e6600000,0x00000000e6600000)
  from space 14848K, 0% used [0x00000000e6600000,0x00000000e6600000,0x00000000e7480000)
  to   space 22016K, 0% used [0x00000000e9580000,0x00000000e9580000,0x00000000eab00000)
 ParOldGen       total 196096K, used 40383K [0x0000000080000000, 0x000000008bf80000, 0x00000000d5580000)
  object space 196096K, 20% used [0x0000000080000000,0x000000008276fcf8,0x000000008bf80000)
 Metaspace       used 66794K, capacity 70028K, committed 70296K, reserved 1110016K
  class space    used 9188K, capacity 9840K, committed 9888K, reserved 1048576K
Event: 8.166 GC heap after
Heap after GC invocations=13 (full 3):
 PSYoungGen      total 324096K, used 22013K [0x00000000d5580000, 0x00000000ebe80000, 0x0000000100000000)
  eden space 302080K, 0% used [0x00000000d5580000,0x00000000d5580000,0x00000000e7c80000)
  from space 22016K, 99% used [0x00000000e9580000,0x00000000eaaff4f8,0x00000000eab00000)
  to   space 25600K, 0% used [0x00000000e7c80000,0x00000000e7c80000,0x00000000e9580000)
 ParOldGen       total 196096K, used 43117K [0x0000000080000000, 0x000000008bf80000, 0x00000000d5580000)
  object space 196096K, 21% used [0x0000000080000000,0x0000000082a1b7f0,0x000000008bf80000)
 Metaspace       used 66794K, capacity 70028K, committed 70296K, reserved 1110016K
  class space    used 9188K, capacity 9840K, committed 9888K, reserved 1048576K
}

