# JRE version: OpenJDK Runtime Environment (8.0_242-b01) (build 1.8.0_242-release-1644-b01)
# Java VM: OpenJDK 64-Bit Server VM (25.242-b01 mixed mode windows-amd64 compressed oops)
Heap:
 PSYoungGen      total 181248K, used 80391K [0x0000000780f80000, 0x000000078de80000, 0x00000007c0000000)
  eden space 173568K, 46% used [0x0000000780f80000,0x0000000785e01c80,0x000000078b900000)
  from space 7680K, 0% used [0x000000078cf80000,0x000000078cf80000,0x000000078d700000)
  to   space 7680K, 0% used [0x000000078d700000,0x000000078d700000,0x000000078de80000)
 ParOldGen       total 100352K, used 29463K [0x0000000702e00000, 0x0000000709000000, 0x0000000780f80000)
  object space 100352K, 29% used [0x0000000702e00000,0x0000000704ac5c80,0x0000000709000000)
 Metaspace       used 40782K, capacity 41510K, committed 41856K, reserved 1085440K
  class space    used 4991K, capacity 5197K, committed 5248K, reserved 1048576K
GC Heap History (10 events):
Event: 1.164 GC heap before
{Heap before GC invocations=3 (full 0):
 PSYoungGen      total 105984K, used 10286K [0x0000000780f80000, 0x0000000787e80000, 0x00000007c0000000)
  eden space 98304K, 2% used [0x0000000780f80000,0x000000078120d8d0,0x0000000786f80000)
  from space 7680K, 99% used [0x0000000787700000,0x0000000787e7e2d0,0x0000000787e80000)
  to   space 7680K, 0% used [0x0000000786f80000,0x0000000786f80000,0x0000000787700000)
 ParOldGen       total 130048K, used 21809K [0x0000000702e00000, 0x000000070ad00000, 0x0000000780f80000)
  object space 130048K, 16% used [0x0000000702e00000,0x000000070434c7d8,0x000000070ad00000)
 Metaspace       used 20715K, capacity 21100K, committed 21248K, reserved 1069056K
  class space    used 2372K, capacity 2504K, committed 2560K, reserved 1048576K
Event: 1.169 GC heap after
Heap after GC invocations=3 (full 0):
 PSYoungGen      total 105984K, used 7672K [0x0000000780f80000, 0x000000078de80000, 0x00000007c0000000)
  eden space 98304K, 0% used [0x0000000780f80000,0x0000000780f80000,0x0000000786f80000)
  from space 7680K, 99% used [0x0000000786f80000,0x00000007876fe2d0,0x0000000787700000)
  to   space 7680K, 0% used [0x000000078d700000,0x000000078d700000,0x000000078de80000)
 ParOldGen       total 130048K, used 21927K [0x0000000702e00000, 0x000000070ad00000, 0x0000000780f80000)
  object space 130048K, 16% used [0x0000000702e00000,0x0000000704369da8,0x000000070ad00000)
 Metaspace       used 20715K, capacity 21100K, committed 21248K, reserved 1069056K
  class space    used 2372K, capacity 2504K, committed 2560K, reserved 1048576K
}
Event: 1.169 GC heap before
{Heap before GC invocations=4 (full 1):
 PSYoungGen      total 105984K, used 7672K [0x0000000780f80000, 0x000000078de80000, 0x00000007c0000000)
  eden space 98304K, 0% used [0x0000000780f80000,0x0000000780f80000,0x0000000786f80000)
  from space 7680K, 99% used [0x0000000786f80000,0x00000007876fe2d0,0x0000000787700000)
  to   space 7680K, 0% used [0x000000078d700000,0x000000078d700000,0x000000078de80000)
 ParOldGen       total 130048K, used 21927K [0x0000000702e00000, 0x000000070ad00000, 0x0000000780f80000)
  object space 130048K, 16% used [0x0000000702e00000,0x0000000704369da8,0x000000070ad00000)
 Metaspace       used 20715K, capacity 21100K, committed 21248K, reserved 1069056K
  class space    used 2372K, capacity 2504K, committed 2560K, reserved 1048576K
Event: 1.213 GC heap after
Heap after GC invocations=4 (full 1):
 PSYoungGen      total 105984K, used 0K [0x0000000780f80000, 0x000000078de80000, 0x00000007c0000000)
  eden space 98304K, 0% used [0x0000000780f80000,0x0000000780f80000,0x0000000786f80000)
  from space 7680K, 0% used [0x0000000786f80000,0x0000000786f80000,0x0000000787700000)
  to   space 7680K, 0% used [0x000000078d700000,0x000000078d700000,0x000000078de80000)
 ParOldGen       total 100352K, used 19615K [0x0000000702e00000, 0x0000000709000000, 0x0000000780f80000)
  object space 100352K, 19% used [0x0000000702e00000,0x0000000704127e28,0x0000000709000000)
 Metaspace       used 20715K, capacity 21100K, committed 21248K, reserved 1069056K
  class space    used 2372K, capacity 2504K, committed 2560K, reserved 1048576K
}
Event: 2.259 GC heap before
{Heap before GC invocations=5 (full 1):
 PSYoungGen      total 105984K, used 98304K [0x0000000780f80000, 0x000000078de80000, 0x00000007c0000000)
  eden space 98304K, 100% used [0x0000000780f80000,0x0000000786f80000,0x0000000786f80000)
  from space 7680K, 0% used [0x0000000786f80000,0x0000000786f80000,0x0000000787700000)
  to   space 7680K, 0% used [0x000000078d700000,0x000000078d700000,0x000000078de80000)
 ParOldGen       total 100352K, used 19615K [0x0000000702e00000, 0x0000000709000000, 0x0000000780f80000)
  object space 100352K, 19% used [0x0000000702e00000,0x0000000704127e28,0x0000000709000000)
 Metaspace       used 34324K, capacity 34882K, committed 35200K, reserved 1079296K
  class space    used 4286K, capacity 4432K, committed 4480K, reserved 1048576K
Event: 2.272 GC heap after
Heap after GC invocations=5 (full 1):
 PSYoungGen      total 181248K, used 7674K [0x0000000780f80000, 0x000000078de80000, 0x00000007c0000000)
  eden space 173568K, 0% used [0x0000000780f80000,0x0000000780f80000,0x000000078b900000)
  from space 7680K, 99% used [0x000000078d700000,0x000000078de7e890,0x000000078de80000)
  to   space 7680K, 0% used [0x000000078cf80000,0x000000078cf80000,0x000000078d700000)
 ParOldGen       total 100352K, used 35283K [0x0000000702e00000, 0x0000000709000000, 0x0000000780f80000)
  object space 100352K, 35% used [0x0000000702e00000,0x0000000705074db8,0x0000000709000000)
 Metaspace       used 34324K, capacity 34882K, committed 35200K, reserved 1079296K
  class space    used 4286K, capacity 4432K, committed 4480K, reserved 1048576K
}
Event: 2.295 GC heap before
{Heap before GC invocations=6 (full 1):
 PSYoungGen      total 181248K, used 11844K [0x0000000780f80000, 0x000000078de80000, 0x00000007c0000000)
  eden space 173568K, 2% used [0x0000000780f80000,0x00000007813928d8,0x000000078b900000)
  from space 7680K, 99% used [0x000000078d700000,0x000000078de7e890,0x000000078de80000)
  to   space 7680K, 0% used [0x000000078cf80000,0x000000078cf80000,0x000000078d700000)
 ParOldGen       total 100352K, used 35283K [0x0000000702e00000, 0x0000000709000000, 0x0000000780f80000)
  object space 100352K, 35% used [0x0000000702e00000,0x0000000705074db8,0x0000000709000000)
 Metaspace       used 34639K, capacity 35146K, committed 35416K, reserved 1081344K
  class space    used 4356K, capacity 4498K, committed 4608K, reserved 1048576K
Event: 2.300 GC heap after
Heap after GC invocations=6 (full 1):
 PSYoungGen      total 181248K, used 7673K [0x0000000780f80000, 0x000000078de80000, 0x00000007c0000000)
  eden space 173568K, 0% used [0x0000000780f80000,0x0000000780f80000,0x000000078b900000)
  from space 7680K, 99% used [0x000000078cf80000,0x000000078d6fe6e0,0x000000078d700000)
  to   space 7680K, 0% used [0x000000078d700000,0x000000078d700000,0x000000078de80000)
 ParOldGen       total 100352K, used 35599K [0x0000000702e00000, 0x0000000709000000, 0x0000000780f80000)
  object space 100352K, 35% used [0x0000000702e00000,0x00000007050c3ca8,0x0000000709000000)
 Metaspace       used 34639K, capacity 35146K, committed 35416K, reserved 1081344K
  class space    used 4356K, capacity 4498K, committed 4608K, reserved 1048576K
}
Event: 2.300 GC heap before
{Heap before GC invocations=7 (full 2):
 PSYoungGen      total 181248K, used 7673K [0x0000000780f80000, 0x000000078de80000, 0x00000007c0000000)
  eden space 173568K, 0% used [0x0000000780f80000,0x0000000780f80000,0x000000078b900000)
  from space 7680K, 99% used [0x000000078cf80000,0x000000078d6fe6e0,0x000000078d700000)
  to   space 7680K, 0% used [0x000000078d700000,0x000000078d700000,0x000000078de80000)
 ParOldGen       total 100352K, used 35599K [0x0000000702e00000, 0x0000000709000000, 0x0000000780f80000)
  object space 100352K, 35% used [0x0000000702e00000,0x00000007050c3ca8,0x0000000709000000)
 Metaspace       used 34639K, capacity 35146K, committed 35416K, reserved 1081344K
  class space    used 4356K, capacity 4498K, committed 4608K, reserved 1048576K
Event: 2.339 GC heap after
Heap after GC invocations=7 (full 2):
 PSYoungGen      total 181248K, used 0K [0x0000000780f80000, 0x000000078de80000, 0x00000007c0000000)
  eden space 173568K, 0% used [0x0000000780f80000,0x0000000780f80000,0x000000078b900000)
  from space 7680K, 0% used [0x000000078cf80000,0x000000078cf80000,0x000000078d700000)
  to   space 7680K, 0% used [0x000000078d700000,0x000000078d700000,0x000000078de80000)
 ParOldGen       total 100352K, used 29463K [0x0000000702e00000, 0x0000000709000000, 0x0000000780f80000)
  object space 100352K, 29% used [0x0000000702e00000,0x0000000704ac5c80,0x0000000709000000)
 Metaspace       used 34639K, capacity 35146K, committed 35416K, reserved 1081344K
  class space    used 4356K, capacity 4498K, committed 4608K, reserved 1048576K
}

