# JRE version: OpenJDK Runtime Environment (8.0_242-b01) (build 1.8.0_242-release-1644-b01)
# Java VM: OpenJDK 64-Bit Server VM (25.242-b01 mixed mode windows-amd64 compressed oops)
Heap:
 PSYoungGen      total 344064K, used 218433K [0x00000000d5580000, 0x00000000edf00000, 0x0000000100000000)
  eden space 317440K, 60% used [0x00000000d5580000,0x00000000e10d35d0,0x00000000e8b80000)
  from space 26624K, 99% used [0x00000000e8b80000,0x00000000ea57cf78,0x00000000ea580000)
  to   space 22016K, 0% used [0x00000000ea580000,0x00000000ea580000,0x00000000ebb00000)
 ParOldGen       total 182272K, used 76986K [0x0000000080000000, 0x000000008b200000, 0x00000000d5580000)
  object space 182272K, 42% used [0x0000000080000000,0x0000000084b2e990,0x000000008b200000)
 Metaspace       used 83648K, capacity 89154K, committed 89368K, reserved 1126400K
  class space    used 11720K, capacity 12709K, committed 12832K, reserved 1048576K
GC Heap History (10 events):
Event: 4.420 GC heap before
{Heap before GC invocations=10 (full 2):
 PSYoungGen      total 206336K, used 193536K [0x00000000d5580000, 0x00000000e9800000, 0x0000000100000000)
  eden space 193536K, 100% used [0x00000000d5580000,0x00000000e1280000,0x00000000e1280000)
  from space 12800K, 0% used [0x00000000e1280000,0x00000000e1280000,0x00000000e1f00000)
  to   space 13312K, 0% used [0x00000000e8b00000,0x00000000e8b00000,0x00000000e9800000)
 ParOldGen       total 113664K, used 16442K [0x0000000080000000, 0x0000000086f00000, 0x00000000d5580000)
  object space 113664K, 14% used [0x0000000080000000,0x000000008100eab8,0x0000000086f00000)
 Metaspace       used 42835K, capacity 44678K, committed 44968K, reserved 1087488K
  class space    used 5833K, capacity 6225K, committed 6320K, reserved 1048576K
Event: 4.430 GC heap after
Heap after GC invocations=10 (full 2):
 PSYoungGen      total 279040K, used 13073K [0x00000000d5580000, 0x00000000e9800000, 0x0000000100000000)
  eden space 265728K, 0% used [0x00000000d5580000,0x00000000d5580000,0x00000000e5900000)
  from space 13312K, 98% used [0x00000000e8b00000,0x00000000e97c4700,0x00000000e9800000)
  to   space 14848K, 0% used [0x00000000e7b00000,0x00000000e7b00000,0x00000000e8980000)
 ParOldGen       total 113664K, used 16450K [0x0000000080000000, 0x0000000086f00000, 0x00000000d5580000)
  object space 113664K, 14% used [0x0000000080000000,0x0000000081010ab8,0x0000000086f00000)
 Metaspace       used 42835K, capacity 44678K, committed 44968K, reserved 1087488K
  class space    used 5833K, capacity 6225K, committed 6320K, reserved 1048576K
}
Event: 5.879 GC heap before
{Heap before GC invocations=11 (full 2):
 PSYoungGen      total 279040K, used 204040K [0x00000000d5580000, 0x00000000e9800000, 0x0000000100000000)
  eden space 265728K, 71% used [0x00000000d5580000,0x00000000e0ffd928,0x00000000e5900000)
  from space 13312K, 98% used [0x00000000e8b00000,0x00000000e97c4700,0x00000000e9800000)
  to   space 14848K, 0% used [0x00000000e7b00000,0x00000000e7b00000,0x00000000e8980000)
 ParOldGen       total 113664K, used 16450K [0x0000000080000000, 0x0000000086f00000, 0x00000000d5580000)
  object space 113664K, 14% used [0x0000000080000000,0x0000000081010ab8,0x0000000086f00000)
 Metaspace       used 56766K, capacity 59028K, committed 59160K, reserved 1099776K
  class space    used 7686K, capacity 8141K, committed 8224K, reserved 1048576K
Event: 5.904 GC heap after
Heap after GC invocations=11 (full 2):
 PSYoungGen      total 315392K, used 14816K [0x00000000d5580000, 0x00000000ebb00000, 0x0000000100000000)
  eden space 300544K, 0% used [0x00000000d5580000,0x00000000d5580000,0x00000000e7b00000)
  from space 14848K, 99% used [0x00000000e7b00000,0x00000000e8978030,0x00000000e8980000)
  to   space 22016K, 0% used [0x00000000ea580000,0x00000000ea580000,0x00000000ebb00000)
 ParOldGen       total 113664K, used 29673K [0x0000000080000000, 0x0000000086f00000, 0x00000000d5580000)
  object space 113664K, 26% used [0x0000000080000000,0x0000000081cfa4c8,0x0000000086f00000)
 Metaspace       used 56766K, capacity 59028K, committed 59160K, reserved 1099776K
  class space    used 7686K, capacity 8141K, committed 8224K, reserved 1048576K
}
Event: 5.904 GC heap before
{Heap before GC invocations=12 (full 3):
 PSYoungGen      total 315392K, used 14816K [0x00000000d5580000, 0x00000000ebb00000, 0x0000000100000000)
  eden space 300544K, 0% used [0x00000000d5580000,0x00000000d5580000,0x00000000e7b00000)
  from space 14848K, 99% used [0x00000000e7b00000,0x00000000e8978030,0x00000000e8980000)
  to   space 22016K, 0% used [0x00000000ea580000,0x00000000ea580000,0x00000000ebb00000)
 ParOldGen       total 113664K, used 29673K [0x0000000080000000, 0x0000000086f00000, 0x00000000d5580000)
  object space 113664K, 26% used [0x0000000080000000,0x0000000081cfa4c8,0x0000000086f00000)
 Metaspace       used 56766K, capacity 59028K, committed 59160K, reserved 1099776K
  class space    used 7686K, capacity 8141K, committed 8224K, reserved 1048576K
Event: 6.094 GC heap after
Heap after GC invocations=12 (full 3):
 PSYoungGen      total 315392K, used 0K [0x00000000d5580000, 0x00000000ebb00000, 0x0000000100000000)
  eden space 300544K, 0% used [0x00000000d5580000,0x00000000d5580000,0x00000000e7b00000)
  from space 14848K, 0% used [0x00000000e7b00000,0x00000000e7b00000,0x00000000e8980000)
  to   space 22016K, 0% used [0x00000000ea580000,0x00000000ea580000,0x00000000ebb00000)
 ParOldGen       total 182272K, used 40416K [0x0000000080000000, 0x000000008b200000, 0x00000000d5580000)
  object space 182272K, 22% used [0x0000000080000000,0x00000000827783f0,0x000000008b200000)
 Metaspace       used 56717K, capacity 58860K, committed 59160K, reserved 1099776K
  class space    used 7671K, capacity 8113K, committed 8224K, reserved 1048576K
}
Event: 8.252 GC heap before
{Heap before GC invocations=13 (full 3):
 PSYoungGen      total 315392K, used 300544K [0x00000000d5580000, 0x00000000ebb00000, 0x0000000100000000)
  eden space 300544K, 100% used [0x00000000d5580000,0x00000000e7b00000,0x00000000e7b00000)
  from space 14848K, 0% used [0x00000000e7b00000,0x00000000e7b00000,0x00000000e8980000)
  to   space 22016K, 0% used [0x00000000ea580000,0x00000000ea580000,0x00000000ebb00000)
 ParOldGen       total 182272K, used 40416K [0x0000000080000000, 0x000000008b200000, 0x00000000d5580000)
  object space 182272K, 22% used [0x0000000080000000,0x00000000827783f0,0x000000008b200000)
 Metaspace       used 67264K, capacity 70606K, committed 70808K, reserved 1110016K
  class space    used 9246K, capacity 9877K, committed 9888K, reserved 1048576K
Event: 8.271 GC heap after
Heap after GC invocations=13 (full 3):
 PSYoungGen      total 339456K, used 21997K [0x00000000d5580000, 0x00000000edf00000, 0x0000000100000000)
  eden space 317440K, 0% used [0x00000000d5580000,0x00000000d5580000,0x00000000e8b80000)
  from space 22016K, 99% used [0x00000000ea580000,0x00000000ebafb550,0x00000000ebb00000)
  to   space 26624K, 0% used [0x00000000e8b80000,0x00000000e8b80000,0x00000000ea580000)
 ParOldGen       total 182272K, used 45176K [0x0000000080000000, 0x000000008b200000, 0x00000000d5580000)
  object space 182272K, 24% used [0x0000000080000000,0x0000000082c1e2a0,0x000000008b200000)
 Metaspace       used 67264K, capacity 70606K, committed 70808K, reserved 1110016K
  class space    used 9246K, capacity 9877K, committed 9888K, reserved 1048576K
}
Event: 9.829 GC heap before
{Heap before GC invocations=14 (full 3):
 PSYoungGen      total 339456K, used 339437K [0x00000000d5580000, 0x00000000edf00000, 0x0000000100000000)
  eden space 317440K, 100% used [0x00000000d5580000,0x00000000e8b80000,0x00000000e8b80000)
  from space 22016K, 99% used [0x00000000ea580000,0x00000000ebafb550,0x00000000ebb00000)
  to   space 26624K, 0% used [0x00000000e8b80000,0x00000000e8b80000,0x00000000ea580000)
 ParOldGen       total 182272K, used 45176K [0x0000000080000000, 0x000000008b200000, 0x00000000d5580000)
  object space 182272K, 24% used [0x0000000080000000,0x0000000082c1e2a0,0x000000008b200000)
 Metaspace       used 81281K, capacity 86372K, committed 86680K, reserved 1124352K
  class space    used 11411K, capacity 12376K, committed 12448K, reserved 1048576K
Event: 9.877 GC heap after
Heap after GC invocations=14 (full 3):
 PSYoungGen      total 344064K, used 26611K [0x00000000d5580000, 0x00000000edf00000, 0x0000000100000000)
  eden space 317440K, 0% used [0x00000000d5580000,0x00000000d5580000,0x00000000e8b80000)
  from space 26624K, 99% used [0x00000000e8b80000,0x00000000ea57cf78,0x00000000ea580000)
  to   space 22016K, 0% used [0x00000000ea580000,0x00000000ea580000,0x00000000ebb00000)
 ParOldGen       total 182272K, used 76986K [0x0000000080000000, 0x000000008b200000, 0x00000000d5580000)
  object space 182272K, 42% used [0x0000000080000000,0x0000000084b2e990,0x000000008b200000)
 Metaspace       used 81281K, capacity 86372K, committed 86680K, reserved 1124352K
  class space    used 11411K, capacity 12376K, committed 12448K, reserved 1048576K
}

