# JRE version: OpenJDK Runtime Environment (8.0_242-b01) (build 1.8.0_242-release-1644-b01)
# Java VM: OpenJDK 64-Bit Server VM (25.242-b01 mixed mode windows-amd64 compressed oops)
Heap:
 PSYoungGen      total 177664K, used 105409K [0x0000000780f80000, 0x000000078de80000, 0x00000007c0000000)
  eden space 169984K, 62% used [0x0000000780f80000,0x0000000787670448,0x000000078b580000)
  from space 7680K, 0% used [0x000000078cf80000,0x000000078cf80000,0x000000078d700000)
  to   space 7680K, 0% used [0x000000078d700000,0x000000078d700000,0x000000078de80000)
 ParOldGen       total 129024K, used 29390K [0x0000000702e00000, 0x000000070ac00000, 0x0000000780f80000)
  object space 129024K, 22% used [0x0000000702e00000,0x0000000704ab3aa8,0x000000070ac00000)
 Metaspace       used 43276K, capacity 44078K, committed 44288K, reserved 1087488K
  class space    used 5308K, capacity 5555K, committed 5632K, reserved 1048576K
GC Heap History (10 events):
Event: 1.114 GC heap before
{Heap before GC invocations=3 (full 0):
 PSYoungGen      total 105984K, used 10268K [0x0000000780f80000, 0x0000000787e80000, 0x00000007c0000000)
  eden space 98304K, 2% used [0x0000000780f80000,0x000000078120cdb8,0x0000000786f80000)
  from space 7680K, 99% used [0x0000000787700000,0x0000000787e7a2c0,0x0000000787e80000)
  to   space 7680K, 0% used [0x0000000786f80000,0x0000000786f80000,0x0000000787700000)
 ParOldGen       total 130048K, used 21854K [0x0000000702e00000, 0x000000070ad00000, 0x0000000780f80000)
  object space 130048K, 16% used [0x0000000702e00000,0x0000000704357ac8,0x000000070ad00000)
 Metaspace       used 20723K, capacity 21100K, committed 21248K, reserved 1069056K
  class space    used 2368K, capacity 2504K, committed 2560K, reserved 1048576K
Event: 1.118 GC heap after
Heap after GC invocations=3 (full 0):
 PSYoungGen      total 105984K, used 7656K [0x0000000780f80000, 0x000000078de80000, 0x00000007c0000000)
  eden space 98304K, 0% used [0x0000000780f80000,0x0000000780f80000,0x0000000786f80000)
  from space 7680K, 99% used [0x0000000786f80000,0x00000007876fa2c0,0x0000000787700000)
  to   space 7680K, 0% used [0x000000078d700000,0x000000078d700000,0x000000078de80000)
 ParOldGen       total 130048K, used 21927K [0x0000000702e00000, 0x000000070ad00000, 0x0000000780f80000)
  object space 130048K, 16% used [0x0000000702e00000,0x0000000704369f90,0x000000070ad00000)
 Metaspace       used 20723K, capacity 21100K, committed 21248K, reserved 1069056K
  class space    used 2368K, capacity 2504K, committed 2560K, reserved 1048576K
}
Event: 1.118 GC heap before
{Heap before GC invocations=4 (full 1):
 PSYoungGen      total 105984K, used 7656K [0x0000000780f80000, 0x000000078de80000, 0x00000007c0000000)
  eden space 98304K, 0% used [0x0000000780f80000,0x0000000780f80000,0x0000000786f80000)
  from space 7680K, 99% used [0x0000000786f80000,0x00000007876fa2c0,0x0000000787700000)
  to   space 7680K, 0% used [0x000000078d700000,0x000000078d700000,0x000000078de80000)
 ParOldGen       total 130048K, used 21927K [0x0000000702e00000, 0x000000070ad00000, 0x0000000780f80000)
  object space 130048K, 16% used [0x0000000702e00000,0x0000000704369f90,0x000000070ad00000)
 Metaspace       used 20723K, capacity 21100K, committed 21248K, reserved 1069056K
  class space    used 2368K, capacity 2504K, committed 2560K, reserved 1048576K
Event: 1.164 GC heap after
Heap after GC invocations=4 (full 1):
 PSYoungGen      total 105984K, used 0K [0x0000000780f80000, 0x000000078de80000, 0x00000007c0000000)
  eden space 98304K, 0% used [0x0000000780f80000,0x0000000780f80000,0x0000000786f80000)
  from space 7680K, 0% used [0x0000000786f80000,0x0000000786f80000,0x0000000787700000)
  to   space 7680K, 0% used [0x000000078d700000,0x000000078d700000,0x000000078de80000)
 ParOldGen       total 101888K, used 19548K [0x0000000702e00000, 0x0000000709180000, 0x0000000780f80000)
  object space 101888K, 19% used [0x0000000702e00000,0x0000000704117030,0x0000000709180000)
 Metaspace       used 20723K, capacity 21100K, committed 21248K, reserved 1069056K
  class space    used 2368K, capacity 2504K, committed 2560K, reserved 1048576K
}
Event: 2.191 GC heap before
{Heap before GC invocations=5 (full 1):
 PSYoungGen      total 105984K, used 98304K [0x0000000780f80000, 0x000000078de80000, 0x00000007c0000000)
  eden space 98304K, 100% used [0x0000000780f80000,0x0000000786f80000,0x0000000786f80000)
  from space 7680K, 0% used [0x0000000786f80000,0x0000000786f80000,0x0000000787700000)
  to   space 7680K, 0% used [0x000000078d700000,0x000000078d700000,0x000000078de80000)
 ParOldGen       total 101888K, used 19548K [0x0000000702e00000, 0x0000000709180000, 0x0000000780f80000)
  object space 101888K, 19% used [0x0000000702e00000,0x0000000704117030,0x0000000709180000)
 Metaspace       used 34300K, capacity 34878K, committed 35200K, reserved 1079296K
  class space    used 4276K, capacity 4432K, committed 4480K, reserved 1048576K
Event: 2.205 GC heap after
Heap after GC invocations=5 (full 1):
 PSYoungGen      total 177664K, used 7674K [0x0000000780f80000, 0x000000078de80000, 0x00000007c0000000)
  eden space 169984K, 0% used [0x0000000780f80000,0x0000000780f80000,0x000000078b580000)
  from space 7680K, 99% used [0x000000078d700000,0x000000078de7e890,0x000000078de80000)
  to   space 7680K, 0% used [0x000000078cf80000,0x000000078cf80000,0x000000078d700000)
 ParOldGen       total 101888K, used 35237K [0x0000000702e00000, 0x0000000709180000, 0x0000000780f80000)
  object space 101888K, 34% used [0x0000000702e00000,0x0000000705069560,0x0000000709180000)
 Metaspace       used 34300K, capacity 34878K, committed 35200K, reserved 1079296K
  class space    used 4276K, capacity 4432K, committed 4480K, reserved 1048576K
}
Event: 2.231 GC heap before
{Heap before GC invocations=6 (full 1):
 PSYoungGen      total 177664K, used 15165K [0x0000000780f80000, 0x000000078de80000, 0x00000007c0000000)
  eden space 169984K, 4% used [0x0000000780f80000,0x00000007816d0c40,0x000000078b580000)
  from space 7680K, 99% used [0x000000078d700000,0x000000078de7e890,0x000000078de80000)
  to   space 7680K, 0% used [0x000000078cf80000,0x000000078cf80000,0x000000078d700000)
 ParOldGen       total 101888K, used 35237K [0x0000000702e00000, 0x0000000709180000, 0x0000000780f80000)
  object space 101888K, 34% used [0x0000000702e00000,0x0000000705069560,0x0000000709180000)
 Metaspace       used 34635K, capacity 35136K, committed 35416K, reserved 1081344K
  class space    used 4355K, capacity 4497K, committed 4608K, reserved 1048576K
Event: 2.236 GC heap after
Heap after GC invocations=6 (full 1):
 PSYoungGen      total 177664K, used 7654K [0x0000000780f80000, 0x000000078de80000, 0x00000007c0000000)
  eden space 169984K, 0% used [0x0000000780f80000,0x0000000780f80000,0x000000078b580000)
  from space 7680K, 99% used [0x000000078cf80000,0x000000078d6f9880,0x000000078d700000)
  to   space 7680K, 0% used [0x000000078d700000,0x000000078d700000,0x000000078de80000)
 ParOldGen       total 101888K, used 35496K [0x0000000702e00000, 0x0000000709180000, 0x0000000780f80000)
  object space 101888K, 34% used [0x0000000702e00000,0x00000007050aa0c0,0x0000000709180000)
 Metaspace       used 34635K, capacity 35136K, committed 35416K, reserved 1081344K
  class space    used 4355K, capacity 4497K, committed 4608K, reserved 1048576K
}
Event: 2.236 GC heap before
{Heap before GC invocations=7 (full 2):
 PSYoungGen      total 177664K, used 7654K [0x0000000780f80000, 0x000000078de80000, 0x00000007c0000000)
  eden space 169984K, 0% used [0x0000000780f80000,0x0000000780f80000,0x000000078b580000)
  from space 7680K, 99% used [0x000000078cf80000,0x000000078d6f9880,0x000000078d700000)
  to   space 7680K, 0% used [0x000000078d700000,0x000000078d700000,0x000000078de80000)
 ParOldGen       total 101888K, used 35496K [0x0000000702e00000, 0x0000000709180000, 0x0000000780f80000)
  object space 101888K, 34% used [0x0000000702e00000,0x00000007050aa0c0,0x0000000709180000)
 Metaspace       used 34635K, capacity 35136K, committed 35416K, reserved 1081344K
  class space    used 4355K, capacity 4497K, committed 4608K, reserved 1048576K
Event: 2.274 GC heap after
Heap after GC invocations=7 (full 2):
 PSYoungGen      total 177664K, used 0K [0x0000000780f80000, 0x000000078de80000, 0x00000007c0000000)
  eden space 169984K, 0% used [0x0000000780f80000,0x0000000780f80000,0x000000078b580000)
  from space 7680K, 0% used [0x000000078cf80000,0x000000078cf80000,0x000000078d700000)
  to   space 7680K, 0% used [0x000000078d700000,0x000000078d700000,0x000000078de80000)
 ParOldGen       total 129024K, used 29390K [0x0000000702e00000, 0x000000070ac00000, 0x0000000780f80000)
  object space 129024K, 22% used [0x0000000702e00000,0x0000000704ab3aa8,0x000000070ac00000)
 Metaspace       used 34635K, capacity 35136K, committed 35416K, reserved 1081344K
  class space    used 4355K, capacity 4497K, committed 4608K, reserved 1048576K
}

