# JRE version: OpenJDK Runtime Environment (8.0_242-b01) (build 1.8.0_242-release-1644-b01)
# Java VM: OpenJDK 64-Bit Server VM (25.242-b01 mixed mode windows-amd64 compressed oops)
Heap:
 PSYoungGen      total 385536K, used 43165K [0x00000000d5580000, 0x00000000f2300000, 0x0000000100000000)
  eden space 363520K, 5% used [0x00000000d5580000,0x00000000d6a29130,0x00000000eb880000)
  from space 22016K, 99% used [0x00000000ed680000,0x00000000eebfe618,0x00000000eec00000)
  to   space 30720K, 0% used [0x00000000eb880000,0x00000000eb880000,0x00000000ed680000)
 ParOldGen       total 156672K, used 55536K [0x0000000080000000, 0x0000000089900000, 0x00000000d5580000)
  object space 156672K, 35% used [0x0000000080000000,0x000000008363c1f8,0x0000000089900000)
 Metaspace       used 68108K, capacity 71294K, committed 71448K, reserved 1110016K
  class space    used 9321K, capacity 9965K, committed 10016K, reserved 1048576K
GC Heap History (10 events):
Event: 11.575 GC heap before
{Heap before GC invocations=9 (full 2):
 PSYoungGen      total 206336K, used 10261K [0x00000000d5580000, 0x00000000ebf80000, 0x0000000100000000)
  eden space 193536K, 0% used [0x00000000d5580000,0x00000000d5580000,0x00000000e1280000)
  from space 12800K, 80% used [0x00000000e1280000,0x00000000e1c85790,0x00000000e1f00000)
  to   space 13312K, 0% used [0x00000000eb280000,0x00000000eb280000,0x00000000ebf80000)
 ParOldGen       total 66560K, used 7530K [0x0000000080000000, 0x0000000084100000, 0x00000000d5580000)
  object space 66560K, 11% used [0x0000000080000000,0x000000008075a8b0,0x0000000084100000)
 Metaspace       used 34311K, capacity 35412K, committed 35496K, reserved 1079296K
  class space    used 4712K, capacity 5001K, committed 5040K, reserved 1048576K
Event: 11.771 GC heap after
Heap after GC invocations=9 (full 2):
 PSYoungGen      total 206336K, used 0K [0x00000000d5580000, 0x00000000ebf80000, 0x0000000100000000)
  eden space 193536K, 0% used [0x00000000d5580000,0x00000000d5580000,0x00000000e1280000)
  from space 12800K, 0% used [0x00000000e1280000,0x00000000e1280000,0x00000000e1f00000)
  to   space 13312K, 0% used [0x00000000eb280000,0x00000000eb280000,0x00000000ebf80000)
 ParOldGen       total 99840K, used 16504K [0x0000000080000000, 0x0000000086180000, 0x00000000d5580000)
  object space 99840K, 16% used [0x0000000080000000,0x000000008101e038,0x0000000086180000)
 Metaspace       used 34311K, capacity 35412K, committed 35496K, reserved 1079296K
  class space    used 4712K, capacity 5001K, committed 5040K, reserved 1048576K
}
Event: 14.978 GC heap before
{Heap before GC invocations=10 (full 2):
 PSYoungGen      total 206336K, used 193536K [0x00000000d5580000, 0x00000000ebf80000, 0x0000000100000000)
  eden space 193536K, 100% used [0x00000000d5580000,0x00000000e1280000,0x00000000e1280000)
  from space 12800K, 0% used [0x00000000e1280000,0x00000000e1280000,0x00000000e1f00000)
  to   space 13312K, 0% used [0x00000000eb280000,0x00000000eb280000,0x00000000ebf80000)
 ParOldGen       total 99840K, used 16504K [0x0000000080000000, 0x0000000086180000, 0x00000000d5580000)
  object space 99840K, 16% used [0x0000000080000000,0x000000008101e038,0x0000000086180000)
 Metaspace       used 44165K, capacity 45882K, committed 46120K, reserved 1089536K
  class space    used 5954K, capacity 6339K, committed 6448K, reserved 1048576K
Event: 14.996 GC heap after
Heap after GC invocations=10 (full 2):
 PSYoungGen      total 305664K, used 13303K [0x00000000d5580000, 0x00000000ebf80000, 0x0000000100000000)
  eden space 292352K, 0% used [0x00000000d5580000,0x00000000d5580000,0x00000000e7300000)
  from space 13312K, 99% used [0x00000000eb280000,0x00000000ebf7dd28,0x00000000ebf80000)
  to   space 15360K, 0% used [0x00000000ea180000,0x00000000ea180000,0x00000000eb080000)
 ParOldGen       total 99840K, used 17691K [0x0000000080000000, 0x0000000086180000, 0x00000000d5580000)
  object space 99840K, 17% used [0x0000000080000000,0x0000000081146e70,0x0000000086180000)
 Metaspace       used 44165K, capacity 45882K, committed 46120K, reserved 1089536K
  class space    used 5954K, capacity 6339K, committed 6448K, reserved 1048576K
}
Event: 19.404 GC heap before
{Heap before GC invocations=11 (full 2):
 PSYoungGen      total 305664K, used 198330K [0x00000000d5580000, 0x00000000ebf80000, 0x0000000100000000)
  eden space 292352K, 63% used [0x00000000d5580000,0x00000000e0a30cd8,0x00000000e7300000)
  from space 13312K, 99% used [0x00000000eb280000,0x00000000ebf7dd28,0x00000000ebf80000)
  to   space 15360K, 0% used [0x00000000ea180000,0x00000000ea180000,0x00000000eb080000)
 ParOldGen       total 99840K, used 17691K [0x0000000080000000, 0x0000000086180000, 0x00000000d5580000)
  object space 99840K, 17% used [0x0000000080000000,0x0000000081146e70,0x0000000086180000)
 Metaspace       used 56827K, capacity 59008K, committed 59160K, reserved 1099776K
  class space    used 7676K, capacity 8115K, committed 8224K, reserved 1048576K
Event: 19.430 GC heap after
Heap after GC invocations=11 (full 2):
 PSYoungGen      total 355328K, used 15356K [0x00000000d5580000, 0x00000000eec00000, 0x0000000100000000)
  eden space 339968K, 0% used [0x00000000d5580000,0x00000000d5580000,0x00000000ea180000)
  from space 15360K, 99% used [0x00000000ea180000,0x00000000eb07f320,0x00000000eb080000)
  to   space 22016K, 0% used [0x00000000ed680000,0x00000000ed680000,0x00000000eec00000)
 ParOldGen       total 99840K, used 29420K [0x0000000080000000, 0x0000000086180000, 0x00000000d5580000)
  object space 99840K, 29% used [0x0000000080000000,0x0000000081cbb020,0x0000000086180000)
 Metaspace       used 56827K, capacity 59008K, committed 59160K, reserved 1099776K
  class space    used 7676K, capacity 8115K, committed 8224K, reserved 1048576K
}
Event: 19.430 GC heap before
{Heap before GC invocations=12 (full 3):
 PSYoungGen      total 355328K, used 15356K [0x00000000d5580000, 0x00000000eec00000, 0x0000000100000000)
  eden space 339968K, 0% used [0x00000000d5580000,0x00000000d5580000,0x00000000ea180000)
  from space 15360K, 99% used [0x00000000ea180000,0x00000000eb07f320,0x00000000eb080000)
  to   space 22016K, 0% used [0x00000000ed680000,0x00000000ed680000,0x00000000eec00000)
 ParOldGen       total 99840K, used 29420K [0x0000000080000000, 0x0000000086180000, 0x00000000d5580000)
  object space 99840K, 29% used [0x0000000080000000,0x0000000081cbb020,0x0000000086180000)
 Metaspace       used 56827K, capacity 59008K, committed 59160K, reserved 1099776K
  class space    used 7676K, capacity 8115K, committed 8224K, reserved 1048576K
Event: 19.818 GC heap after
Heap after GC invocations=12 (full 3):
 PSYoungGen      total 355328K, used 0K [0x00000000d5580000, 0x00000000eec00000, 0x0000000100000000)
  eden space 339968K, 0% used [0x00000000d5580000,0x00000000d5580000,0x00000000ea180000)
  from space 15360K, 0% used [0x00000000ea180000,0x00000000ea180000,0x00000000eb080000)
  to   space 22016K, 0% used [0x00000000ed680000,0x00000000ed680000,0x00000000eec00000)
 ParOldGen       total 156672K, used 39471K [0x0000000080000000, 0x0000000089900000, 0x00000000d5580000)
  object space 156672K, 25% used [0x0000000080000000,0x000000008268bf30,0x0000000089900000)
 Metaspace       used 56827K, capacity 59008K, committed 59160K, reserved 1099776K
  class space    used 7676K, capacity 8115K, committed 8224K, reserved 1048576K
}
Event: 28.952 GC heap before
{Heap before GC invocations=13 (full 3):
 PSYoungGen      total 355328K, used 339968K [0x00000000d5580000, 0x00000000eec00000, 0x0000000100000000)
  eden space 339968K, 100% used [0x00000000d5580000,0x00000000ea180000,0x00000000ea180000)
  from space 15360K, 0% used [0x00000000ea180000,0x00000000ea180000,0x00000000eb080000)
  to   space 22016K, 0% used [0x00000000ed680000,0x00000000ed680000,0x00000000eec00000)
 ParOldGen       total 156672K, used 39471K [0x0000000080000000, 0x0000000089900000, 0x00000000d5580000)
  object space 156672K, 25% used [0x0000000080000000,0x000000008268bf30,0x0000000089900000)
 Metaspace       used 67827K, capacity 70950K, committed 71192K, reserved 1110016K
  class space    used 9299K, capacity 9897K, committed 10016K, reserved 1048576K
Event: 29.012 GC heap after
Heap after GC invocations=13 (full 3):
 PSYoungGen      total 385536K, used 22009K [0x00000000d5580000, 0x00000000f2300000, 0x0000000100000000)
  eden space 363520K, 0% used [0x00000000d5580000,0x00000000d5580000,0x00000000eb880000)
  from space 22016K, 99% used [0x00000000ed680000,0x00000000eebfe618,0x00000000eec00000)
  to   space 30720K, 0% used [0x00000000eb880000,0x00000000eb880000,0x00000000ed680000)
 ParOldGen       total 156672K, used 55536K [0x0000000080000000, 0x0000000089900000, 0x00000000d5580000)
  object space 156672K, 35% used [0x0000000080000000,0x000000008363c1f8,0x0000000089900000)
 Metaspace       used 67827K, capacity 70950K, committed 71192K, reserved 1110016K
  class space    used 9299K, capacity 9897K, committed 10016K, reserved 1048576K
}

