# JRE version: OpenJDK Runtime Environment (8.0_242-b01) (build 1.8.0_242-release-1644-b01)
# Java VM: OpenJDK 64-Bit Server VM (25.242-b01 mixed mode windows-amd64 compressed oops)
Heap:
 PSYoungGen      total 307712K, used 242828K [0x00000000d5580000, 0x00000000ec880000, 0x0000000100000000)
  eden space 292864K, 82% used [0x00000000d5580000,0x00000000e42a31e8,0x00000000e7380000)
  from space 14848K, 0% used [0x00000000e7380000,0x00000000e7380000,0x00000000e8200000)
  to   space 22016K, 0% used [0x00000000eb300000,0x00000000eb300000,0x00000000ec880000)
 ParOldGen       total 181248K, used 40371K [0x0000000080000000, 0x000000008b100000, 0x00000000d5580000)
  object space 181248K, 22% used [0x0000000080000000,0x000000008276cce0,0x000000008b100000)
 Metaspace       used 66457K, capacity 69652K, committed 69784K, reserved 1110016K
  class space    used 9170K, capacity 9814K, committed 9888K, reserved 1048576K
GC Heap History (10 events):
Event: 3.683 GC heap before
{Heap before GC invocations=8 (full 1):
 PSYoungGen      total 182784K, used 80951K [0x00000000d5580000, 0x00000000e2b80000, 0x0000000100000000)
  eden space 171520K, 40% used [0x00000000d5580000,0x00000000d9991478,0x00000000dfd00000)
  from space 11264K, 99% used [0x00000000e2080000,0x00000000e2b7caa8,0x00000000e2b80000)
  to   space 12800K, 0% used [0x00000000e1280000,0x00000000e1280000,0x00000000e1f00000)
 ParOldGen       total 71168K, used 7696K [0x0000000080000000, 0x0000000084580000, 0x00000000d5580000)
  object space 71168K, 10% used [0x0000000080000000,0x0000000080784298,0x0000000084580000)
 Metaspace       used 34257K, capacity 35412K, committed 35496K, reserved 1079296K
  class space    used 4719K, capacity 5001K, committed 5040K, reserved 1048576K
Event: 3.693 GC heap after
Heap after GC invocations=8 (full 1):
 PSYoungGen      total 206336K, used 10192K [0x00000000d5580000, 0x00000000e9080000, 0x0000000100000000)
  eden space 193536K, 0% used [0x00000000d5580000,0x00000000d5580000,0x00000000e1280000)
  from space 12800K, 79% used [0x00000000e1280000,0x00000000e1c74020,0x00000000e1f00000)
  to   space 13312K, 0% used [0x00000000e8380000,0x00000000e8380000,0x00000000e9080000)
 ParOldGen       total 71168K, used 7704K [0x0000000080000000, 0x0000000084580000, 0x00000000d5580000)
  object space 71168K, 10% used [0x0000000080000000,0x0000000080786298,0x0000000084580000)
 Metaspace       used 34257K, capacity 35412K, committed 35496K, reserved 1079296K
  class space    used 4719K, capacity 5001K, committed 5040K, reserved 1048576K
}
Event: 3.693 GC heap before
{Heap before GC invocations=9 (full 2):
 PSYoungGen      total 206336K, used 10192K [0x00000000d5580000, 0x00000000e9080000, 0x0000000100000000)
  eden space 193536K, 0% used [0x00000000d5580000,0x00000000d5580000,0x00000000e1280000)
  from space 12800K, 79% used [0x00000000e1280000,0x00000000e1c74020,0x00000000e1f00000)
  to   space 13312K, 0% used [0x00000000e8380000,0x00000000e8380000,0x00000000e9080000)
 ParOldGen       total 71168K, used 7704K [0x0000000080000000, 0x0000000084580000, 0x00000000d5580000)
  object space 71168K, 10% used [0x0000000080000000,0x0000000080786298,0x0000000084580000)
 Metaspace       used 34257K, capacity 35412K, committed 35496K, reserved 1079296K
  class space    used 4719K, capacity 5001K, committed 5040K, reserved 1048576K
Event: 3.772 GC heap after
Heap after GC invocations=9 (full 2):
 PSYoungGen      total 206336K, used 0K [0x00000000d5580000, 0x00000000e9080000, 0x0000000100000000)
  eden space 193536K, 0% used [0x00000000d5580000,0x00000000d5580000,0x00000000e1280000)
  from space 12800K, 0% used [0x00000000e1280000,0x00000000e1280000,0x00000000e1f00000)
  to   space 13312K, 0% used [0x00000000e8380000,0x00000000e8380000,0x00000000e9080000)
 ParOldGen       total 112128K, used 16447K [0x0000000080000000, 0x0000000086d80000, 0x00000000d5580000)
  object space 112128K, 14% used [0x0000000080000000,0x000000008100fd78,0x0000000086d80000)
 Metaspace       used 34257K, capacity 35412K, committed 35496K, reserved 1079296K
  class space    used 4719K, capacity 5001K, committed 5040K, reserved 1048576K
}
Event: 4.736 GC heap before
{Heap before GC invocations=10 (full 2):
 PSYoungGen      total 206336K, used 193536K [0x00000000d5580000, 0x00000000e9080000, 0x0000000100000000)
  eden space 193536K, 100% used [0x00000000d5580000,0x00000000e1280000,0x00000000e1280000)
  from space 12800K, 0% used [0x00000000e1280000,0x00000000e1280000,0x00000000e1f00000)
  to   space 13312K, 0% used [0x00000000e8380000,0x00000000e8380000,0x00000000e9080000)
 ParOldGen       total 112128K, used 16447K [0x0000000080000000, 0x0000000086d80000, 0x00000000d5580000)
  object space 112128K, 14% used [0x0000000080000000,0x000000008100fd78,0x0000000086d80000)
 Metaspace       used 42938K, capacity 44810K, committed 44968K, reserved 1087488K
  class space    used 5844K, capacity 6225K, committed 6320K, reserved 1048576K
Event: 4.746 GC heap after
Heap after GC invocations=10 (full 2):
 PSYoungGen      total 286720K, used 13169K [0x00000000d5580000, 0x00000000e9080000, 0x0000000100000000)
  eden space 273408K, 0% used [0x00000000d5580000,0x00000000d5580000,0x00000000e6080000)
  from space 13312K, 98% used [0x00000000e8380000,0x00000000e905c700,0x00000000e9080000)
  to   space 14848K, 0% used [0x00000000e7380000,0x00000000e7380000,0x00000000e8200000)
 ParOldGen       total 112128K, used 16455K [0x0000000080000000, 0x0000000086d80000, 0x00000000d5580000)
  object space 112128K, 14% used [0x0000000080000000,0x0000000081011d78,0x0000000086d80000)
 Metaspace       used 42938K, capacity 44810K, committed 44968K, reserved 1087488K
  class space    used 5844K, capacity 6225K, committed 6320K, reserved 1048576K
}
Event: 6.406 GC heap before
{Heap before GC invocations=11 (full 2):
 PSYoungGen      total 286720K, used 195825K [0x00000000d5580000, 0x00000000e9080000, 0x0000000100000000)
  eden space 273408K, 66% used [0x00000000d5580000,0x00000000e07e0080,0x00000000e6080000)
  from space 13312K, 98% used [0x00000000e8380000,0x00000000e905c700,0x00000000e9080000)
  to   space 14848K, 0% used [0x00000000e7380000,0x00000000e7380000,0x00000000e8200000)
 ParOldGen       total 112128K, used 16455K [0x0000000080000000, 0x0000000086d80000, 0x00000000d5580000)
  object space 112128K, 14% used [0x0000000080000000,0x0000000081011d78,0x0000000086d80000)
 Metaspace       used 56763K, capacity 59032K, committed 59160K, reserved 1099776K
  class space    used 7687K, capacity 8141K, committed 8224K, reserved 1048576K
Event: 6.427 GC heap after
Heap after GC invocations=11 (full 2):
 PSYoungGen      total 307712K, used 14836K [0x00000000d5580000, 0x00000000ec880000, 0x0000000100000000)
  eden space 292864K, 0% used [0x00000000d5580000,0x00000000d5580000,0x00000000e7380000)
  from space 14848K, 99% used [0x00000000e7380000,0x00000000e81fd320,0x00000000e8200000)
  to   space 22016K, 0% used [0x00000000eb300000,0x00000000eb300000,0x00000000ec880000)
 ParOldGen       total 112128K, used 29626K [0x0000000080000000, 0x0000000086d80000, 0x00000000d5580000)
  object space 112128K, 26% used [0x0000000080000000,0x0000000081ceea20,0x0000000086d80000)
 Metaspace       used 56763K, capacity 59032K, committed 59160K, reserved 1099776K
  class space    used 7687K, capacity 8141K, committed 8224K, reserved 1048576K
}
Event: 6.427 GC heap before
{Heap before GC invocations=12 (full 3):
 PSYoungGen      total 307712K, used 14836K [0x00000000d5580000, 0x00000000ec880000, 0x0000000100000000)
  eden space 292864K, 0% used [0x00000000d5580000,0x00000000d5580000,0x00000000e7380000)
  from space 14848K, 99% used [0x00000000e7380000,0x00000000e81fd320,0x00000000e8200000)
  to   space 22016K, 0% used [0x00000000eb300000,0x00000000eb300000,0x00000000ec880000)
 ParOldGen       total 112128K, used 29626K [0x0000000080000000, 0x0000000086d80000, 0x00000000d5580000)
  object space 112128K, 26% used [0x0000000080000000,0x0000000081ceea20,0x0000000086d80000)
 Metaspace       used 56763K, capacity 59032K, committed 59160K, reserved 1099776K
  class space    used 7687K, capacity 8141K, committed 8224K, reserved 1048576K
Event: 6.675 GC heap after
Heap after GC invocations=12 (full 3):
 PSYoungGen      total 307712K, used 0K [0x00000000d5580000, 0x00000000ec880000, 0x0000000100000000)
  eden space 292864K, 0% used [0x00000000d5580000,0x00000000d5580000,0x00000000e7380000)
  from space 14848K, 0% used [0x00000000e7380000,0x00000000e7380000,0x00000000e8200000)
  to   space 22016K, 0% used [0x00000000eb300000,0x00000000eb300000,0x00000000ec880000)
 ParOldGen       total 181248K, used 40371K [0x0000000080000000, 0x000000008b100000, 0x00000000d5580000)
  object space 181248K, 22% used [0x0000000080000000,0x000000008276cce0,0x000000008b100000)
 Metaspace       used 56714K, capacity 58864K, committed 59160K, reserved 1099776K
  class space    used 7672K, capacity 8113K, committed 8224K, reserved 1048576K
}

