# JRE version: OpenJDK Runtime Environment (8.0_242-b01) (build 1.8.0_242-release-1644-b01)
# Java VM: OpenJDK 64-Bit Server VM (25.242-b01 mixed mode windows-amd64 compressed oops)
Heap:
 PSYoungGen      total 326656K, used 78227K [0x00000000d5580000, 0x00000000ef400000, 0x0000000100000000)
  eden space 301056K, 17% used [0x00000000d5580000,0x00000000d88e7e60,0x00000000e7b80000)
  from space 25600K, 99% used [0x00000000e7b80000,0x00000000e947cf30,0x00000000e9480000)
  to   space 39424K, 0% used [0x00000000ecd80000,0x00000000ecd80000,0x00000000ef400000)
 ParOldGen       total 194048K, used 70848K [0x0000000080000000, 0x000000008bd80000, 0x00000000d5580000)
  object space 194048K, 36% used [0x0000000080000000,0x0000000084530038,0x000000008bd80000)
 Metaspace       used 81480K, capacity 86450K, committed 86552K, reserved 1124352K
  class space    used 11395K, capacity 12313K, committed 12336K, reserved 1048576K
GC Heap History (10 events):
Event: 4.948 GC heap before
{Heap before GC invocations=10 (full 2):
 PSYoungGen      total 206336K, used 193536K [0x00000000d5580000, 0x00000000e8780000, 0x0000000100000000)
  eden space 193536K, 100% used [0x00000000d5580000,0x00000000e1280000,0x00000000e1280000)
  from space 12800K, 0% used [0x00000000e1280000,0x00000000e1280000,0x00000000e1f00000)
  to   space 13312K, 0% used [0x00000000e7a80000,0x00000000e7a80000,0x00000000e8780000)
 ParOldGen       total 120832K, used 16456K [0x0000000080000000, 0x0000000087600000, 0x00000000d5580000)
  object space 120832K, 13% used [0x0000000080000000,0x0000000081012180,0x0000000087600000)
 Metaspace       used 42838K, capacity 44608K, committed 44968K, reserved 1087488K
  class space    used 5838K, capacity 6224K, committed 6320K, reserved 1048576K
Event: 4.958 GC heap after
Heap after GC invocations=10 (full 2):
 PSYoungGen      total 269824K, used 13112K [0x00000000d5580000, 0x00000000e8780000, 0x0000000100000000)
  eden space 256512K, 0% used [0x00000000d5580000,0x00000000d5580000,0x00000000e5000000)
  from space 13312K, 98% used [0x00000000e7a80000,0x00000000e874e050,0x00000000e8780000)
  to   space 14848K, 0% used [0x00000000e6a80000,0x00000000e6a80000,0x00000000e7900000)
 ParOldGen       total 120832K, used 16464K [0x0000000080000000, 0x0000000087600000, 0x00000000d5580000)
  object space 120832K, 13% used [0x0000000080000000,0x0000000081014180,0x0000000087600000)
 Metaspace       used 42838K, capacity 44608K, committed 44968K, reserved 1087488K
  class space    used 5838K, capacity 6224K, committed 6320K, reserved 1048576K
}
Event: 6.697 GC heap before
{Heap before GC invocations=11 (full 2):
 PSYoungGen      total 269824K, used 199923K [0x00000000d5580000, 0x00000000e8780000, 0x0000000100000000)
  eden space 256512K, 72% used [0x00000000d5580000,0x00000000e0beef38,0x00000000e5000000)
  from space 13312K, 98% used [0x00000000e7a80000,0x00000000e874e050,0x00000000e8780000)
  to   space 14848K, 0% used [0x00000000e6a80000,0x00000000e6a80000,0x00000000e7900000)
 ParOldGen       total 120832K, used 16464K [0x0000000080000000, 0x0000000087600000, 0x00000000d5580000)
  object space 120832K, 13% used [0x0000000080000000,0x0000000081014180,0x0000000087600000)
 Metaspace       used 56826K, capacity 59034K, committed 59160K, reserved 1099776K
  class space    used 7698K, capacity 8142K, committed 8240K, reserved 1048576K
Event: 6.729 GC heap after
Heap after GC invocations=11 (full 2):
 PSYoungGen      total 298496K, used 14836K [0x00000000d5580000, 0x00000000eaa00000, 0x0000000100000000)
  eden space 283648K, 0% used [0x00000000d5580000,0x00000000d5580000,0x00000000e6a80000)
  from space 14848K, 99% used [0x00000000e6a80000,0x00000000e78fd320,0x00000000e7900000)
  to   space 22016K, 0% used [0x00000000e9480000,0x00000000e9480000,0x00000000eaa00000)
 ParOldGen       total 120832K, used 29811K [0x0000000080000000, 0x0000000087600000, 0x00000000d5580000)
  object space 120832K, 24% used [0x0000000080000000,0x0000000081d1cd40,0x0000000087600000)
 Metaspace       used 56826K, capacity 59034K, committed 59160K, reserved 1099776K
  class space    used 7698K, capacity 8142K, committed 8240K, reserved 1048576K
}
Event: 6.729 GC heap before
{Heap before GC invocations=12 (full 3):
 PSYoungGen      total 298496K, used 14836K [0x00000000d5580000, 0x00000000eaa00000, 0x0000000100000000)
  eden space 283648K, 0% used [0x00000000d5580000,0x00000000d5580000,0x00000000e6a80000)
  from space 14848K, 99% used [0x00000000e6a80000,0x00000000e78fd320,0x00000000e7900000)
  to   space 22016K, 0% used [0x00000000e9480000,0x00000000e9480000,0x00000000eaa00000)
 ParOldGen       total 120832K, used 29811K [0x0000000080000000, 0x0000000087600000, 0x00000000d5580000)
  object space 120832K, 24% used [0x0000000080000000,0x0000000081d1cd40,0x0000000087600000)
 Metaspace       used 56826K, capacity 59034K, committed 59160K, reserved 1099776K
  class space    used 7698K, capacity 8142K, committed 8240K, reserved 1048576K
Event: 6.985 GC heap after
Heap after GC invocations=12 (full 3):
 PSYoungGen      total 298496K, used 0K [0x00000000d5580000, 0x00000000eaa00000, 0x0000000100000000)
  eden space 283648K, 0% used [0x00000000d5580000,0x00000000d5580000,0x00000000e6a80000)
  from space 14848K, 0% used [0x00000000e6a80000,0x00000000e6a80000,0x00000000e7900000)
  to   space 22016K, 0% used [0x00000000e9480000,0x00000000e9480000,0x00000000eaa00000)
 ParOldGen       total 194048K, used 40540K [0x0000000080000000, 0x000000008bd80000, 0x00000000d5580000)
  object space 194048K, 20% used [0x0000000080000000,0x00000000827973a8,0x000000008bd80000)
 Metaspace       used 56778K, capacity 58872K, committed 59160K, reserved 1099776K
  class space    used 7684K, capacity 8115K, committed 8240K, reserved 1048576K
}
Event: 9.666 GC heap before
{Heap before GC invocations=13 (full 3):
 PSYoungGen      total 298496K, used 283648K [0x00000000d5580000, 0x00000000eaa00000, 0x0000000100000000)
  eden space 283648K, 100% used [0x00000000d5580000,0x00000000e6a80000,0x00000000e6a80000)
  from space 14848K, 0% used [0x00000000e6a80000,0x00000000e6a80000,0x00000000e7900000)
  to   space 22016K, 0% used [0x00000000e9480000,0x00000000e9480000,0x00000000eaa00000)
 ParOldGen       total 194048K, used 40540K [0x0000000080000000, 0x000000008bd80000, 0x00000000d5580000)
  object space 194048K, 20% used [0x0000000080000000,0x00000000827973a8,0x000000008bd80000)
 Metaspace       used 66813K, capacity 70092K, committed 70296K, reserved 1110016K
  class space    used 9198K, capacity 9856K, committed 9904K, reserved 1048576K
Event: 9.691 GC heap after
Heap after GC invocations=13 (full 3):
 PSYoungGen      total 323072K, used 21996K [0x00000000d5580000, 0x00000000ec500000, 0x0000000100000000)
  eden space 301056K, 0% used [0x00000000d5580000,0x00000000d5580000,0x00000000e7b80000)
  from space 22016K, 99% used [0x00000000e9480000,0x00000000ea9fb268,0x00000000eaa00000)
  to   space 25600K, 0% used [0x00000000e7b80000,0x00000000e7b80000,0x00000000e9480000)
 ParOldGen       total 194048K, used 43080K [0x0000000080000000, 0x000000008bd80000, 0x00000000d5580000)
  object space 194048K, 22% used [0x0000000080000000,0x0000000082a12260,0x000000008bd80000)
 Metaspace       used 66813K, capacity 70092K, committed 70296K, reserved 1110016K
  class space    used 9198K, capacity 9856K, committed 9904K, reserved 1048576K
}
Event: 11.625 GC heap before
{Heap before GC invocations=14 (full 3):
 PSYoungGen      total 323072K, used 323052K [0x00000000d5580000, 0x00000000ec500000, 0x0000000100000000)
  eden space 301056K, 100% used [0x00000000d5580000,0x00000000e7b80000,0x00000000e7b80000)
  from space 22016K, 99% used [0x00000000e9480000,0x00000000ea9fb268,0x00000000eaa00000)
  to   space 25600K, 0% used [0x00000000e7b80000,0x00000000e7b80000,0x00000000e9480000)
 ParOldGen       total 194048K, used 43080K [0x0000000080000000, 0x000000008bd80000, 0x00000000d5580000)
  object space 194048K, 22% used [0x0000000080000000,0x0000000082a12260,0x000000008bd80000)
 Metaspace       used 77598K, capacity 81880K, committed 82200K, reserved 1120256K
  class space    used 10695K, capacity 11448K, committed 11568K, reserved 1048576K
Event: 11.664 GC heap after
Heap after GC invocations=14 (full 3):
 PSYoungGen      total 326656K, used 25587K [0x00000000d5580000, 0x00000000ef400000, 0x0000000100000000)
  eden space 301056K, 0% used [0x00000000d5580000,0x00000000d5580000,0x00000000e7b80000)
  from space 25600K, 99% used [0x00000000e7b80000,0x00000000e947cf30,0x00000000e9480000)
  to   space 39424K, 0% used [0x00000000ecd80000,0x00000000ecd80000,0x00000000ef400000)
 ParOldGen       total 194048K, used 70848K [0x0000000080000000, 0x000000008bd80000, 0x00000000d5580000)
  object space 194048K, 36% used [0x0000000080000000,0x0000000084530038,0x000000008bd80000)
 Metaspace       used 77598K, capacity 81880K, committed 82200K, reserved 1120256K
  class space    used 10695K, capacity 11448K, committed 11568K, reserved 1048576K
}

