# JRE version: OpenJDK Runtime Environment (8.0_242-b01) (build 1.8.0_242-release-1644-b01)
# Java VM: OpenJDK 64-Bit Server VM (25.242-b01 mixed mode windows-amd64 compressed oops)
Heap:
 PSYoungGen      total 105984K, used 18803K [0x00000000d5580000, 0x00000000dc480000, 0x0000000100000000)
  eden space 98304K, 12% used [0x00000000d5580000,0x00000000d61a2c18,0x00000000db580000)
  from space 7680K, 83% used [0x00000000dbd00000,0x00000000dc33a050,0x00000000dc480000)
  to   space 7680K, 0% used [0x00000000db580000,0x00000000db580000,0x00000000dbd00000)
 ParOldGen       total 106496K, used 17014K [0x0000000080000000, 0x0000000086800000, 0x00000000d5580000)
  object space 106496K, 15% used [0x0000000080000000,0x000000008109dbc8,0x0000000086800000)
 Metaspace       used 37429K, capacity 39088K, committed 39336K, reserved 1083392K
  class space    used 5152K, capacity 5493K, committed 5552K, reserved 1048576K
GC Heap History (10 events):
Event: 2.437 GC heap before
{Heap before GC invocations=5 (full 0):
 PSYoungGen      total 105984K, used 16635K [0x00000000d5580000, 0x00000000dc480000, 0x0000000100000000)
  eden space 98304K, 9% used [0x00000000d5580000,0x00000000d5e45a20,0x00000000db580000)
  from space 7680K, 99% used [0x00000000dbd00000,0x00000000dc479310,0x00000000dc480000)
  to   space 7680K, 0% used [0x00000000db580000,0x00000000db580000,0x00000000dbd00000)
 ParOldGen       total 130048K, used 4172K [0x0000000080000000, 0x0000000087f00000, 0x00000000d5580000)
  object space 130048K, 3% used [0x0000000080000000,0x00000000804132e8,0x0000000087f00000)
 Metaspace       used 20560K, capacity 21224K, committed 21296K, reserved 1067008K
  class space    used 2872K, capacity 3076K, committed 3120K, reserved 1048576K
Event: 2.442 GC heap after
Heap after GC invocations=5 (full 0):
 PSYoungGen      total 105984K, used 7133K [0x00000000d5580000, 0x00000000dc480000, 0x0000000100000000)
  eden space 98304K, 0% used [0x00000000d5580000,0x00000000d5580000,0x00000000db580000)
  from space 7680K, 92% used [0x00000000db580000,0x00000000dbc77490,0x00000000dbd00000)
  to   space 7680K, 0% used [0x00000000dbd00000,0x00000000dbd00000,0x00000000dc480000)
 ParOldGen       total 130048K, used 4180K [0x0000000080000000, 0x0000000087f00000, 0x00000000d5580000)
  object space 130048K, 3% used [0x0000000080000000,0x00000000804152e8,0x0000000087f00000)
 Metaspace       used 20560K, capacity 21224K, committed 21296K, reserved 1067008K
  class space    used 2872K, capacity 3076K, committed 3120K, reserved 1048576K
}
Event: 2.442 GC heap before
{Heap before GC invocations=6 (full 1):
 PSYoungGen      total 105984K, used 7133K [0x00000000d5580000, 0x00000000dc480000, 0x0000000100000000)
  eden space 98304K, 0% used [0x00000000d5580000,0x00000000d5580000,0x00000000db580000)
  from space 7680K, 92% used [0x00000000db580000,0x00000000dbc77490,0x00000000dbd00000)
  to   space 7680K, 0% used [0x00000000dbd00000,0x00000000dbd00000,0x00000000dc480000)
 ParOldGen       total 130048K, used 4180K [0x0000000080000000, 0x0000000087f00000, 0x00000000d5580000)
  object space 130048K, 3% used [0x0000000080000000,0x00000000804152e8,0x0000000087f00000)
 Metaspace       used 20560K, capacity 21224K, committed 21296K, reserved 1067008K
  class space    used 2872K, capacity 3076K, committed 3120K, reserved 1048576K
Event: 2.467 GC heap after
Heap after GC invocations=6 (full 1):
 PSYoungGen      total 105984K, used 0K [0x00000000d5580000, 0x00000000dc480000, 0x0000000100000000)
  eden space 98304K, 0% used [0x00000000d5580000,0x00000000d5580000,0x00000000db580000)
  from space 7680K, 0% used [0x00000000db580000,0x00000000db580000,0x00000000dbd00000)
  to   space 7680K, 0% used [0x00000000dbd00000,0x00000000dbd00000,0x00000000dc480000)
 ParOldGen       total 70144K, used 7503K [0x0000000080000000, 0x0000000084480000, 0x00000000d5580000)
  object space 70144K, 10% used [0x0000000080000000,0x0000000080753e80,0x0000000084480000)
 Metaspace       used 20560K, capacity 21224K, committed 21296K, reserved 1067008K
  class space    used 2872K, capacity 3076K, committed 3120K, reserved 1048576K
}
Event: 3.178 GC heap before
{Heap before GC invocations=7 (full 1):
 PSYoungGen      total 105984K, used 98304K [0x00000000d5580000, 0x00000000dc480000, 0x0000000100000000)
  eden space 98304K, 100% used [0x00000000d5580000,0x00000000db580000,0x00000000db580000)
  from space 7680K, 0% used [0x00000000db580000,0x00000000db580000,0x00000000dbd00000)
  to   space 7680K, 0% used [0x00000000dbd00000,0x00000000dbd00000,0x00000000dc480000)
 ParOldGen       total 70144K, used 7503K [0x0000000080000000, 0x0000000084480000, 0x00000000d5580000)
  object space 70144K, 10% used [0x0000000080000000,0x0000000080753e80,0x0000000084480000)
 Metaspace       used 31146K, capacity 32078K, committed 32432K, reserved 1077248K
  class space    used 4216K, capacity 4434K, committed 4528K, reserved 1048576K
Event: 3.186 GC heap after
Heap after GC invocations=7 (full 1):
 PSYoungGen      total 105984K, used 7657K [0x00000000d5580000, 0x00000000dc480000, 0x0000000100000000)
  eden space 98304K, 0% used [0x00000000d5580000,0x00000000d5580000,0x00000000db580000)
  from space 7680K, 99% used [0x00000000dbd00000,0x00000000dc47a6f8,0x00000000dc480000)
  to   space 7680K, 0% used [0x00000000db580000,0x00000000db580000,0x00000000dbd00000)
 ParOldGen       total 70144K, used 11154K [0x0000000080000000, 0x0000000084480000, 0x00000000d5580000)
  object space 70144K, 15% used [0x0000000080000000,0x0000000080ae4b80,0x0000000084480000)
 Metaspace       used 31146K, capacity 32078K, committed 32432K, reserved 1077248K
  class space    used 4216K, capacity 4434K, committed 4528K, reserved 1048576K
}
Event: 3.588 GC heap before
{Heap before GC invocations=8 (full 1):
 PSYoungGen      total 105984K, used 77578K [0x00000000d5580000, 0x00000000dc480000, 0x0000000100000000)
  eden space 98304K, 71% used [0x00000000d5580000,0x00000000d99c8480,0x00000000db580000)
  from space 7680K, 99% used [0x00000000dbd00000,0x00000000dc47a6f8,0x00000000dc480000)
  to   space 7680K, 0% used [0x00000000db580000,0x00000000db580000,0x00000000dbd00000)
 ParOldGen       total 70144K, used 11154K [0x0000000080000000, 0x0000000084480000, 0x00000000d5580000)
  object space 70144K, 15% used [0x0000000080000000,0x0000000080ae4b80,0x0000000084480000)
 Metaspace       used 34258K, capacity 35412K, committed 35496K, reserved 1079296K
  class space    used 4712K, capacity 5001K, committed 5040K, reserved 1048576K
Event: 3.596 GC heap after
Heap after GC invocations=8 (full 1):
 PSYoungGen      total 105984K, used 7664K [0x00000000d5580000, 0x00000000dc480000, 0x0000000100000000)
  eden space 98304K, 0% used [0x00000000d5580000,0x00000000d5580000,0x00000000db580000)
  from space 7680K, 99% used [0x00000000db580000,0x00000000dbcfc220,0x00000000dbd00000)
  to   space 7680K, 0% used [0x00000000dbd00000,0x00000000dbd00000,0x00000000dc480000)
 ParOldGen       total 70144K, used 13606K [0x0000000080000000, 0x0000000084480000, 0x00000000d5580000)
  object space 70144K, 19% used [0x0000000080000000,0x0000000080d499f0,0x0000000084480000)
 Metaspace       used 34258K, capacity 35412K, committed 35496K, reserved 1079296K
  class space    used 4712K, capacity 5001K, committed 5040K, reserved 1048576K
}
Event: 3.597 GC heap before
{Heap before GC invocations=9 (full 2):
 PSYoungGen      total 105984K, used 7664K [0x00000000d5580000, 0x00000000dc480000, 0x0000000100000000)
  eden space 98304K, 0% used [0x00000000d5580000,0x00000000d5580000,0x00000000db580000)
  from space 7680K, 99% used [0x00000000db580000,0x00000000dbcfc220,0x00000000dbd00000)
  to   space 7680K, 0% used [0x00000000dbd00000,0x00000000dbd00000,0x00000000dc480000)
 ParOldGen       total 70144K, used 13606K [0x0000000080000000, 0x0000000084480000, 0x00000000d5580000)
  object space 70144K, 19% used [0x0000000080000000,0x0000000080d499f0,0x0000000084480000)
 Metaspace       used 34258K, capacity 35412K, committed 35496K, reserved 1079296K
  class space    used 4712K, capacity 5001K, committed 5040K, reserved 1048576K
Event: 3.635 GC heap after
Heap after GC invocations=9 (full 2):
 PSYoungGen      total 105984K, used 0K [0x00000000d5580000, 0x00000000dc480000, 0x0000000100000000)
  eden space 98304K, 0% used [0x00000000d5580000,0x00000000d5580000,0x00000000db580000)
  from space 7680K, 0% used [0x00000000db580000,0x00000000db580000,0x00000000dbd00000)
  to   space 7680K, 0% used [0x00000000dbd00000,0x00000000dbd00000,0x00000000dc480000)
 ParOldGen       total 106496K, used 17006K [0x0000000080000000, 0x0000000086800000, 0x00000000d5580000)
  object space 106496K, 15% used [0x0000000080000000,0x000000008109bbc8,0x0000000086800000)
 Metaspace       used 34258K, capacity 35412K, committed 35496K, reserved 1079296K
  class space    used 4712K, capacity 5001K, committed 5040K, reserved 1048576K
}

