# JRE version: OpenJDK Runtime Environment (8.0_242-b01) (build 1.8.0_242-release-1644-b01)
# Java VM: OpenJDK 64-Bit Server VM (25.242-b01 mixed mode windows-amd64 compressed oops)
Heap:
 PSYoungGen      total 332800K, used 288697K [0x00000000d5580000, 0x00000000ed580000, 0x0000000100000000)
  eden space 310784K, 85% used [0x00000000d5580000,0x00000000e59f1b30,0x00000000e8500000)
  from space 22016K, 99% used [0x00000000e9f00000,0x00000000eb47c8f8,0x00000000eb480000)
  to   space 26624K, 2% used [0x00000000e8500000,0x00000000e85a8010,0x00000000e9f00000)
 ParOldGen       total 186368K, used 44862K [0x0000000080000000, 0x000000008b600000, 0x00000000d5580000)
  object space 186368K, 24% used [0x0000000080000000,0x0000000082bcf9b8,0x000000008b600000)
 Metaspace       used 79026K, capacity 82894K, committed 82968K, reserved 1134592K
  class space    used 10820K, capacity 11530K, committed 11568K, reserved 1048576K
GC Heap History (10 events):
Event: 3.439 GC heap before
{Heap before GC invocations=9 (full 2):
 PSYoungGen      total 206336K, used 10202K [0x00000000d5580000, 0x00000000e9400000, 0x0000000100000000)
  eden space 193536K, 0% used [0x00000000d5580000,0x00000000d5580000,0x00000000e1280000)
  from space 12800K, 79% used [0x00000000e1280000,0x00000000e1c76a10,0x00000000e1f00000)
  to   space 13312K, 0% used [0x00000000e8700000,0x00000000e8700000,0x00000000e9400000)
 ParOldGen       total 70656K, used 7589K [0x0000000080000000, 0x0000000084500000, 0x00000000d5580000)
  object space 70656K, 10% used [0x0000000080000000,0x00000000807696f8,0x0000000084500000)
 Metaspace       used 34264K, capacity 35412K, committed 35496K, reserved 1079296K
  class space    used 4720K, capacity 5001K, committed 5040K, reserved 1048576K
Event: 3.529 GC heap after
Heap after GC invocations=9 (full 2):
 PSYoungGen      total 206336K, used 0K [0x00000000d5580000, 0x00000000e9400000, 0x0000000100000000)
  eden space 193536K, 0% used [0x00000000d5580000,0x00000000d5580000,0x00000000e1280000)
  from space 12800K, 0% used [0x00000000e1280000,0x00000000e1280000,0x00000000e1f00000)
  to   space 13312K, 0% used [0x00000000e8700000,0x00000000e8700000,0x00000000e9400000)
 ParOldGen       total 115712K, used 16476K [0x0000000080000000, 0x0000000087100000, 0x00000000d5580000)
  object space 115712K, 14% used [0x0000000080000000,0x0000000081017050,0x0000000087100000)
 Metaspace       used 34264K, capacity 35412K, committed 35496K, reserved 1079296K
  class space    used 4720K, capacity 5001K, committed 5040K, reserved 1048576K
}
Event: 4.526 GC heap before
{Heap before GC invocations=10 (full 2):
 PSYoungGen      total 206336K, used 193536K [0x00000000d5580000, 0x00000000e9400000, 0x0000000100000000)
  eden space 193536K, 100% used [0x00000000d5580000,0x00000000e1280000,0x00000000e1280000)
  from space 12800K, 0% used [0x00000000e1280000,0x00000000e1280000,0x00000000e1f00000)
  to   space 13312K, 0% used [0x00000000e8700000,0x00000000e8700000,0x00000000e9400000)
 ParOldGen       total 115712K, used 16476K [0x0000000080000000, 0x0000000087100000, 0x00000000d5580000)
  object space 115712K, 14% used [0x0000000080000000,0x0000000081017050,0x0000000087100000)
 Metaspace       used 42956K, capacity 44784K, committed 44968K, reserved 1087488K
  class space    used 5845K, capacity 6222K, committed 6320K, reserved 1048576K
Event: 4.537 GC heap after
Heap after GC invocations=10 (full 2):
 PSYoungGen      total 275968K, used 13118K [0x00000000d5580000, 0x00000000e9400000, 0x0000000100000000)
  eden space 262656K, 0% used [0x00000000d5580000,0x00000000d5580000,0x00000000e5600000)
  from space 13312K, 98% used [0x00000000e8700000,0x00000000e93cf8d8,0x00000000e9400000)
  to   space 14848K, 0% used [0x00000000e7700000,0x00000000e7700000,0x00000000e8580000)
 ParOldGen       total 115712K, used 16484K [0x0000000080000000, 0x0000000087100000, 0x00000000d5580000)
  object space 115712K, 14% used [0x0000000080000000,0x0000000081019050,0x0000000087100000)
 Metaspace       used 42956K, capacity 44784K, committed 44968K, reserved 1087488K
  class space    used 5845K, capacity 6222K, committed 6320K, reserved 1048576K
}
Event: 5.933 GC heap before
{Heap before GC invocations=11 (full 2):
 PSYoungGen      total 275968K, used 204530K [0x00000000d5580000, 0x00000000e9400000, 0x0000000100000000)
  eden space 262656K, 72% used [0x00000000d5580000,0x00000000e106d258,0x00000000e5600000)
  from space 13312K, 98% used [0x00000000e8700000,0x00000000e93cf8d8,0x00000000e9400000)
  to   space 14848K, 0% used [0x00000000e7700000,0x00000000e7700000,0x00000000e8580000)
 ParOldGen       total 115712K, used 16484K [0x0000000080000000, 0x0000000087100000, 0x00000000d5580000)
  object space 115712K, 14% used [0x0000000080000000,0x0000000081019050,0x0000000087100000)
 Metaspace       used 56773K, capacity 59004K, committed 59160K, reserved 1099776K
  class space    used 7685K, capacity 8137K, committed 8240K, reserved 1048576K
Event: 5.954 GC heap after
Heap after GC invocations=11 (full 2):
 PSYoungGen      total 311296K, used 14844K [0x00000000d5580000, 0x00000000eb480000, 0x0000000100000000)
  eden space 296448K, 0% used [0x00000000d5580000,0x00000000d5580000,0x00000000e7700000)
  from space 14848K, 99% used [0x00000000e7700000,0x00000000e857f320,0x00000000e8580000)
  to   space 22016K, 0% used [0x00000000e9f00000,0x00000000e9f00000,0x00000000eb480000)
 ParOldGen       total 115712K, used 29619K [0x0000000080000000, 0x0000000087100000, 0x00000000d5580000)
  object space 115712K, 25% used [0x0000000080000000,0x0000000081cecfb8,0x0000000087100000)
 Metaspace       used 56773K, capacity 59004K, committed 59160K, reserved 1099776K
  class space    used 7685K, capacity 8137K, committed 8240K, reserved 1048576K
}
Event: 5.954 GC heap before
{Heap before GC invocations=12 (full 3):
 PSYoungGen      total 311296K, used 14844K [0x00000000d5580000, 0x00000000eb480000, 0x0000000100000000)
  eden space 296448K, 0% used [0x00000000d5580000,0x00000000d5580000,0x00000000e7700000)
  from space 14848K, 99% used [0x00000000e7700000,0x00000000e857f320,0x00000000e8580000)
  to   space 22016K, 0% used [0x00000000e9f00000,0x00000000e9f00000,0x00000000eb480000)
 ParOldGen       total 115712K, used 29619K [0x0000000080000000, 0x0000000087100000, 0x00000000d5580000)
  object space 115712K, 25% used [0x0000000080000000,0x0000000081cecfb8,0x0000000087100000)
 Metaspace       used 56773K, capacity 59004K, committed 59160K, reserved 1099776K
  class space    used 7685K, capacity 8137K, committed 8240K, reserved 1048576K
Event: 6.177 GC heap after
Heap after GC invocations=12 (full 3):
 PSYoungGen      total 311296K, used 0K [0x00000000d5580000, 0x00000000eb480000, 0x0000000100000000)
  eden space 296448K, 0% used [0x00000000d5580000,0x00000000d5580000,0x00000000e7700000)
  from space 14848K, 0% used [0x00000000e7700000,0x00000000e7700000,0x00000000e8580000)
  to   space 22016K, 0% used [0x00000000e9f00000,0x00000000e9f00000,0x00000000eb480000)
 ParOldGen       total 186368K, used 40354K [0x0000000080000000, 0x000000008b600000, 0x00000000d5580000)
  object space 186368K, 21% used [0x0000000080000000,0x0000000082768a70,0x000000008b600000)
 Metaspace       used 56730K, capacity 58860K, committed 59160K, reserved 1099776K
  class space    used 7672K, capacity 8113K, committed 8240K, reserved 1048576K
}
Event: 9.043 GC heap before
{Heap before GC invocations=13 (full 3):
 PSYoungGen      total 311296K, used 296448K [0x00000000d5580000, 0x00000000eb480000, 0x0000000100000000)
  eden space 296448K, 100% used [0x00000000d5580000,0x00000000e7700000,0x00000000e7700000)
  from space 14848K, 0% used [0x00000000e7700000,0x00000000e7700000,0x00000000e8580000)
  to   space 22016K, 0% used [0x00000000e9f00000,0x00000000e9f00000,0x00000000eb480000)
 ParOldGen       total 186368K, used 40354K [0x0000000080000000, 0x000000008b600000, 0x00000000d5580000)
  object space 186368K, 21% used [0x0000000080000000,0x0000000082768a70,0x000000008b600000)
 Metaspace       used 67229K, capacity 70508K, committed 70552K, reserved 1110016K
  class space    used 9243K, capacity 9872K, committed 9904K, reserved 1048576K
Event: 9.067 GC heap after
Heap after GC invocations=13 (full 3):
 PSYoungGen      total 332800K, used 22002K [0x00000000d5580000, 0x00000000ed580000, 0x0000000100000000)
  eden space 310784K, 0% used [0x00000000d5580000,0x00000000d5580000,0x00000000e8500000)
  from space 22016K, 99% used [0x00000000e9f00000,0x00000000eb47c8f8,0x00000000eb480000)
  to   space 26624K, 0% used [0x00000000e8500000,0x00000000e8500000,0x00000000e9f00000)
 ParOldGen       total 186368K, used 44862K [0x0000000080000000, 0x000000008b600000, 0x00000000d5580000)
  object space 186368K, 24% used [0x0000000080000000,0x0000000082bcf9b8,0x000000008b600000)
 Metaspace       used 67229K, capacity 70508K, committed 70552K, reserved 1110016K
  class space    used 9243K, capacity 9872K, committed 9904K, reserved 1048576K
}

