# JRE version: OpenJDK Runtime Environment (8.0_242-b01) (build 1.8.0_242-release-1644-b01)
# Java VM: OpenJDK 64-Bit Server VM (25.242-b01 mixed mode windows-amd64 compressed oops)
Heap:
 PSYoungGen      total 78336K, used 29264K [0x0000000780f80000, 0x0000000786500000, 0x00000007c0000000)
  eden space 70656K, 30% used [0x0000000780f80000,0x0000000782497248,0x0000000785480000)
  from space 7680K, 99% used [0x0000000785600000,0x0000000785d7d0b0,0x0000000785d80000)
  to   space 7680K, 0% used [0x0000000785d80000,0x0000000785d80000,0x0000000786500000)
 ParOldGen       total 124416K, used 42164K [0x0000000702e00000, 0x000000070a780000, 0x0000000780f80000)
  object space 124416K, 33% used [0x0000000702e00000,0x000000070572d268,0x000000070a780000)
 Metaspace       used 42691K, capacity 43428K, committed 43648K, reserved 1087488K
  class space    used 5185K, capacity 5392K, committed 5504K, reserved 1048576K
GC Heap History (10 events):
Event: 1.647 GC heap before
{Heap before GC invocations=3 (full 1):
 PSYoungGen      total 56832K, used 7672K [0x0000000780f80000, 0x0000000787e80000, 0x00000007c0000000)
  eden space 49152K, 0% used [0x0000000780f80000,0x0000000780f80000,0x0000000783f80000)
  from space 7680K, 99% used [0x0000000784700000,0x0000000784e7e2d0,0x0000000784e80000)
  to   space 7680K, 0% used [0x0000000783f80000,0x0000000783f80000,0x0000000784700000)
 ParOldGen       total 130048K, used 21752K [0x0000000702e00000, 0x000000070ad00000, 0x0000000780f80000)
  object space 130048K, 16% used [0x0000000702e00000,0x000000070433e110,0x000000070ad00000)
 Metaspace       used 20675K, capacity 21066K, committed 21248K, reserved 1069056K
  class space    used 2357K, capacity 2471K, committed 2560K, reserved 1048576K
Event: 1.695 GC heap after
Heap after GC invocations=3 (full 1):
 PSYoungGen      total 56832K, used 0K [0x0000000780f80000, 0x0000000787e80000, 0x00000007c0000000)
  eden space 49152K, 0% used [0x0000000780f80000,0x0000000780f80000,0x0000000783f80000)
  from space 7680K, 0% used [0x0000000784700000,0x0000000784700000,0x0000000784e80000)
  to   space 7680K, 0% used [0x0000000783f80000,0x0000000783f80000,0x0000000784700000)
 ParOldGen       total 124416K, used 25273K [0x0000000702e00000, 0x000000070a780000, 0x0000000780f80000)
  object space 124416K, 20% used [0x0000000702e00000,0x00000007046ae610,0x000000070a780000)
 Metaspace       used 20675K, capacity 21066K, committed 21248K, reserved 1069056K
  class space    used 2357K, capacity 2471K, committed 2560K, reserved 1048576K
}
Event: 2.418 GC heap before
{Heap before GC invocations=4 (full 1):
 PSYoungGen      total 56832K, used 49152K [0x0000000780f80000, 0x0000000787e80000, 0x00000007c0000000)
  eden space 49152K, 100% used [0x0000000780f80000,0x0000000783f80000,0x0000000783f80000)
  from space 7680K, 0% used [0x0000000784700000,0x0000000784700000,0x0000000784e80000)
  to   space 7680K, 0% used [0x0000000783f80000,0x0000000783f80000,0x0000000784700000)
 ParOldGen       total 124416K, used 25273K [0x0000000702e00000, 0x000000070a780000, 0x0000000780f80000)
  object space 124416K, 20% used [0x0000000702e00000,0x00000007046ae610,0x000000070a780000)
 Metaspace       used 26847K, capacity 27304K, committed 27392K, reserved 1073152K
  class space    used 3402K, capacity 3559K, committed 3584K, reserved 1048576K
Event: 2.443 GC heap after
Heap after GC invocations=4 (full 1):
 PSYoungGen      total 56832K, used 7657K [0x0000000780f80000, 0x0000000786500000, 0x00000007c0000000)
  eden space 49152K, 0% used [0x0000000780f80000,0x0000000780f80000,0x0000000783f80000)
  from space 7680K, 99% used [0x0000000783f80000,0x00000007846fa700,0x0000000784700000)
  to   space 7680K, 0% used [0x0000000785d80000,0x0000000785d80000,0x0000000786500000)
 ParOldGen       total 124416K, used 28250K [0x0000000702e00000, 0x000000070a780000, 0x0000000780f80000)
  object space 124416K, 22% used [0x0000000702e00000,0x0000000704996b40,0x000000070a780000)
 Metaspace       used 26847K, capacity 27304K, committed 27392K, reserved 1073152K
  class space    used 3402K, capacity 3559K, committed 3584K, reserved 1048576K
}
Event: 3.160 GC heap before
{Heap before GC invocations=5 (full 1):
 PSYoungGen      total 56832K, used 56560K [0x0000000780f80000, 0x0000000786500000, 0x00000007c0000000)
  eden space 49152K, 99% used [0x0000000780f80000,0x0000000783f41920,0x0000000783f80000)
  from space 7680K, 99% used [0x0000000783f80000,0x00000007846fa700,0x0000000784700000)
  to   space 7680K, 0% used [0x0000000785d80000,0x0000000785d80000,0x0000000786500000)
 ParOldGen       total 124416K, used 28250K [0x0000000702e00000, 0x000000070a780000, 0x0000000780f80000)
  object space 124416K, 22% used [0x0000000702e00000,0x0000000704996b40,0x000000070a780000)
 Metaspace       used 34649K, capacity 35140K, committed 35416K, reserved 1081344K
  class space    used 4354K, capacity 4497K, committed 4608K, reserved 1048576K
Event: 3.171 GC heap after
Heap after GC invocations=5 (full 1):
 PSYoungGen      total 78336K, used 7654K [0x0000000780f80000, 0x0000000786500000, 0x00000007c0000000)
  eden space 70656K, 0% used [0x0000000780f80000,0x0000000780f80000,0x0000000785480000)
  from space 7680K, 99% used [0x0000000785d80000,0x00000007864f9880,0x0000000786500000)
  to   space 7680K, 0% used [0x0000000785600000,0x0000000785600000,0x0000000785d80000)
 ParOldGen       total 124416K, used 39023K [0x0000000702e00000, 0x000000070a780000, 0x0000000780f80000)
  object space 124416K, 31% used [0x0000000702e00000,0x000000070541bd10,0x000000070a780000)
 Metaspace       used 34649K, capacity 35140K, committed 35416K, reserved 1081344K
  class space    used 4354K, capacity 4497K, committed 4608K, reserved 1048576K
}
Event: 3.171 GC heap before
{Heap before GC invocations=6 (full 2):
 PSYoungGen      total 78336K, used 7654K [0x0000000780f80000, 0x0000000786500000, 0x00000007c0000000)
  eden space 70656K, 0% used [0x0000000780f80000,0x0000000780f80000,0x0000000785480000)
  from space 7680K, 99% used [0x0000000785d80000,0x00000007864f9880,0x0000000786500000)
  to   space 7680K, 0% used [0x0000000785600000,0x0000000785600000,0x0000000785d80000)
 ParOldGen       total 124416K, used 39023K [0x0000000702e00000, 0x000000070a780000, 0x0000000780f80000)
  object space 124416K, 31% used [0x0000000702e00000,0x000000070541bd10,0x000000070a780000)
 Metaspace       used 34649K, capacity 35140K, committed 35416K, reserved 1081344K
  class space    used 4354K, capacity 4497K, committed 4608K, reserved 1048576K
Event: 3.229 GC heap after
Heap after GC invocations=6 (full 2):
 PSYoungGen      total 78336K, used 0K [0x0000000780f80000, 0x0000000786500000, 0x00000007c0000000)
  eden space 70656K, 0% used [0x0000000780f80000,0x0000000780f80000,0x0000000785480000)
  from space 7680K, 0% used [0x0000000785d80000,0x0000000785d80000,0x0000000786500000)
  to   space 7680K, 0% used [0x0000000785600000,0x0000000785600000,0x0000000785d80000)
 ParOldGen       total 124416K, used 37407K [0x0000000702e00000, 0x000000070a780000, 0x0000000780f80000)
  object space 124416K, 30% used [0x0000000702e00000,0x0000000705287f50,0x000000070a780000)
 Metaspace       used 34649K, capacity 35140K, committed 35416K, reserved 1081344K
  class space    used 4354K, capacity 4497K, committed 4608K, reserved 1048576K
}
Event: 4.200 GC heap before
{Heap before GC invocations=7 (full 2):
 PSYoungGen      total 78336K, used 70656K [0x0000000780f80000, 0x0000000786500000, 0x00000007c0000000)
  eden space 70656K, 100% used [0x0000000780f80000,0x0000000785480000,0x0000000785480000)
  from space 7680K, 0% used [0x0000000785d80000,0x0000000785d80000,0x0000000786500000)
  to   space 7680K, 0% used [0x0000000785600000,0x0000000785600000,0x0000000785d80000)
 ParOldGen       total 124416K, used 37407K [0x0000000702e00000, 0x000000070a780000, 0x0000000780f80000)
  object space 124416K, 30% used [0x0000000702e00000,0x0000000705287f50,0x000000070a780000)
 Metaspace       used 40655K, capacity 41382K, committed 41600K, reserved 1085440K
  class space    used 4981K, capacity 5197K, committed 5248K, reserved 1048576K
Event: 4.211 GC heap after
Heap after GC invocations=7 (full 2):
 PSYoungGen      total 78336K, used 7668K [0x0000000780f80000, 0x0000000786500000, 0x00000007c0000000)
  eden space 70656K, 0% used [0x0000000780f80000,0x0000000780f80000,0x0000000785480000)
  from space 7680K, 99% used [0x0000000785600000,0x0000000785d7d0b0,0x0000000785d80000)
  to   space 7680K, 0% used [0x0000000785d80000,0x0000000785d80000,0x0000000786500000)
 ParOldGen       total 124416K, used 42164K [0x0000000702e00000, 0x000000070a780000, 0x0000000780f80000)
  object space 124416K, 33% used [0x0000000702e00000,0x000000070572d268,0x000000070a780000)
 Metaspace       used 40655K, capacity 41382K, committed 41600K, reserved 1085440K
  class space    used 4981K, capacity 5197K, committed 5248K, reserved 1048576K
}

