# JRE version: OpenJDK Runtime Environment (8.0_242-b01) (build 1.8.0_242-release-1644-b01)
# Java VM: OpenJDK 64-Bit Server VM (25.242-b01 mixed mode windows-amd64 compressed oops)
Heap:
 PSYoungGen      total 300032K, used 122177K [0x00000000d5580000, 0x00000000ecc00000, 0x0000000100000000)
  eden space 265216K, 33% used [0x00000000d5580000,0x00000000dac8a268,0x00000000e5880000)
  from space 34816K, 94% used [0x00000000e5880000,0x00000000e78c6320,0x00000000e7a80000)
  to   space 39424K, 0% used [0x00000000ea580000,0x00000000ea580000,0x00000000ecc00000)
 ParOldGen       total 164864K, used 61941K [0x0000000080000000, 0x000000008a100000, 0x00000000d5580000)
  object space 164864K, 37% used [0x0000000080000000,0x0000000083c7d4a0,0x000000008a100000)
 Metaspace       used 82776K, capacity 86558K, committed 86680K, reserved 1124352K
  class space    used 10882K, capacity 11586K, committed 11696K, reserved 1048576K
GC Heap History (10 events):
Event: 11.229 GC heap before
{Heap before GC invocations=14 (full 3):
 PSYoungGen      total 202240K, used 17918K [0x00000000d5580000, 0x00000000e6080000, 0x0000000100000000)
  eden space 184320K, 0% used [0x00000000d5580000,0x00000000d5580000,0x00000000e0980000)
  from space 17920K, 99% used [0x00000000e0980000,0x00000000e1affaa0,0x00000000e1b00000)
  to   space 21504K, 0% used [0x00000000e4b80000,0x00000000e4b80000,0x00000000e6080000)
 ParOldGen       total 107520K, used 28776K [0x0000000080000000, 0x0000000086900000, 0x00000000d5580000)
  object space 107520K, 26% used [0x0000000080000000,0x0000000081c1a378,0x0000000086900000)
 Metaspace       used 56884K, capacity 59018K, committed 59160K, reserved 1099776K
  class space    used 7689K, capacity 8154K, committed 8240K, reserved 1048576K
Event: 11.519 GC heap after
Heap after GC invocations=14 (full 3):
 PSYoungGen      total 202240K, used 0K [0x00000000d5580000, 0x00000000e6080000, 0x0000000100000000)
  eden space 184320K, 0% used [0x00000000d5580000,0x00000000d5580000,0x00000000e0980000)
  from space 17920K, 0% used [0x00000000e0980000,0x00000000e0980000,0x00000000e1b00000)
  to   space 21504K, 0% used [0x00000000e4b80000,0x00000000e4b80000,0x00000000e6080000)
 ParOldGen       total 164864K, used 34422K [0x0000000080000000, 0x000000008a100000, 0x00000000d5580000)
  object space 164864K, 20% used [0x0000000080000000,0x000000008219da08,0x000000008a100000)
 Metaspace       used 56872K, capacity 58976K, committed 59160K, reserved 1099776K
  class space    used 7685K, capacity 8147K, committed 8240K, reserved 1048576K
}
Event: 14.581 GC heap before
{Heap before GC invocations=15 (full 3):
 PSYoungGen      total 202240K, used 184320K [0x00000000d5580000, 0x00000000e6080000, 0x0000000100000000)
  eden space 184320K, 100% used [0x00000000d5580000,0x00000000e0980000,0x00000000e0980000)
  from space 17920K, 0% used [0x00000000e0980000,0x00000000e0980000,0x00000000e1b00000)
  to   space 21504K, 0% used [0x00000000e4b80000,0x00000000e4b80000,0x00000000e6080000)
 ParOldGen       total 164864K, used 34422K [0x0000000080000000, 0x000000008a100000, 0x00000000d5580000)
  object space 164864K, 20% used [0x0000000080000000,0x000000008219da08,0x000000008a100000)
 Metaspace       used 65996K, capacity 68888K, committed 69144K, reserved 1107968K
  class space    used 9105K, capacity 9706K, committed 9776K, reserved 1048576K
Event: 14.643 GC heap after
Heap after GC invocations=15 (full 3):
 PSYoungGen      total 242688K, used 18160K [0x00000000d5580000, 0x00000000e5d80000, 0x0000000100000000)
  eden space 224256K, 0% used [0x00000000d5580000,0x00000000d5580000,0x00000000e3080000)
  from space 18432K, 98% used [0x00000000e4b80000,0x00000000e5d3c3d0,0x00000000e5d80000)
  to   space 23040K, 0% used [0x00000000e3080000,0x00000000e3080000,0x00000000e4700000)
 ParOldGen       total 164864K, used 34430K [0x0000000080000000, 0x000000008a100000, 0x00000000d5580000)
  object space 164864K, 20% used [0x0000000080000000,0x000000008219fa08,0x000000008a100000)
 Metaspace       used 65996K, capacity 68888K, committed 69144K, reserved 1107968K
  class space    used 9105K, capacity 9706K, committed 9776K, reserved 1048576K
}
Event: 17.813 GC heap before
{Heap before GC invocations=16 (full 3):
 PSYoungGen      total 242688K, used 242416K [0x00000000d5580000, 0x00000000e5d80000, 0x0000000100000000)
  eden space 224256K, 100% used [0x00000000d5580000,0x00000000e3080000,0x00000000e3080000)
  from space 18432K, 98% used [0x00000000e4b80000,0x00000000e5d3c3d0,0x00000000e5d80000)
  to   space 23040K, 0% used [0x00000000e3080000,0x00000000e3080000,0x00000000e4700000)
 ParOldGen       total 164864K, used 34430K [0x0000000080000000, 0x000000008a100000, 0x00000000d5580000)
  object space 164864K, 20% used [0x0000000080000000,0x000000008219fa08,0x000000008a100000)
 Metaspace       used 68644K, capacity 71700K, committed 71960K, reserved 1112064K
  class space    used 9361K, capacity 9956K, committed 10032K, reserved 1048576K
Event: 17.866 GC heap after
Heap after GC invocations=16 (full 3):
 PSYoungGen      total 247296K, used 23033K [0x00000000d5580000, 0x00000000e9b80000, 0x0000000100000000)
  eden space 224256K, 0% used [0x00000000d5580000,0x00000000d5580000,0x00000000e3080000)
  from space 23040K, 99% used [0x00000000e3080000,0x00000000e46fe5e8,0x00000000e4700000)
  to   space 32256K, 0% used [0x00000000e7c00000,0x00000000e7c00000,0x00000000e9b80000)
 ParOldGen       total 164864K, used 51068K [0x0000000080000000, 0x000000008a100000, 0x00000000d5580000)
  object space 164864K, 30% used [0x0000000080000000,0x00000000831df180,0x000000008a100000)
 Metaspace       used 68644K, capacity 71700K, committed 71960K, reserved 1112064K
  class space    used 9361K, capacity 9956K, committed 10032K, reserved 1048576K
}
Event: 21.344 GC heap before
{Heap before GC invocations=17 (full 3):
 PSYoungGen      total 247296K, used 247289K [0x00000000d5580000, 0x00000000e9b80000, 0x0000000100000000)
  eden space 224256K, 100% used [0x00000000d5580000,0x00000000e3080000,0x00000000e3080000)
  from space 23040K, 99% used [0x00000000e3080000,0x00000000e46fe5e8,0x00000000e4700000)
  to   space 32256K, 0% used [0x00000000e7c00000,0x00000000e7c00000,0x00000000e9b80000)
 ParOldGen       total 164864K, used 51068K [0x0000000080000000, 0x000000008a100000, 0x00000000d5580000)
  object space 164864K, 30% used [0x0000000080000000,0x00000000831df180,0x000000008a100000)
 Metaspace       used 73340K, capacity 76646K, committed 76952K, reserved 1116160K
  class space    used 9922K, capacity 10561K, committed 10672K, reserved 1048576K
Event: 21.382 GC heap after
Heap after GC invocations=17 (full 3):
 PSYoungGen      total 297472K, used 25374K [0x00000000d5580000, 0x00000000e9c80000, 0x0000000100000000)
  eden space 265216K, 0% used [0x00000000d5580000,0x00000000d5580000,0x00000000e5880000)
  from space 32256K, 78% used [0x00000000e7c00000,0x00000000e94c7838,0x00000000e9b80000)
  to   space 34816K, 0% used [0x00000000e5880000,0x00000000e5880000,0x00000000e7a80000)
 ParOldGen       total 164864K, used 61933K [0x0000000080000000, 0x000000008a100000, 0x00000000d5580000)
  object space 164864K, 37% used [0x0000000080000000,0x0000000083c7b4a0,0x000000008a100000)
 Metaspace       used 73340K, capacity 76646K, committed 76952K, reserved 1116160K
  class space    used 9922K, capacity 10561K, committed 10672K, reserved 1048576K
}
Event: 81.456 GC heap before
{Heap before GC invocations=18 (full 3):
 PSYoungGen      total 297472K, used 290590K [0x00000000d5580000, 0x00000000e9c80000, 0x0000000100000000)
  eden space 265216K, 100% used [0x00000000d5580000,0x00000000e5880000,0x00000000e5880000)
  from space 32256K, 78% used [0x00000000e7c00000,0x00000000e94c7838,0x00000000e9b80000)
  to   space 34816K, 0% used [0x00000000e5880000,0x00000000e5880000,0x00000000e7a80000)
 ParOldGen       total 164864K, used 61933K [0x0000000080000000, 0x000000008a100000, 0x00000000d5580000)
  object space 164864K, 37% used [0x0000000080000000,0x0000000083c7b4a0,0x000000008a100000)
 Metaspace       used 78947K, capacity 82498K, committed 82712K, reserved 1120256K
  class space    used 10356K, capacity 11013K, committed 11056K, reserved 1048576K
Event: 81.487 GC heap after
Heap after GC invocations=18 (full 3):
 PSYoungGen      total 300032K, used 33048K [0x00000000d5580000, 0x00000000ecc00000, 0x0000000100000000)
  eden space 265216K, 0% used [0x00000000d5580000,0x00000000d5580000,0x00000000e5880000)
  from space 34816K, 94% used [0x00000000e5880000,0x00000000e78c6320,0x00000000e7a80000)
  to   space 39424K, 0% used [0x00000000ea580000,0x00000000ea580000,0x00000000ecc00000)
 ParOldGen       total 164864K, used 61941K [0x0000000080000000, 0x000000008a100000, 0x00000000d5580000)
  object space 164864K, 37% used [0x0000000080000000,0x0000000083c7d4a0,0x000000008a100000)
 Metaspace       used 78947K, capacity 82498K, committed 82712K, reserved 1120256K
  class space    used 10356K, capacity 11013K, committed 11056K, reserved 1048576K
}

