# JRE version: OpenJDK Runtime Environment (8.0_242-b01) (build 1.8.0_242-release-1644-b01)
# Java VM: OpenJDK 64-Bit Server VM (25.242-b01 mixed mode windows-amd64 compressed oops)
Heap:
 PSYoungGen      total 387584K, used 216739K [0x00000000d5580000, 0x00000000f2000000, 0x0000000100000000)
  eden space 343552K, 63% used [0x00000000d5580000,0x00000000e2928c40,0x00000000ea500000)
  from space 44032K, 0% used [0x00000000ef500000,0x00000000ef500000,0x00000000f2000000)
  to   space 43008K, 0% used [0x00000000ea500000,0x00000000ea500000,0x00000000ecf00000)
 ParOldGen       total 188416K, used 96879K [0x0000000080000000, 0x000000008b800000, 0x00000000d5580000)
  object space 188416K, 51% used [0x0000000080000000,0x0000000085e9bf30,0x000000008b800000)
 Metaspace       used 91414K, capacity 96208K, committed 99368K, reserved 1134592K
  class space    used 12169K, capacity 13029K, committed 13984K, reserved 1048576K
GC Heap History (10 events):
Event: 17.176 GC heap before
{Heap before GC invocations=14 (full 3):
 PSYoungGen      total 327680K, used 327657K [0x00000000d5580000, 0x00000000ed880000, 0x0000000100000000)
  eden space 305664K, 100% used [0x00000000d5580000,0x00000000e8000000,0x00000000e8000000)
  from space 22016K, 99% used [0x00000000e9e80000,0x00000000eb3fa648,0x00000000eb400000)
  to   space 31232K, 0% used [0x00000000e8000000,0x00000000e8000000,0x00000000e9e80000)
 ParOldGen       total 188416K, used 57144K [0x0000000080000000, 0x000000008b800000, 0x00000000d5580000)
  object space 188416K, 30% used [0x0000000080000000,0x00000000837ce360,0x000000008b800000)
 Metaspace       used 73116K, capacity 76514K, committed 76696K, reserved 1116160K
  class space    used 9917K, capacity 10553K, committed 10656K, reserved 1048576K
Event: 17.227 GC heap after
Heap after GC invocations=14 (full 3):
 PSYoungGen      total 336896K, used 31219K [0x00000000d5580000, 0x00000000efa80000, 0x0000000100000000)
  eden space 305664K, 0% used [0x00000000d5580000,0x00000000d5580000,0x00000000e8000000)
  from space 31232K, 99% used [0x00000000e8000000,0x00000000e9e7ccd8,0x00000000e9e80000)
  to   space 40960K, 0% used [0x00000000ed280000,0x00000000ed280000,0x00000000efa80000)
 ParOldGen       total 188416K, used 71173K [0x0000000080000000, 0x000000008b800000, 0x00000000d5580000)
  object space 188416K, 37% used [0x0000000080000000,0x00000000845815d8,0x000000008b800000)
 Metaspace       used 73116K, capacity 76514K, committed 76696K, reserved 1116160K
  class space    used 9917K, capacity 10553K, committed 10656K, reserved 1048576K
}
Event: 26.188 GC heap before
{Heap before GC invocations=15 (full 3):
 PSYoungGen      total 336896K, used 336883K [0x00000000d5580000, 0x00000000efa80000, 0x0000000100000000)
  eden space 305664K, 100% used [0x00000000d5580000,0x00000000e8000000,0x00000000e8000000)
  from space 31232K, 99% used [0x00000000e8000000,0x00000000e9e7ccd8,0x00000000e9e80000)
  to   space 40960K, 0% used [0x00000000ed280000,0x00000000ed280000,0x00000000efa80000)
 ParOldGen       total 188416K, used 71173K [0x0000000080000000, 0x000000008b800000, 0x00000000d5580000)
  object space 188416K, 37% used [0x0000000080000000,0x00000000845815d8,0x000000008b800000)
 Metaspace       used 80362K, capacity 83992K, committed 84248K, reserved 1122304K
  class space    used 10631K, capacity 11287K, committed 11296K, reserved 1048576K
Event: 26.229 GC heap after
Heap after GC invocations=15 (full 3):
 PSYoungGen      total 382976K, used 28648K [0x00000000d5580000, 0x00000000ef900000, 0x0000000100000000)
  eden space 343552K, 0% used [0x00000000d5580000,0x00000000d5580000,0x00000000ea500000)
  from space 39424K, 72% used [0x00000000ed280000,0x00000000eee7a200,0x00000000ef900000)
  to   space 43008K, 0% used [0x00000000ea500000,0x00000000ea500000,0x00000000ecf00000)
 ParOldGen       total 188416K, used 88093K [0x0000000080000000, 0x000000008b800000, 0x00000000d5580000)
  object space 188416K, 46% used [0x0000000080000000,0x00000000856074d0,0x000000008b800000)
 Metaspace       used 80362K, capacity 83992K, committed 84248K, reserved 1122304K
  class space    used 10631K, capacity 11287K, committed 11296K, reserved 1048576K
}
Event: 30.032 GC heap before
{Heap before GC invocations=16 (full 3):
 PSYoungGen      total 382976K, used 372200K [0x00000000d5580000, 0x00000000ef900000, 0x0000000100000000)
  eden space 343552K, 100% used [0x00000000d5580000,0x00000000ea500000,0x00000000ea500000)
  from space 39424K, 72% used [0x00000000ed280000,0x00000000eee7a200,0x00000000ef900000)
  to   space 43008K, 0% used [0x00000000ea500000,0x00000000ea500000,0x00000000ecf00000)
 ParOldGen       total 188416K, used 88093K [0x0000000080000000, 0x000000008b800000, 0x00000000d5580000)
  object space 188416K, 46% used [0x0000000080000000,0x00000000856074d0,0x000000008b800000)
 Metaspace       used 82421K, capacity 86314K, committed 86552K, reserved 1124352K
  class space    used 10840K, capacity 11548K, committed 11552K, reserved 1048576K
Event: 30.052 GC heap after
Heap after GC invocations=16 (full 3):
 PSYoungGen      total 386560K, used 27567K [0x00000000d5580000, 0x00000000f2000000, 0x0000000100000000)
  eden space 343552K, 0% used [0x00000000d5580000,0x00000000d5580000,0x00000000ea500000)
  from space 43008K, 64% used [0x00000000ea500000,0x00000000ebfebda8,0x00000000ecf00000)
  to   space 44032K, 0% used [0x00000000ef500000,0x00000000ef500000,0x00000000f2000000)
 ParOldGen       total 188416K, used 88101K [0x0000000080000000, 0x000000008b800000, 0x00000000d5580000)
  object space 188416K, 46% used [0x0000000080000000,0x00000000856094d0,0x000000008b800000)
 Metaspace       used 82421K, capacity 86314K, committed 86552K, reserved 1124352K
  class space    used 10840K, capacity 11548K, committed 11552K, reserved 1048576K
}
Event: 30.965 GC heap before
{Heap before GC invocations=17 (full 3):
 PSYoungGen      total 386560K, used 272623K [0x00000000d5580000, 0x00000000f2000000, 0x0000000100000000)
  eden space 343552K, 71% used [0x00000000d5580000,0x00000000e44d01e0,0x00000000ea500000)
  from space 43008K, 64% used [0x00000000ea500000,0x00000000ebfebda8,0x00000000ecf00000)
  to   space 44032K, 0% used [0x00000000ef500000,0x00000000ef500000,0x00000000f2000000)
 ParOldGen       total 188416K, used 88101K [0x0000000080000000, 0x000000008b800000, 0x00000000d5580000)
  object space 188416K, 46% used [0x0000000080000000,0x00000000856094d0,0x000000008b800000)
 Metaspace       used 92121K, capacity 98526K, committed 98600K, reserved 1134592K
  class space    used 12632K, capacity 13910K, committed 13984K, reserved 1048576K
Event: 31.011 GC heap after
Heap after GC invocations=17 (full 3):
 PSYoungGen      total 387584K, used 44027K [0x00000000d5580000, 0x00000000f2000000, 0x0000000100000000)
  eden space 343552K, 0% used [0x00000000d5580000,0x00000000d5580000,0x00000000ea500000)
  from space 44032K, 99% used [0x00000000ef500000,0x00000000f1ffef28,0x00000000f2000000)
  to   space 43008K, 0% used [0x00000000ea500000,0x00000000ea500000,0x00000000ecf00000)
 ParOldGen       total 188416K, used 105077K [0x0000000080000000, 0x000000008b800000, 0x00000000d5580000)
  object space 188416K, 55% used [0x0000000080000000,0x000000008669d658,0x000000008b800000)
 Metaspace       used 92121K, capacity 98526K, committed 98600K, reserved 1134592K
  class space    used 12632K, capacity 13910K, committed 13984K, reserved 1048576K
}
Event: 31.011 GC heap before
{Heap before GC invocations=18 (full 4):
 PSYoungGen      total 387584K, used 44027K [0x00000000d5580000, 0x00000000f2000000, 0x0000000100000000)
  eden space 343552K, 0% used [0x00000000d5580000,0x00000000d5580000,0x00000000ea500000)
  from space 44032K, 99% used [0x00000000ef500000,0x00000000f1ffef28,0x00000000f2000000)
  to   space 43008K, 0% used [0x00000000ea500000,0x00000000ea500000,0x00000000ecf00000)
 ParOldGen       total 188416K, used 105077K [0x0000000080000000, 0x000000008b800000, 0x00000000d5580000)
  object space 188416K, 55% used [0x0000000080000000,0x000000008669d658,0x000000008b800000)
 Metaspace       used 92121K, capacity 98526K, committed 98600K, reserved 1134592K
  class space    used 12632K, capacity 13910K, committed 13984K, reserved 1048576K
Event: 31.212 GC heap after
Heap after GC invocations=18 (full 4):
 PSYoungGen      total 387584K, used 0K [0x00000000d5580000, 0x00000000f2000000, 0x0000000100000000)
  eden space 343552K, 0% used [0x00000000d5580000,0x00000000d5580000,0x00000000ea500000)
  from space 44032K, 0% used [0x00000000ef500000,0x00000000ef500000,0x00000000f2000000)
  to   space 43008K, 0% used [0x00000000ea500000,0x00000000ea500000,0x00000000ecf00000)
 ParOldGen       total 188416K, used 96879K [0x0000000080000000, 0x000000008b800000, 0x00000000d5580000)
  object space 188416K, 51% used [0x0000000080000000,0x0000000085e9bf30,0x000000008b800000)
 Metaspace       used 90429K, capacity 94588K, committed 98600K, reserved 1134592K
  class space    used 12023K, capacity 12823K, committed 13984K, reserved 1048576K
}

