# JRE version: OpenJDK Runtime Environment (8.0_242-b01) (build 1.8.0_242-release-1644-b01)
# Java VM: OpenJDK 64-Bit Server VM (25.242-b01 mixed mode windows-amd64 compressed oops)
Heap:
 PSYoungGen      total 436224K, used 33393K [0x00000000d5580000, 0x00000000f2680000, 0x0000000100000000)
  eden space 400384K, 4% used [0x00000000d5580000,0x00000000d68acb10,0x00000000edc80000)
  from space 35840K, 38% used [0x00000000edc80000,0x00000000ee9efbe8,0x00000000eff80000)
  to   space 31744K, 0% used [0x00000000eff80000,0x00000000eff80000,0x00000000f1e80000)
 ParOldGen       total 246784K, used 74078K [0x0000000080000000, 0x000000008f100000, 0x00000000d5580000)
  object space 246784K, 30% used [0x0000000080000000,0x0000000084857ba8,0x000000008f100000)
 Metaspace       used 117088K, capacity 124004K, committed 124248K, reserved 1157120K
  class space    used 15585K, capacity 16875K, committed 17024K, reserved 1048576K
GC Heap History (10 events):
Event: 3590.984 GC heap before
{Heap before GC invocations=20 (full 4):
 PSYoungGen      total 334336K, used 302080K [0x00000000d5580000, 0x00000000f0180000, 0x0000000100000000)
  eden space 302080K, 100% used [0x00000000d5580000,0x00000000e7c80000,0x00000000e7c80000)
  from space 32256K, 0% used [0x00000000e7c80000,0x00000000e7c80000,0x00000000e9c00000)
  to   space 33280K, 0% used [0x00000000ee100000,0x00000000ee100000,0x00000000f0180000)
 ParOldGen       total 246784K, used 72892K [0x0000000080000000, 0x000000008f100000, 0x00000000d5580000)
  object space 246784K, 29% used [0x0000000080000000,0x000000008472f2e0,0x000000008f100000)
 Metaspace       used 96847K, capacity 101388K, committed 102232K, reserved 1138688K
  class space    used 12793K, capacity 13731K, committed 13952K, reserved 1048576K
Event: 3590.997 GC heap after
Heap after GC invocations=20 (full 4):
 PSYoungGen      total 385536K, used 13125K [0x00000000d5580000, 0x00000000ef680000, 0x0000000100000000)
  eden space 363520K, 0% used [0x00000000d5580000,0x00000000d5580000,0x00000000eb880000)
  from space 22016K, 59% used [0x00000000ee100000,0x00000000eedd14f8,0x00000000ef680000)
  to   space 31744K, 0% used [0x00000000eb880000,0x00000000eb880000,0x00000000ed780000)
 ParOldGen       total 246784K, used 72900K [0x0000000080000000, 0x000000008f100000, 0x00000000d5580000)
  object space 246784K, 29% used [0x0000000080000000,0x00000000847312e0,0x000000008f100000)
 Metaspace       used 96847K, capacity 101388K, committed 102232K, reserved 1138688K
  class space    used 12793K, capacity 13731K, committed 13952K, reserved 1048576K
}
Event: 3608.400 GC heap before
{Heap before GC invocations=21 (full 4):
 PSYoungGen      total 385536K, used 376645K [0x00000000d5580000, 0x00000000ef680000, 0x0000000100000000)
  eden space 363520K, 100% used [0x00000000d5580000,0x00000000eb880000,0x00000000eb880000)
  from space 22016K, 59% used [0x00000000ee100000,0x00000000eedd14f8,0x00000000ef680000)
  to   space 31744K, 0% used [0x00000000eb880000,0x00000000eb880000,0x00000000ed780000)
 ParOldGen       total 246784K, used 72900K [0x0000000080000000, 0x000000008f100000, 0x00000000d5580000)
  object space 246784K, 29% used [0x0000000080000000,0x00000000847312e0,0x000000008f100000)
 Metaspace       used 101710K, capacity 106720K, committed 106840K, reserved 1142784K
  class space    used 13402K, capacity 14395K, committed 14464K, reserved 1048576K
Event: 3608.417 GC heap after
Heap after GC invocations=21 (full 4):
 PSYoungGen      total 395264K, used 18369K [0x00000000d5580000, 0x00000000f1e80000, 0x0000000100000000)
  eden space 363520K, 0% used [0x00000000d5580000,0x00000000d5580000,0x00000000eb880000)
  from space 31744K, 57% used [0x00000000eb880000,0x00000000eca70620,0x00000000ed780000)
  to   space 31744K, 0% used [0x00000000eff80000,0x00000000eff80000,0x00000000f1e80000)
 ParOldGen       total 246784K, used 72908K [0x0000000080000000, 0x000000008f100000, 0x00000000d5580000)
  object space 246784K, 29% used [0x0000000080000000,0x00000000847332e0,0x000000008f100000)
 Metaspace       used 101710K, capacity 106720K, committed 106840K, reserved 1142784K
  class space    used 13402K, capacity 14395K, committed 14464K, reserved 1048576K
}
Event: 3614.655 GC heap before
{Heap before GC invocations=22 (full 4):
 PSYoungGen      total 395264K, used 249078K [0x00000000d5580000, 0x00000000f1e80000, 0x0000000100000000)
  eden space 363520K, 63% used [0x00000000d5580000,0x00000000e36cd408,0x00000000eb880000)
  from space 31744K, 57% used [0x00000000eb880000,0x00000000eca70620,0x00000000ed780000)
  to   space 31744K, 0% used [0x00000000eff80000,0x00000000eff80000,0x00000000f1e80000)
 ParOldGen       total 246784K, used 72908K [0x0000000080000000, 0x000000008f100000, 0x00000000d5580000)
  object space 246784K, 29% used [0x0000000080000000,0x00000000847332e0,0x000000008f100000)
 Metaspace       used 106497K, capacity 111662K, committed 111832K, reserved 1146880K
  class space    used 14009K, capacity 15051K, committed 15104K, reserved 1048576K
Event: 3614.676 GC heap after
Heap after GC invocations=22 (full 4):
 PSYoungGen      total 432128K, used 30399K [0x00000000d5580000, 0x00000000f2680000, 0x0000000100000000)
  eden space 400384K, 0% used [0x00000000d5580000,0x00000000d5580000,0x00000000edc80000)
  from space 31744K, 95% used [0x00000000eff80000,0x00000000f1d2fd00,0x00000000f1e80000)
  to   space 35840K, 0% used [0x00000000edc80000,0x00000000edc80000,0x00000000eff80000)
 ParOldGen       total 246784K, used 72916K [0x0000000080000000, 0x000000008f100000, 0x00000000d5580000)
  object space 246784K, 29% used [0x0000000080000000,0x00000000847352e0,0x000000008f100000)
 Metaspace       used 106497K, capacity 111662K, committed 111832K, reserved 1146880K
  class space    used 14009K, capacity 15051K, committed 15104K, reserved 1048576K
}
Event: 3614.676 GC heap before
{Heap before GC invocations=23 (full 5):
 PSYoungGen      total 432128K, used 30399K [0x00000000d5580000, 0x00000000f2680000, 0x0000000100000000)
  eden space 400384K, 0% used [0x00000000d5580000,0x00000000d5580000,0x00000000edc80000)
  from space 31744K, 95% used [0x00000000eff80000,0x00000000f1d2fd00,0x00000000f1e80000)
  to   space 35840K, 0% used [0x00000000edc80000,0x00000000edc80000,0x00000000eff80000)
 ParOldGen       total 246784K, used 72916K [0x0000000080000000, 0x000000008f100000, 0x00000000d5580000)
  object space 246784K, 29% used [0x0000000080000000,0x00000000847352e0,0x000000008f100000)
 Metaspace       used 106497K, capacity 111662K, committed 111832K, reserved 1146880K
  class space    used 14009K, capacity 15051K, committed 15104K, reserved 1048576K
Event: 3614.951 GC heap after
Heap after GC invocations=23 (full 5):
 PSYoungGen      total 432128K, used 0K [0x00000000d5580000, 0x00000000f2680000, 0x0000000100000000)
  eden space 400384K, 0% used [0x00000000d5580000,0x00000000d5580000,0x00000000edc80000)
  from space 31744K, 0% used [0x00000000eff80000,0x00000000eff80000,0x00000000f1e80000)
  to   space 35840K, 0% used [0x00000000edc80000,0x00000000edc80000,0x00000000eff80000)
 ParOldGen       total 246784K, used 74062K [0x0000000080000000, 0x000000008f100000, 0x00000000d5580000)
  object space 246784K, 30% used [0x0000000080000000,0x0000000084853ba8,0x000000008f100000)
 Metaspace       used 105633K, capacity 110228K, committed 111832K, reserved 1146880K
  class space    used 13845K, capacity 14751K, committed 15104K, reserved 1048576K
}
Event: 3617.539 GC heap before
{Heap before GC invocations=24 (full 5):
 PSYoungGen      total 432128K, used 400384K [0x00000000d5580000, 0x00000000f2680000, 0x0000000100000000)
  eden space 400384K, 100% used [0x00000000d5580000,0x00000000edc80000,0x00000000edc80000)
  from space 31744K, 0% used [0x00000000eff80000,0x00000000eff80000,0x00000000f1e80000)
  to   space 35840K, 0% used [0x00000000edc80000,0x00000000edc80000,0x00000000eff80000)
 ParOldGen       total 246784K, used 74062K [0x0000000080000000, 0x000000008f100000, 0x00000000d5580000)
  object space 246784K, 30% used [0x0000000080000000,0x0000000084853ba8,0x000000008f100000)
 Metaspace       used 116360K, capacity 123184K, committed 123352K, reserved 1155072K
  class space    used 15477K, capacity 16777K, committed 16896K, reserved 1048576K
Event: 3617.554 GC heap after
Heap after GC invocations=24 (full 5):
 PSYoungGen      total 436224K, used 13758K [0x00000000d5580000, 0x00000000f2680000, 0x0000000100000000)
  eden space 400384K, 0% used [0x00000000d5580000,0x00000000d5580000,0x00000000edc80000)
  from space 35840K, 38% used [0x00000000edc80000,0x00000000ee9efbe8,0x00000000eff80000)
  to   space 31744K, 0% used [0x00000000eff80000,0x00000000eff80000,0x00000000f1e80000)
 ParOldGen       total 246784K, used 74078K [0x0000000080000000, 0x000000008f100000, 0x00000000d5580000)
  object space 246784K, 30% used [0x0000000080000000,0x0000000084857ba8,0x000000008f100000)
 Metaspace       used 116360K, capacity 123184K, committed 123352K, reserved 1155072K
  class space    used 15477K, capacity 16777K, committed 16896K, reserved 1048576K
}

