# JRE version: OpenJDK Runtime Environment (8.0_242-b01) (build 1.8.0_242-release-1644-b01)
# Java VM: OpenJDK 64-Bit Server VM (25.242-b01 mixed mode windows-amd64 compressed oops)
Heap:
 PSYoungGen      total 377344K, used 128465K [0x00000000d5580000, 0x00000000f0400000, 0x0000000100000000)
  eden space 344576K, 30% used [0x00000000d5580000,0x00000000dba85fe0,0x00000000ea600000)
  from space 32768K, 76% used [0x00000000ea600000,0x00000000ebe6e6e0,0x00000000ec600000)
  to   space 34816K, 0% used [0x00000000ee200000,0x00000000ee200000,0x00000000f0400000)
 ParOldGen       total 187904K, used 69166K [0x0000000080000000, 0x000000008b780000, 0x00000000d5580000)
  object space 187904K, 36% used [0x0000000080000000,0x000000008438bb88,0x000000008b780000)
 Metaspace       used 89600K, capacity 94856K, committed 95000K, reserved 1130496K
  class space    used 12098K, capacity 13041K, committed 13088K, reserved 1048576K
GC Heap History (10 events):
Event: 5.830 GC heap before
{Heap before GC invocations=12 (full 3):
 PSYoungGen      total 298496K, used 14836K [0x00000000d5580000, 0x00000000eb700000, 0x0000000100000000)
  eden space 283648K, 0% used [0x00000000d5580000,0x00000000d5580000,0x00000000e6a80000)
  from space 14848K, 99% used [0x00000000e6a80000,0x00000000e78fd310,0x00000000e7900000)
  to   space 22016K, 0% used [0x00000000ea180000,0x00000000ea180000,0x00000000eb700000)
 ParOldGen       total 117248K, used 29801K [0x0000000080000000, 0x0000000087280000, 0x00000000d5580000)
  object space 117248K, 25% used [0x0000000080000000,0x0000000081d1a4c0,0x0000000087280000)
 Metaspace       used 56760K, capacity 59032K, committed 59160K, reserved 1099776K
  class space    used 7681K, capacity 8141K, committed 8224K, reserved 1048576K
Event: 6.025 GC heap after
Heap after GC invocations=12 (full 3):
 PSYoungGen      total 298496K, used 0K [0x00000000d5580000, 0x00000000eb700000, 0x0000000100000000)
  eden space 283648K, 0% used [0x00000000d5580000,0x00000000d5580000,0x00000000e6a80000)
  from space 14848K, 0% used [0x00000000e6a80000,0x00000000e6a80000,0x00000000e7900000)
  to   space 22016K, 0% used [0x00000000ea180000,0x00000000ea180000,0x00000000eb700000)
 ParOldGen       total 187904K, used 40442K [0x0000000080000000, 0x000000008b780000, 0x00000000d5580000)
  object space 187904K, 21% used [0x0000000080000000,0x000000008277e870,0x000000008b780000)
 Metaspace       used 56711K, capacity 58864K, committed 59160K, reserved 1099776K
  class space    used 7666K, capacity 8113K, committed 8224K, reserved 1048576K
}
Event: 8.156 GC heap before
{Heap before GC invocations=13 (full 3):
 PSYoungGen      total 298496K, used 283648K [0x00000000d5580000, 0x00000000eb700000, 0x0000000100000000)
  eden space 283648K, 100% used [0x00000000d5580000,0x00000000e6a80000,0x00000000e6a80000)
  from space 14848K, 0% used [0x00000000e6a80000,0x00000000e6a80000,0x00000000e7900000)
  to   space 22016K, 0% used [0x00000000ea180000,0x00000000ea180000,0x00000000eb700000)
 ParOldGen       total 187904K, used 40442K [0x0000000080000000, 0x000000008b780000, 0x00000000d5580000)
  object space 187904K, 21% used [0x0000000080000000,0x000000008277e870,0x000000008b780000)
 Metaspace       used 66811K, capacity 70070K, committed 70296K, reserved 1110016K
  class space    used 9176K, capacity 9797K, committed 9888K, reserved 1048576K
Event: 8.175 GC heap after
Heap after GC invocations=13 (full 3):
 PSYoungGen      total 335872K, used 22003K [0x00000000d5580000, 0x00000000ec800000, 0x0000000100000000)
  eden space 313856K, 0% used [0x00000000d5580000,0x00000000d5580000,0x00000000e8800000)
  from space 22016K, 99% used [0x00000000ea180000,0x00000000eb6fcde8,0x00000000eb700000)
  to   space 26112K, 0% used [0x00000000e8800000,0x00000000e8800000,0x00000000ea180000)
 ParOldGen       total 187904K, used 43298K [0x0000000080000000, 0x000000008b780000, 0x00000000d5580000)
  object space 187904K, 23% used [0x0000000080000000,0x0000000082a48a40,0x000000008b780000)
 Metaspace       used 66811K, capacity 70070K, committed 70296K, reserved 1110016K
  class space    used 9176K, capacity 9797K, committed 9888K, reserved 1048576K
}
Event: 55.840 GC heap before
{Heap before GC invocations=14 (full 3):
 PSYoungGen      total 335872K, used 335859K [0x00000000d5580000, 0x00000000ec800000, 0x0000000100000000)
  eden space 313856K, 100% used [0x00000000d5580000,0x00000000e8800000,0x00000000e8800000)
  from space 22016K, 99% used [0x00000000ea180000,0x00000000eb6fcde8,0x00000000eb700000)
  to   space 26112K, 0% used [0x00000000e8800000,0x00000000e8800000,0x00000000ea180000)
 ParOldGen       total 187904K, used 43298K [0x0000000080000000, 0x000000008b780000, 0x00000000d5580000)
  object space 187904K, 23% used [0x0000000080000000,0x0000000082a48a40,0x000000008b780000)
 Metaspace       used 77657K, capacity 81380K, committed 81560K, reserved 1120256K
  class space    used 10374K, capacity 11079K, committed 11168K, reserved 1048576K
Event: 55.867 GC heap after
Heap after GC invocations=14 (full 3):
 PSYoungGen      total 339968K, used 26108K [0x00000000d5580000, 0x00000000ef100000, 0x0000000100000000)
  eden space 313856K, 0% used [0x00000000d5580000,0x00000000d5580000,0x00000000e8800000)
  from space 26112K, 99% used [0x00000000e8800000,0x00000000ea17f090,0x00000000ea180000)
  to   space 34304K, 0% used [0x00000000ecf80000,0x00000000ecf80000,0x00000000ef100000)
 ParOldGen       total 187904K, used 55265K [0x0000000080000000, 0x000000008b780000, 0x00000000d5580000)
  object space 187904K, 29% used [0x0000000080000000,0x00000000835f8490,0x000000008b780000)
 Metaspace       used 77657K, capacity 81380K, committed 81560K, reserved 1120256K
  class space    used 10374K, capacity 11079K, committed 11168K, reserved 1048576K
}
Event: 334.279 GC heap before
{Heap before GC invocations=15 (full 3):
 PSYoungGen      total 339968K, used 339964K [0x00000000d5580000, 0x00000000ef100000, 0x0000000100000000)
  eden space 313856K, 100% used [0x00000000d5580000,0x00000000e8800000,0x00000000e8800000)
  from space 26112K, 99% used [0x00000000e8800000,0x00000000ea17f090,0x00000000ea180000)
  to   space 34304K, 0% used [0x00000000ecf80000,0x00000000ecf80000,0x00000000ef100000)
 ParOldGen       total 187904K, used 55265K [0x0000000080000000, 0x000000008b780000, 0x00000000d5580000)
  object space 187904K, 29% used [0x0000000080000000,0x00000000835f8490,0x000000008b780000)
 Metaspace       used 78852K, capacity 82646K, committed 82968K, reserved 1120256K
  class space    used 10456K, capacity 11192K, committed 11296K, reserved 1048576K
Event: 334.298 GC heap after
Heap after GC invocations=15 (full 3):
 PSYoungGen      total 367616K, used 11664K [0x00000000d5580000, 0x00000000ee600000, 0x0000000100000000)
  eden space 344576K, 0% used [0x00000000d5580000,0x00000000d5580000,0x00000000ea600000)
  from space 23040K, 50% used [0x00000000ecf80000,0x00000000edae4020,0x00000000ee600000)
  to   space 32768K, 0% used [0x00000000ea600000,0x00000000ea600000,0x00000000ec600000)
 ParOldGen       total 187904K, used 69158K [0x0000000080000000, 0x000000008b780000, 0x00000000d5580000)
  object space 187904K, 36% used [0x0000000080000000,0x0000000084389b88,0x000000008b780000)
 Metaspace       used 78852K, capacity 82646K, committed 82968K, reserved 1120256K
  class space    used 10456K, capacity 11192K, committed 11296K, reserved 1048576K
}
Event: 434.101 GC heap before
{Heap before GC invocations=16 (full 3):
 PSYoungGen      total 367616K, used 356240K [0x00000000d5580000, 0x00000000ee600000, 0x0000000100000000)
  eden space 344576K, 100% used [0x00000000d5580000,0x00000000ea600000,0x00000000ea600000)
  from space 23040K, 50% used [0x00000000ecf80000,0x00000000edae4020,0x00000000ee600000)
  to   space 32768K, 0% used [0x00000000ea600000,0x00000000ea600000,0x00000000ec600000)
 ParOldGen       total 187904K, used 69158K [0x0000000080000000, 0x000000008b780000, 0x00000000d5580000)
  object space 187904K, 36% used [0x0000000080000000,0x0000000084389b88,0x000000008b780000)
 Metaspace       used 80512K, capacity 84644K, committed 84888K, reserved 1122304K
  class space    used 10633K, capacity 11347K, committed 11424K, reserved 1048576K
Event: 434.117 GC heap after
Heap after GC invocations=16 (full 3):
 PSYoungGen      total 377344K, used 25017K [0x00000000d5580000, 0x00000000f0400000, 0x0000000100000000)
  eden space 344576K, 0% used [0x00000000d5580000,0x00000000d5580000,0x00000000ea600000)
  from space 32768K, 76% used [0x00000000ea600000,0x00000000ebe6e6e0,0x00000000ec600000)
  to   space 34816K, 0% used [0x00000000ee200000,0x00000000ee200000,0x00000000f0400000)
 ParOldGen       total 187904K, used 69166K [0x0000000080000000, 0x000000008b780000, 0x00000000d5580000)
  object space 187904K, 36% used [0x0000000080000000,0x000000008438bb88,0x000000008b780000)
 Metaspace       used 80512K, capacity 84644K, committed 84888K, reserved 1122304K
  class space    used 10633K, capacity 11347K, committed 11424K, reserved 1048576K
}

