# JRE version: OpenJDK Runtime Environment (8.0_242-b01) (build 1.8.0_242-release-1644-b01)
# Java VM: OpenJDK 64-Bit Server VM (25.242-b01 mixed mode windows-amd64 compressed oops)
Heap:
 PSYoungGen      total 397312K, used 23695K [0x00000000d5580000, 0x00000000eff80000, 0x0000000100000000)
  eden space 358400K, 6% used [0x00000000d5580000,0x00000000d6ca3dd0,0x00000000eb380000)
  from space 38912K, 0% used [0x00000000eb380000,0x00000000eb380000,0x00000000ed980000)
  to   space 34304K, 0% used [0x00000000edb80000,0x00000000edb80000,0x00000000efd00000)
 ParOldGen       total 184832K, used 82418K [0x0000000080000000, 0x000000008b480000, 0x00000000d5580000)
  object space 184832K, 44% used [0x0000000080000000,0x000000008507cbb0,0x000000008b480000)
 Metaspace       used 95097K, capacity 99944K, committed 100248K, reserved 1136640K
  class space    used 12694K, capacity 13661K, committed 13744K, reserved 1048576K
GC Heap History (10 events):
Event: 9.683 GC heap before
{Heap before GC invocations=13 (full 3):
 PSYoungGen      total 301568K, used 286720K [0x00000000d5580000, 0x00000000eba80000, 0x0000000100000000)
  eden space 286720K, 100% used [0x00000000d5580000,0x00000000e6d80000,0x00000000e6d80000)
  from space 14848K, 0% used [0x00000000e6d80000,0x00000000e6d80000,0x00000000e7c00000)
  to   space 22016K, 0% used [0x00000000ea500000,0x00000000ea500000,0x00000000eba80000)
 ParOldGen       total 184832K, used 40477K [0x0000000080000000, 0x000000008b480000, 0x00000000d5580000)
  object space 184832K, 21% used [0x0000000080000000,0x00000000827876e0,0x000000008b480000)
 Metaspace       used 67260K, capacity 70402K, committed 70552K, reserved 1110016K
  class space    used 9221K, capacity 9837K, committed 9904K, reserved 1048576K
Event: 9.706 GC heap after
Heap after GC invocations=13 (full 3):
 PSYoungGen      total 339968K, used 21992K [0x00000000d5580000, 0x00000000ecb80000, 0x0000000100000000)
  eden space 317952K, 0% used [0x00000000d5580000,0x00000000d5580000,0x00000000e8c00000)
  from space 22016K, 99% used [0x00000000ea500000,0x00000000eba7a3d0,0x00000000eba80000)
  to   space 25600K, 0% used [0x00000000e8c00000,0x00000000e8c00000,0x00000000ea500000)
 ParOldGen       total 184832K, used 42526K [0x0000000080000000, 0x000000008b480000, 0x00000000d5580000)
  object space 184832K, 23% used [0x0000000080000000,0x0000000082987ab8,0x000000008b480000)
 Metaspace       used 67260K, capacity 70402K, committed 70552K, reserved 1110016K
  class space    used 9221K, capacity 9837K, committed 9904K, reserved 1048576K
}
Event: 11.733 GC heap before
{Heap before GC invocations=14 (full 3):
 PSYoungGen      total 339968K, used 339944K [0x00000000d5580000, 0x00000000ecb80000, 0x0000000100000000)
  eden space 317952K, 100% used [0x00000000d5580000,0x00000000e8c00000,0x00000000e8c00000)
  from space 22016K, 99% used [0x00000000ea500000,0x00000000eba7a3d0,0x00000000eba80000)
  to   space 25600K, 0% used [0x00000000e8c00000,0x00000000e8c00000,0x00000000ea500000)
 ParOldGen       total 184832K, used 42526K [0x0000000080000000, 0x000000008b480000, 0x00000000d5580000)
  object space 184832K, 23% used [0x0000000080000000,0x0000000082987ab8,0x000000008b480000)
 Metaspace       used 76980K, capacity 80458K, committed 80664K, reserved 1118208K
  class space    used 10350K, capacity 11006K, committed 11056K, reserved 1048576K
Event: 11.758 GC heap after
Heap after GC invocations=14 (full 3):
 PSYoungGen      total 343552K, used 25582K [0x00000000d5580000, 0x00000000efd00000, 0x0000000100000000)
  eden space 317952K, 0% used [0x00000000d5580000,0x00000000d5580000,0x00000000e8c00000)
  from space 25600K, 99% used [0x00000000e8c00000,0x00000000ea4fbb30,0x00000000ea500000)
  to   space 34304K, 0% used [0x00000000edb80000,0x00000000edb80000,0x00000000efd00000)
 ParOldGen       total 184832K, used 55979K [0x0000000080000000, 0x000000008b480000, 0x00000000d5580000)
  object space 184832K, 30% used [0x0000000080000000,0x00000000836aaf58,0x000000008b480000)
 Metaspace       used 76980K, capacity 80458K, committed 80664K, reserved 1118208K
  class space    used 10350K, capacity 11006K, committed 11056K, reserved 1048576K
}
Event: 19.212 GC heap before
{Heap before GC invocations=15 (full 3):
 PSYoungGen      total 343552K, used 343534K [0x00000000d5580000, 0x00000000efd00000, 0x0000000100000000)
  eden space 317952K, 100% used [0x00000000d5580000,0x00000000e8c00000,0x00000000e8c00000)
  from space 25600K, 99% used [0x00000000e8c00000,0x00000000ea4fbb30,0x00000000ea500000)
  to   space 34304K, 0% used [0x00000000edb80000,0x00000000edb80000,0x00000000efd00000)
 ParOldGen       total 184832K, used 55979K [0x0000000080000000, 0x000000008b480000, 0x00000000d5580000)
  object space 184832K, 30% used [0x0000000080000000,0x00000000836aaf58,0x000000008b480000)
 Metaspace       used 85311K, capacity 89436K, committed 89624K, reserved 1126400K
  class space    used 11406K, capacity 12213K, committed 12336K, reserved 1048576K
Event: 19.251 GC heap after
Heap after GC invocations=15 (full 3):
 PSYoungGen      total 392704K, used 32385K [0x00000000d5580000, 0x00000000eff80000, 0x0000000100000000)
  eden space 358400K, 0% used [0x00000000d5580000,0x00000000d5580000,0x00000000eb380000)
  from space 34304K, 94% used [0x00000000edb80000,0x00000000efb206e8,0x00000000efd00000)
  to   space 38912K, 0% used [0x00000000eb380000,0x00000000eb380000,0x00000000ed980000)
 ParOldGen       total 184832K, used 69694K [0x0000000080000000, 0x000000008b480000, 0x00000000d5580000)
  object space 184832K, 37% used [0x0000000080000000,0x000000008440f968,0x000000008b480000)
 Metaspace       used 85311K, capacity 89436K, committed 89624K, reserved 1126400K
  class space    used 11406K, capacity 12213K, committed 12336K, reserved 1048576K
}
Event: 57.775 GC heap before
{Heap before GC invocations=16 (full 3):
 PSYoungGen      total 392704K, used 217126K [0x00000000d5580000, 0x00000000eff80000, 0x0000000100000000)
  eden space 358400K, 51% used [0x00000000d5580000,0x00000000e09e9490,0x00000000eb380000)
  from space 34304K, 94% used [0x00000000edb80000,0x00000000efb206e8,0x00000000efd00000)
  to   space 38912K, 0% used [0x00000000eb380000,0x00000000eb380000,0x00000000ed980000)
 ParOldGen       total 184832K, used 69694K [0x0000000080000000, 0x000000008b480000, 0x00000000d5580000)
  object space 184832K, 37% used [0x0000000080000000,0x000000008440f968,0x000000008b480000)
 Metaspace       used 93697K, capacity 98520K, committed 98600K, reserved 1134592K
  class space    used 12511K, capacity 13484K, committed 13488K, reserved 1048576K
Event: 57.801 GC heap after
Heap after GC invocations=16 (full 3):
 PSYoungGen      total 397312K, used 38901K [0x00000000d5580000, 0x00000000eff80000, 0x0000000100000000)
  eden space 358400K, 0% used [0x00000000d5580000,0x00000000d5580000,0x00000000eb380000)
  from space 38912K, 99% used [0x00000000eb380000,0x00000000ed97d420,0x00000000ed980000)
  to   space 34304K, 0% used [0x00000000edb80000,0x00000000edb80000,0x00000000efd00000)
 ParOldGen       total 184832K, used 72430K [0x0000000080000000, 0x000000008b480000, 0x00000000d5580000)
  object space 184832K, 39% used [0x0000000080000000,0x00000000846bbb78,0x000000008b480000)
 Metaspace       used 93697K, capacity 98520K, committed 98600K, reserved 1134592K
  class space    used 12511K, capacity 13484K, committed 13488K, reserved 1048576K
}
Event: 57.801 GC heap before
{Heap before GC invocations=17 (full 4):
 PSYoungGen      total 397312K, used 38901K [0x00000000d5580000, 0x00000000eff80000, 0x0000000100000000)
  eden space 358400K, 0% used [0x00000000d5580000,0x00000000d5580000,0x00000000eb380000)
  from space 38912K, 99% used [0x00000000eb380000,0x00000000ed97d420,0x00000000ed980000)
  to   space 34304K, 0% used [0x00000000edb80000,0x00000000edb80000,0x00000000efd00000)
 ParOldGen       total 184832K, used 72430K [0x0000000080000000, 0x000000008b480000, 0x00000000d5580000)
  object space 184832K, 39% used [0x0000000080000000,0x00000000846bbb78,0x000000008b480000)
 Metaspace       used 93697K, capacity 98520K, committed 98600K, reserved 1134592K
  class space    used 12511K, capacity 13484K, committed 13488K, reserved 1048576K
Event: 57.983 GC heap after
Heap after GC invocations=17 (full 4):
 PSYoungGen      total 397312K, used 0K [0x00000000d5580000, 0x00000000eff80000, 0x0000000100000000)
  eden space 358400K, 0% used [0x00000000d5580000,0x00000000d5580000,0x00000000eb380000)
  from space 38912K, 0% used [0x00000000eb380000,0x00000000eb380000,0x00000000ed980000)
  to   space 34304K, 0% used [0x00000000edb80000,0x00000000edb80000,0x00000000efd00000)
 ParOldGen       total 184832K, used 82418K [0x0000000080000000, 0x000000008b480000, 0x00000000d5580000)
  object space 184832K, 44% used [0x0000000080000000,0x000000008507cbb0,0x000000008b480000)
 Metaspace       used 93584K, capacity 98198K, committed 98600K, reserved 1134592K
  class space    used 12476K, capacity 13421K, committed 13488K, reserved 1048576K
}

