# JRE version: OpenJDK Runtime Environment (8.0_242-b01) (build 1.8.0_242-release-1644-b01)
# Java VM: OpenJDK 64-Bit Server VM (25.242-b01 mixed mode windows-amd64 compressed oops)
Heap:
 PSYoungGen      total 329216K, used 110068K [0x00000000d5580000, 0x00000000f0780000, 0x0000000100000000)
  eden space 278016K, 21% used [0x00000000d5580000,0x00000000d8efdea8,0x00000000e6500000)
  from space 51200K, 99% used [0x00000000e6500000,0x00000000e96ff3f0,0x00000000e9700000)
  to   space 62976K, 0% used [0x00000000eca00000,0x00000000eca00000,0x00000000f0780000)
 ParOldGen       total 286208K, used 149441K [0x0000000080000000, 0x0000000091780000, 0x00000000d5580000)
  object space 286208K, 52% used [0x0000000080000000,0x00000000891f0760,0x0000000091780000)
 Metaspace       used 112620K, capacity 120072K, committed 120088K, reserved 1153024K
  class space    used 14799K, capacity 16173K, committed 16176K, reserved 1048576K
GC Heap History (10 events):
Event: 986.735 GC heap before
{Heap before GC invocations=29 (full 4):
 PSYoungGen      total 298496K, used 287163K [0x00000000d5580000, 0x00000000e9c80000, 0x0000000100000000)
  eden space 264704K, 100% used [0x00000000d5580000,0x00000000e5800000,0x00000000e5800000)
  from space 33792K, 66% used [0x00000000e7980000,0x00000000e8f6efc0,0x00000000e9a80000)
  to   space 34304K, 0% used [0x00000000e5800000,0x00000000e5800000,0x00000000e7980000)
 ParOldGen       total 286208K, used 60454K [0x0000000080000000, 0x0000000091780000, 0x00000000d5580000)
  object space 286208K, 21% used [0x0000000080000000,0x0000000083b09b98,0x0000000091780000)
 Metaspace       used 108900K, capacity 115970K, committed 116248K, reserved 1148928K
  class space    used 14492K, capacity 15802K, committed 15920K, reserved 1048576K
Event: 986.780 GC heap after
Heap after GC invocations=29 (full 4):
 PSYoungGen      total 299008K, used 34300K [0x00000000d5580000, 0x00000000ec600000, 0x0000000100000000)
  eden space 264704K, 0% used [0x00000000d5580000,0x00000000d5580000,0x00000000e5800000)
  from space 34304K, 99% used [0x00000000e5800000,0x00000000e797f330,0x00000000e7980000)
  to   space 48128K, 0% used [0x00000000e9700000,0x00000000e9700000,0x00000000ec600000)
 ParOldGen       total 286208K, used 85962K [0x0000000080000000, 0x0000000091780000, 0x00000000d5580000)
  object space 286208K, 30% used [0x0000000080000000,0x00000000853f28f8,0x0000000091780000)
 Metaspace       used 108900K, capacity 115970K, committed 116248K, reserved 1148928K
  class space    used 14492K, capacity 15802K, committed 15920K, reserved 1048576K
}
Event: 987.825 GC heap before
{Heap before GC invocations=30 (full 4):
 PSYoungGen      total 299008K, used 299004K [0x00000000d5580000, 0x00000000ec600000, 0x0000000100000000)
  eden space 264704K, 100% used [0x00000000d5580000,0x00000000e5800000,0x00000000e5800000)
  from space 34304K, 99% used [0x00000000e5800000,0x00000000e797f330,0x00000000e7980000)
  to   space 48128K, 0% used [0x00000000e9700000,0x00000000e9700000,0x00000000ec600000)
 ParOldGen       total 286208K, used 85962K [0x0000000080000000, 0x0000000091780000, 0x00000000d5580000)
  object space 286208K, 30% used [0x0000000080000000,0x00000000853f28f8,0x0000000091780000)
 Metaspace       used 110079K, capacity 117254K, committed 117400K, reserved 1150976K
  class space    used 14627K, capacity 15956K, committed 16048K, reserved 1048576K
Event: 987.863 GC heap after
Heap after GC invocations=30 (full 4):
 PSYoungGen      total 326144K, used 37342K [0x00000000d5580000, 0x00000000ed380000, 0x0000000100000000)
  eden space 278016K, 0% used [0x00000000d5580000,0x00000000d5580000,0x00000000e6500000)
  from space 48128K, 77% used [0x00000000e9700000,0x00000000ebb77880,0x00000000ec600000)
  to   space 51200K, 0% used [0x00000000e6500000,0x00000000e6500000,0x00000000e9700000)
 ParOldGen       total 286208K, used 85970K [0x0000000080000000, 0x0000000091780000, 0x00000000d5580000)
  object space 286208K, 30% used [0x0000000080000000,0x00000000853f48f8,0x0000000091780000)
 Metaspace       used 110079K, capacity 117254K, committed 117400K, reserved 1150976K
  class space    used 14627K, capacity 15956K, committed 16048K, reserved 1048576K
}
Event: 988.542 GC heap before
{Heap before GC invocations=31 (full 4):
 PSYoungGen      total 326144K, used 315358K [0x00000000d5580000, 0x00000000ed380000, 0x0000000100000000)
  eden space 278016K, 100% used [0x00000000d5580000,0x00000000e6500000,0x00000000e6500000)
  from space 48128K, 77% used [0x00000000e9700000,0x00000000ebb77880,0x00000000ec600000)
  to   space 51200K, 0% used [0x00000000e6500000,0x00000000e6500000,0x00000000e9700000)
 ParOldGen       total 286208K, used 85970K [0x0000000080000000, 0x0000000091780000, 0x00000000d5580000)
  object space 286208K, 30% used [0x0000000080000000,0x00000000853f48f8,0x0000000091780000)
 Metaspace       used 111173K, capacity 118496K, committed 118808K, reserved 1153024K
  class space    used 14744K, capacity 16073K, committed 16176K, reserved 1048576K
Event: 988.611 GC heap after
Heap after GC invocations=31 (full 4):
 PSYoungGen      total 329216K, used 51196K [0x00000000d5580000, 0x00000000f0780000, 0x0000000100000000)
  eden space 278016K, 0% used [0x00000000d5580000,0x00000000d5580000,0x00000000e6500000)
  from space 51200K, 99% used [0x00000000e6500000,0x00000000e96ff1d0,0x00000000e9700000)
  to   space 62976K, 0% used [0x00000000eca00000,0x00000000eca00000,0x00000000f0780000)
 ParOldGen       total 286208K, used 96553K [0x0000000080000000, 0x0000000091780000, 0x00000000d5580000)
  object space 286208K, 33% used [0x0000000080000000,0x0000000085e4a4e0,0x0000000091780000)
 Metaspace       used 111173K, capacity 118496K, committed 118808K, reserved 1153024K
  class space    used 14744K, capacity 16073K, committed 16176K, reserved 1048576K
}
Event: 989.312 GC heap before
{Heap before GC invocations=32 (full 4):
 PSYoungGen      total 329216K, used 329212K [0x00000000d5580000, 0x00000000f0780000, 0x0000000100000000)
  eden space 278016K, 100% used [0x00000000d5580000,0x00000000e6500000,0x00000000e6500000)
  from space 51200K, 99% used [0x00000000e6500000,0x00000000e96ff1d0,0x00000000e9700000)
  to   space 62976K, 0% used [0x00000000eca00000,0x00000000eca00000,0x00000000f0780000)
 ParOldGen       total 286208K, used 96553K [0x0000000080000000, 0x0000000091780000, 0x00000000d5580000)
  object space 286208K, 33% used [0x0000000080000000,0x0000000085e4a4e0,0x0000000091780000)
 Metaspace       used 111749K, capacity 119076K, committed 119320K, reserved 1153024K
  class space    used 14780K, capacity 16127K, committed 16176K, reserved 1048576K
Event: 989.378 GC heap after
Heap after GC invocations=32 (full 4):
 PSYoungGen      total 340992K, used 62954K [0x00000000d5580000, 0x00000000f0780000, 0x0000000100000000)
  eden space 278016K, 0% used [0x00000000d5580000,0x00000000d5580000,0x00000000e6500000)
  from space 62976K, 99% used [0x00000000eca00000,0x00000000f077a930,0x00000000f0780000)
  to   space 51200K, 0% used [0x00000000e6500000,0x00000000e6500000,0x00000000e9700000)
 ParOldGen       total 286208K, used 114250K [0x0000000080000000, 0x0000000091780000, 0x00000000d5580000)
  object space 286208K, 39% used [0x0000000080000000,0x0000000086f92ae8,0x0000000091780000)
 Metaspace       used 111749K, capacity 119076K, committed 119320K, reserved 1153024K
  class space    used 14780K, capacity 16127K, committed 16176K, reserved 1048576K
}
Event: 989.888 GC heap before
{Heap before GC invocations=33 (full 4):
 PSYoungGen      total 340992K, used 340970K [0x00000000d5580000, 0x00000000f0780000, 0x0000000100000000)
  eden space 278016K, 100% used [0x00000000d5580000,0x00000000e6500000,0x00000000e6500000)
  from space 62976K, 99% used [0x00000000eca00000,0x00000000f077a930,0x00000000f0780000)
  to   space 51200K, 0% used [0x00000000e6500000,0x00000000e6500000,0x00000000e9700000)
 ParOldGen       total 286208K, used 114250K [0x0000000080000000, 0x0000000091780000, 0x00000000d5580000)
  object space 286208K, 39% used [0x0000000080000000,0x0000000086f92ae8,0x0000000091780000)
 Metaspace       used 112595K, capacity 120072K, committed 120088K, reserved 1153024K
  class space    used 14799K, capacity 16173K, committed 16176K, reserved 1048576K
Event: 989.952 GC heap after
Heap after GC invocations=33 (full 4):
 PSYoungGen      total 329216K, used 51196K [0x00000000d5580000, 0x00000000f0780000, 0x0000000100000000)
  eden space 278016K, 0% used [0x00000000d5580000,0x00000000d5580000,0x00000000e6500000)
  from space 51200K, 99% used [0x00000000e6500000,0x00000000e96ff3f0,0x00000000e9700000)
  to   space 62976K, 0% used [0x00000000eca00000,0x00000000eca00000,0x00000000f0780000)
 ParOldGen       total 286208K, used 149441K [0x0000000080000000, 0x0000000091780000, 0x00000000d5580000)
  object space 286208K, 52% used [0x0000000080000000,0x00000000891f0760,0x0000000091780000)
 Metaspace       used 112595K, capacity 120072K, committed 120088K, reserved 1153024K
  class space    used 14799K, capacity 16173K, committed 16176K, reserved 1048576K
}

