# JRE version: OpenJDK Runtime Environment (8.0_242-b01) (build 1.8.0_242-release-1644-b01)
# Java VM: OpenJDK 64-Bit Server VM (25.242-b01 mixed mode windows-amd64 compressed oops)
Heap:
 PSYoungGen      total 513024K, used 223179K [0x00000000d5580000, 0x00000000f9400000, 0x0000000100000000)
  eden space 441344K, 42% used [0x00000000d5580000,0x00000000e0e6d318,0x00000000f0480000)
  from space 71680K, 47% used [0x00000000f4880000,0x00000000f6985b00,0x00000000f8e80000)
  to   space 69632K, 0% used [0x00000000f0480000,0x00000000f0480000,0x00000000f4880000)
 ParOldGen       total 368128K, used 151308K [0x0000000080000000, 0x0000000096780000, 0x00000000d5580000)
  object space 368128K, 41% used [0x0000000080000000,0x00000000893c31e8,0x0000000096780000)
 Metaspace       used 99579K, capacity 104490K, committed 104664K, reserved 1140736K
  class space    used 13091K, capacity 14039K, committed 14080K, reserved 1048576K
GC Heap History (10 events):
Event: 197.424 GC heap before
{Heap before GC invocations=14 (full 3):
 PSYoungGen      total 342528K, used 342520K [0x00000000d5580000, 0x00000000edc00000, 0x0000000100000000)
  eden space 321024K, 100% used [0x00000000d5580000,0x00000000e8f00000,0x00000000e8f00000)
  from space 21504K, 99% used [0x00000000ea880000,0x00000000ebd7e000,0x00000000ebd80000)
  to   space 26112K, 0% used [0x00000000e8f00000,0x00000000e8f00000,0x00000000ea880000)
 ParOldGen       total 174080K, used 42331K [0x0000000080000000, 0x000000008aa00000, 0x00000000d5580000)
  object space 174080K, 24% used [0x0000000080000000,0x0000000082956c08,0x000000008aa00000)
 Metaspace       used 76927K, capacity 80946K, committed 81112K, reserved 1120256K
  class space    used 10111K, capacity 10882K, committed 11008K, reserved 1048576K
Event: 197.449 GC heap after
Heap after GC invocations=14 (full 3):
 PSYoungGen      total 347136K, used 26090K [0x00000000d5580000, 0x00000000f0800000, 0x0000000100000000)
  eden space 321024K, 0% used [0x00000000d5580000,0x00000000d5580000,0x00000000e8f00000)
  from space 26112K, 99% used [0x00000000e8f00000,0x00000000ea87a940,0x00000000ea880000)
  to   space 38912K, 0% used [0x00000000ee200000,0x00000000ee200000,0x00000000f0800000)
 ParOldGen       total 174080K, used 67030K [0x0000000080000000, 0x000000008aa00000, 0x00000000d5580000)
  object space 174080K, 38% used [0x0000000080000000,0x0000000084175b38,0x000000008aa00000)
 Metaspace       used 76927K, capacity 80946K, committed 81112K, reserved 1120256K
  class space    used 10111K, capacity 10882K, committed 11008K, reserved 1048576K
}
Event: 199.502 GC heap before
{Heap before GC invocations=15 (full 3):
 PSYoungGen      total 347136K, used 347114K [0x00000000d5580000, 0x00000000f0800000, 0x0000000100000000)
  eden space 321024K, 100% used [0x00000000d5580000,0x00000000e8f00000,0x00000000e8f00000)
  from space 26112K, 99% used [0x00000000e8f00000,0x00000000ea87a940,0x00000000ea880000)
  to   space 38912K, 0% used [0x00000000ee200000,0x00000000ee200000,0x00000000f0800000)
 ParOldGen       total 174080K, used 67030K [0x0000000080000000, 0x000000008aa00000, 0x00000000d5580000)
  object space 174080K, 38% used [0x0000000080000000,0x0000000084175b38,0x000000008aa00000)
 Metaspace       used 84486K, capacity 88766K, committed 89048K, reserved 1126400K
  class space    used 11088K, capacity 11938K, committed 12032K, reserved 1048576K
Event: 199.536 GC heap after
Heap after GC invocations=15 (full 3):
 PSYoungGen      total 402944K, used 31060K [0x00000000d5580000, 0x00000000f0e00000, 0x0000000100000000)
  eden space 364032K, 0% used [0x00000000d5580000,0x00000000d5580000,0x00000000eb900000)
  from space 38912K, 79% used [0x00000000ee200000,0x00000000f0055168,0x00000000f0800000)
  to   space 41984K, 0% used [0x00000000eb900000,0x00000000eb900000,0x00000000ee200000)
 ParOldGen       total 174080K, used 91500K [0x0000000080000000, 0x000000008aa00000, 0x00000000d5580000)
  object space 174080K, 52% used [0x0000000080000000,0x000000008595b220,0x000000008aa00000)
 Metaspace       used 84486K, capacity 88766K, committed 89048K, reserved 1126400K
  class space    used 11088K, capacity 11938K, committed 12032K, reserved 1048576K
}
Event: 200.665 GC heap before
{Heap before GC invocations=16 (full 3):
 PSYoungGen      total 402944K, used 395092K [0x00000000d5580000, 0x00000000f0e00000, 0x0000000100000000)
  eden space 364032K, 100% used [0x00000000d5580000,0x00000000eb900000,0x00000000eb900000)
  from space 38912K, 79% used [0x00000000ee200000,0x00000000f0055168,0x00000000f0800000)
  to   space 41984K, 0% used [0x00000000eb900000,0x00000000eb900000,0x00000000ee200000)
 ParOldGen       total 174080K, used 91500K [0x0000000080000000, 0x000000008aa00000, 0x00000000d5580000)
  object space 174080K, 52% used [0x0000000080000000,0x000000008595b220,0x000000008aa00000)
 Metaspace       used 89052K, capacity 93980K, committed 94168K, reserved 1130496K
  class space    used 11795K, capacity 12753K, committed 12800K, reserved 1048576K
Event: 200.738 GC heap after
Heap after GC invocations=16 (full 3):
 PSYoungGen      total 406016K, used 41970K [0x00000000d5580000, 0x00000000f8e80000, 0x0000000100000000)
  eden space 364032K, 0% used [0x00000000d5580000,0x00000000d5580000,0x00000000eb900000)
  from space 41984K, 99% used [0x00000000eb900000,0x00000000ee1fc850,0x00000000ee200000)
  to   space 71680K, 0% used [0x00000000f4880000,0x00000000f4880000,0x00000000f8e80000)
 ParOldGen       total 174080K, used 153478K [0x0000000080000000, 0x000000008aa00000, 0x00000000d5580000)
  object space 174080K, 88% used [0x0000000080000000,0x00000000895e1818,0x000000008aa00000)
 Metaspace       used 89052K, capacity 93980K, committed 94168K, reserved 1130496K
  class space    used 11795K, capacity 12753K, committed 12800K, reserved 1048576K
}
Event: 200.738 GC heap before
{Heap before GC invocations=17 (full 4):
 PSYoungGen      total 406016K, used 41970K [0x00000000d5580000, 0x00000000f8e80000, 0x0000000100000000)
  eden space 364032K, 0% used [0x00000000d5580000,0x00000000d5580000,0x00000000eb900000)
  from space 41984K, 99% used [0x00000000eb900000,0x00000000ee1fc850,0x00000000ee200000)
  to   space 71680K, 0% used [0x00000000f4880000,0x00000000f4880000,0x00000000f8e80000)
 ParOldGen       total 174080K, used 153478K [0x0000000080000000, 0x000000008aa00000, 0x00000000d5580000)
  object space 174080K, 88% used [0x0000000080000000,0x00000000895e1818,0x000000008aa00000)
 Metaspace       used 89052K, capacity 93980K, committed 94168K, reserved 1130496K
  class space    used 11795K, capacity 12753K, committed 12800K, reserved 1048576K
Event: 201.164 GC heap after
Heap after GC invocations=17 (full 4):
 PSYoungGen      total 406016K, used 0K [0x00000000d5580000, 0x00000000f8e80000, 0x0000000100000000)
  eden space 364032K, 0% used [0x00000000d5580000,0x00000000d5580000,0x00000000eb900000)
  from space 41984K, 0% used [0x00000000eb900000,0x00000000eb900000,0x00000000ee200000)
  to   space 71680K, 0% used [0x00000000f4880000,0x00000000f4880000,0x00000000f8e80000)
 ParOldGen       total 368128K, used 151300K [0x0000000080000000, 0x0000000096780000, 0x00000000d5580000)
  object space 368128K, 41% used [0x0000000080000000,0x00000000893c11e8,0x0000000096780000)
 Metaspace       used 88774K, capacity 93146K, committed 94168K, reserved 1130496K
  class space    used 11707K, capacity 12570K, committed 12800K, reserved 1048576K
}
Event: 203.452 GC heap before
{Heap before GC invocations=18 (full 4):
 PSYoungGen      total 406016K, used 355320K [0x00000000d5580000, 0x00000000f8e80000, 0x0000000100000000)
  eden space 364032K, 97% used [0x00000000d5580000,0x00000000eb07e298,0x00000000eb900000)
  from space 41984K, 0% used [0x00000000eb900000,0x00000000eb900000,0x00000000ee200000)
  to   space 71680K, 0% used [0x00000000f4880000,0x00000000f4880000,0x00000000f8e80000)
 ParOldGen       total 368128K, used 151300K [0x0000000080000000, 0x0000000096780000, 0x00000000d5580000)
  object space 368128K, 41% used [0x0000000080000000,0x00000000893c11e8,0x0000000096780000)
 Metaspace       used 93782K, capacity 98340K, committed 98776K, reserved 1134592K
  class space    used 12340K, capacity 13238K, committed 13312K, reserved 1048576K
Event: 203.505 GC heap after
Heap after GC invocations=18 (full 4):
 PSYoungGen      total 513024K, used 33814K [0x00000000d5580000, 0x00000000f9400000, 0x0000000100000000)
  eden space 441344K, 0% used [0x00000000d5580000,0x00000000d5580000,0x00000000f0480000)
  from space 71680K, 47% used [0x00000000f4880000,0x00000000f6985b00,0x00000000f8e80000)
  to   space 69632K, 0% used [0x00000000f0480000,0x00000000f0480000,0x00000000f4880000)
 ParOldGen       total 368128K, used 151308K [0x0000000080000000, 0x0000000096780000, 0x00000000d5580000)
  object space 368128K, 41% used [0x0000000080000000,0x00000000893c31e8,0x0000000096780000)
 Metaspace       used 93782K, capacity 98340K, committed 98776K, reserved 1134592K
  class space    used 12340K, capacity 13238K, committed 13312K, reserved 1048576K
}

